2026-07-22 15:12:55,358 INFO HTTP Request: GET http://localhost:3000/api/bot/configs "HTTP/1.1 200 OK"
2026-07-22 15:12:55,400 INFO \u0110ã kh\u1edfi \u0111\u1ed9ng runtime riêng cho shop 9
2026-07-22 15:12:58,046 INFO HTTP Request: GET http://localhost:3000/api/bot/config "HTTP/1.1 200 OK"
2026-07-22 15:12:58,495 INFO HTTP Request: GET http://localhost:3000/api/bot/configs "HTTP/1.1 200 OK"
2026-07-22 15:13:00,228 INFO Start polling
2026-07-22 15:13:00,300 INFO HTTP Request: GET http://localhost:3000/api/bot/orders?status=PAID "HTTP/1.1 200 OK"
2026-07-22 15:13:00,423 INFO HTTP Request: POST http://localhost:3000/api/bot/orders/expire "HTTP/1.1 200 OK"
2026-07-22 15:13:00,453 INFO HTTP Request: GET http://localhost:3000/api/bot/products "HTTP/1.1 200 OK"
2026-07-22 15:13:00,473 INFO Run polling for bot @dhasjdh_bot id=8220761669 - 'Qu\u1ea3n lý'
2026-07-22 15:13:00,962 INFO Run polling for bot @n8nphancongtribot id=8723246369 - 's\u1ea3n ph\u1ea9m'
2026-07-22 15:13:01,578 INFO HTTP Request: GET http://localhost:3000/api/bot/configs "HTTP/1.1 200 OK"
2026-07-22 15:13:04,640 INFO HTTP Request: GET http://localhost:3000/api/bot/configs "HTTP/1.1 200 OK"
2026-07-22 15:13:05,369 INFO HTTP Request: GET http://localhost:3000/api/bot/orders?status=PAID "HTTP/1.1 200 OK"
2026-07-22 15:13:05,503 INFO HTTP Request: POST http://localhost:3000/api/bot/orders/expire "HTTP/1.1 200 OK"
2026-07-22 15:13:05,573 INFO HTTP Request: GET http://localhost:3000/api/bot/products "HTTP/1.1 200 OK"
2026-07-22 15:13:07,695 INFO HTTP Request: GET http://localhost:3000/api/bot/configs "HTTP/1.1 200 OK"
2026-07-22 15:13:10,423 INFO HTTP Request: GET http://localhost:3000/api/bot/orders?status=PAID "HTTP/1.1 200 OK"
2026-07-22 15:13:10,566 INFO HTTP Request: POST http://localhost:3000/api/bot/orders/expire "HTTP/1.1 200 OK"
2026-07-22 15:13:10,658 INFO HTTP Request: GET http://localhost:3000/api/bot/products "HTTP/1.1 200 OK"
2026-07-22 15:13:10,740 INFO HTTP Request: GET http://localhost:3000/api/bot/configs "HTTP/1.1 200 OK"
2026-07-22 15:13:13,804 INFO HTTP Request: GET http://localhost:3000/api/bot/configs "HTTP/1.1 200 OK"
2026-07-22 15:13:15,483 INFO HTTP Request: GET http://localhost:3000/api/bot/orders?status=PAID "HTTP/1.1 200 OK"
2026-07-22 15:13:15,623 INFO HTTP Request: POST http://localhost:3000/api/bot/orders/expire "HTTP/1.1 200 OK"
2026-07-22 15:13:15,695 INFO HTTP Request: GET http://localhost:3000/api/bot/products "HTTP/1.1 200 OK"
2026-07-22 15:13:16,857 INFO HTTP Request: GET http://localhost:3000/api/bot/configs "HTTP/1.1 200 OK"
2026-07-22 15:13:19,917 INFO HTTP Request: GET http://localhost:3000/api/bot/configs "HTTP/1.1 200 OK"
2026-07-22 15:13:20,550 INFO HTTP Request: GET http://localhost:3000/api/bot/orders?status=PAID "HTTP/1.1 200 OK"
2026-07-22 15:13:20,682 INFO HTTP Request: POST http://localhost:3000/api/bot/orders/expire "HTTP/1.1 200 OK"
2026-07-22 15:13:20,774 INFO HTTP Request: GET http://localhost:3000/api/bot/products "HTTP/1.1 200 OK"
2026-07-22 15:13:22,974 INFO HTTP Request: GET http://localhost:3000/api/bot/configs "HTTP/1.1 200 OK"
2026-07-22 15:13:25,600 INFO HTTP Request: GET http://localhost:3000/api/bot/orders?status=PAID "HTTP/1.1 200 OK"
2026-07-22 15:13:25,750 INFO HTTP Request: POST http://localhost:3000/api/bot/orders/expire "HTTP/1.1 200 OK"
2026-07-22 15:13:25,837 INFO HTTP Request: GET http://localhost:3000/api/bot/products "HTTP/1.1 200 OK"
2026-07-22 15:13:26,025 INFO HTTP Request: GET http://localhost:3000/api/bot/configs "HTTP/1.1 200 OK"
2026-07-22 15:13:29,084 INFO HTTP Request: GET http://localhost:3000/api/bot/configs "HTTP/1.1 200 OK"
2026-07-22 15:13:30,643 INFO HTTP Request: GET http://localhost:3000/api/bot/orders?status=PAID "HTTP/1.1 200 OK"
2026-07-22 15:13:30,834 INFO HTTP Request: POST http://localhost:3000/api/bot/orders/expire "HTTP/1.1 200 OK"
2026-07-22 15:13:30,902 INFO HTTP Request: GET http://localhost:3000/api/bot/products "HTTP/1.1 200 OK"
2026-07-22 15:13:32,146 INFO HTTP Request: GET http://localhost:3000/api/bot/configs "HTTP/1.1 200 OK"
2026-07-22 15:13:35,200 INFO HTTP Request: GET http://localhost:3000/api/bot/configs "HTTP/1.1 200 OK"
2026-07-22 15:13:35,695 INFO HTTP Request: GET http://localhost:3000/api/bot/orders?status=PAID "HTTP/1.1 200 OK"
2026-07-22 15:13:35,891 INFO HTTP Request: POST http://localhost:3000/api/bot/orders/expire "HTTP/1.1 200 OK"
2026-07-22 15:13:35,961 INFO HTTP Request: GET http://localhost:3000/api/bot/products "HTTP/1.1 200 OK"
2026-07-22 15:13:38,258 INFO HTTP Request: GET http://localhost:3000/api/bot/configs "HTTP/1.1 200 OK"
2026-07-22 15:13:40,766 INFO HTTP Request: GET http://localhost:3000/api/bot/orders?status=PAID "HTTP/1.1 200 OK"
2026-07-22 15:13:40,950 INFO HTTP Request: POST http://localhost:3000/api/bot/orders/expire "HTTP/1.1 200 OK"
2026-07-22 15:13:41,009 INFO HTTP Request: GET http://localhost:3000/api/bot/products "HTTP/1.1 200 OK"
2026-07-22 15:13:41,325 INFO HTTP Request: GET http://localhost:3000/api/bot/configs "HTTP/1.1 200 OK"
2026-07-22 15:13:44,379 INFO HTTP Request: GET http://localhost:3000/api/bot/configs "HTTP/1.1 200 OK"
2026-07-22 15:13:45,825 INFO HTTP Request: GET http://localhost:3000/api/bot/orders?status=PAID "HTTP/1.1 200 OK"
2026-07-22 15:13:46,003 INFO HTTP Request: POST http://localhost:3000/api/bot/orders/expire "HTTP/1.1 200 OK"
2026-07-22 15:13:46,083 INFO HTTP Request: GET http://localhost:3000/api/bot/products "HTTP/1.1 200 OK"
2026-07-22 15:13:47,442 INFO HTTP Request: GET http://localhost:3000/api/bot/configs "HTTP/1.1 200 OK"
2026-07-22 15:13:50,501 INFO HTTP Request: GET http://localhost:3000/api/bot/configs "HTTP/1.1 200 OK"
2026-07-22 15:13:50,892 INFO HTTP Request: GET http://localhost:3000/api/bot/orders?status=PAID "HTTP/1.1 200 OK"
2026-07-22 15:13:51,058 INFO HTTP Request: POST http://localhost:3000/api/bot/orders/expire "HTTP/1.1 200 OK"
2026-07-22 15:13:51,134 INFO HTTP Request: GET http://localhost:3000/api/bot/products "HTTP/1.1 200 OK"
2026-07-22 15:13:53,568 INFO HTTP Request: GET http://localhost:3000/api/bot/configs "HTTP/1.1 200 OK"
2026-07-22 15:13:55,937 INFO HTTP Request: GET http://localhost:3000/api/bot/orders?status=PAID "HTTP/1.1 200 OK"
2026-07-22 15:13:56,126 INFO HTTP Request: POST http://localhost:3000/api/bot/orders/expire "HTTP/1.1 200 OK"
2026-07-22 15:13:56,193 INFO HTTP Request: GET http://localhost:3000/api/bot/products "HTTP/1.1 200 OK"
2026-07-22 15:13:56,620 INFO HTTP Request: GET http://localhost:3000/api/bot/configs "HTTP/1.1 200 OK"
2026-07-22 15:13:59,685 INFO HTTP Request: GET http://localhost:3000/api/bot/configs "HTTP/1.1 200 OK"
2026-07-22 15:14:00,979 INFO HTTP Request: GET http://localhost:3000/api/bot/orders?status=PAID "HTTP/1.1 200 OK"
2026-07-22 15:14:01,196 INFO HTTP Request: POST http://localhost:3000/api/bot/orders/expire "HTTP/1.1 200 OK"
2026-07-22 15:14:01,262 INFO HTTP Request: GET http://localhost:3000/api/bot/products "HTTP/1.1 200 OK"
2026-07-22 15:14:02,745 INFO HTTP Request: GET http://localhost:3000/api/bot/configs "HTTP/1.1 200 OK"
2026-07-22 15:14:05,803 INFO HTTP Request: GET http://localhost:3000/api/bot/configs "HTTP/1.1 200 OK"
2026-07-22 15:14:06,045 INFO HTTP Request: GET http://localhost:3000/api/bot/orders?status=PAID "HTTP/1.1 200 OK"
2026-07-22 15:14:06,253 INFO HTTP Request: POST http://localhost:3000/api/bot/orders/expire "HTTP/1.1 200 OK"
2026-07-22 15:14:06,337 INFO HTTP Request: GET http://localhost:3000/api/bot/products "HTTP/1.1 200 OK"
2026-07-22 15:14:08,862 INFO HTTP Request: GET http://localhost:3000/api/bot/configs "HTTP/1.1 200 OK"
2026-07-22 15:14:11,108 INFO HTTP Request: GET http://localhost:3000/api/bot/orders?status=PAID "HTTP/1.1 200 OK"
2026-07-22 15:14:11,296 INFO HTTP Request: POST http://localhost:3000/api/bot/orders/expire "HTTP/1.1 200 OK"
2026-07-22 15:14:11,398 INFO HTTP Request: GET http://localhost:3000/api/bot/products "HTTP/1.1 200 OK"
2026-07-22 15:14:11,925 INFO HTTP Request: GET http://localhost:3000/api/bot/configs "HTTP/1.1 200 OK"
2026-07-22 15:14:14,983 INFO HTTP Request: GET http://localhost:3000/api/bot/configs "HTTP/1.1 200 OK"
2026-07-22 15:14:16,171 INFO HTTP Request: GET http://localhost:3000/api/bot/orders?status=PAID "HTTP/1.1 200 OK"
2026-07-22 15:14:16,366 INFO HTTP Request: POST http://localhost:3000/api/bot/orders/expire "HTTP/1.1 200 OK"
2026-07-22 15:14:16,462 INFO HTTP Request: GET http://localhost:3000/api/bot/products "HTTP/1.1 200 OK"
2026-07-22 15:14:18,040 INFO HTTP Request: GET http://localhost:3000/api/bot/configs "HTTP/1.1 200 OK"
2026-07-22 15:14:21,099 INFO HTTP Request: GET http://localhost:3000/api/bot/configs "HTTP/1.1 200 OK"
2026-07-22 15:14:21,258 INFO HTTP Request: GET http://localhost:3000/api/bot/orders?status=PAID "HTTP/1.1 200 OK"
2026-07-22 15:14:21,408 INFO HTTP Request: POST http://localhost:3000/api/bot/orders/expire "HTTP/1.1 200 OK"
2026-07-22 15:14:21,529 INFO HTTP Request: GET http://localhost:3000/api/bot/products "HTTP/1.1 200 OK"
2026-07-22 15:14:24,161 INFO HTTP Request: GET http://localhost:3000/api/bot/configs "HTTP/1.1 200 OK"
2026-07-22 15:14:26,320 INFO HTTP Request: GET http://localhost:3000/api/bot/orders?status=PAID "HTTP/1.1 200 OK"
2026-07-22 15:14:26,453 INFO HTTP Request: POST http://localhost:3000/api/bot/orders/expire "HTTP/1.1 200 OK"
2026-07-22 15:14:26,589 INFO HTTP Request: GET http://localhost:3000/api/bot/products "HTTP/1.1 200 OK"
2026-07-22 15:14:27,221 INFO HTTP Request: GET http://localhost:3000/api/bot/configs "HTTP/1.1 200 OK"
2026-07-22 15:14:30,281 INFO HTTP Request: GET http://localhost:3000/api/bot/configs "HTTP/1.1 200 OK"
2026-07-22 15:14:31,378 INFO HTTP Request: GET http://localhost:3000/api/bot/orders?status=PAID "HTTP/1.1 200 OK"
2026-07-22 15:14:31,522 INFO HTTP Request: POST http://localhost:3000/api/bot/orders/expire "HTTP/1.1 200 OK"
2026-07-22 15:14:31,662 INFO HTTP Request: GET http://localhost:3000/api/bot/products "HTTP/1.1 200 OK"
2026-07-22 15:14:33,339 INFO HTTP Request: GET http://localhost:3000/api/bot/configs "HTTP/1.1 200 OK"
2026-07-22 15:14:36,398 INFO HTTP Request: GET http://localhost:3000/api/bot/configs "HTTP/1.1 200 OK"
2026-07-22 15:14:36,471 INFO HTTP Request: GET http://localhost:3000/api/bot/orders?status=PAID "HTTP/1.1 200 OK"
2026-07-22 15:14:36,571 INFO HTTP Request: POST http://localhost:3000/api/bot/orders/expire "HTTP/1.1 200 OK"
2026-07-22 15:14:36,729 INFO HTTP Request: GET http://localhost:3000/api/bot/products "HTTP/1.1 200 OK"
2026-07-22 15:14:39,471 INFO HTTP Request: GET http://localhost:3000/api/bot/configs "HTTP/1.1 200 OK"
2026-07-22 15:14:41,539 INFO HTTP Request: GET http://localhost:3000/api/bot/orders?status=PAID "HTTP/1.1 200 OK"
2026-07-22 15:14:41,620 INFO HTTP Request: POST http://localhost:3000/api/bot/orders/expire "HTTP/1.1 200 OK"
2026-07-22 15:14:41,798 INFO HTTP Request: GET http://localhost:3000/api/bot/products "HTTP/1.1 200 OK"
2026-07-22 15:14:42,527 INFO HTTP Request: GET http://localhost:3000/api/bot/configs "HTTP/1.1 200 OK"
2026-07-22 15:14:45,586 INFO HTTP Request: GET http://localhost:3000/api/bot/configs "HTTP/1.1 200 OK"
2026-07-22 15:14:46,611 INFO HTTP Request: GET http://localhost:3000/api/bot/orders?status=PAID "HTTP/1.1 200 OK"
2026-07-22 15:14:46,688 INFO HTTP Request: POST http://localhost:3000/api/bot/orders/expire "HTTP/1.1 200 OK"
2026-07-22 15:14:46,854 INFO HTTP Request: GET http://localhost:3000/api/bot/products "HTTP/1.1 200 OK"
2026-07-22 15:14:48,653 INFO HTTP Request: GET http://localhost:3000/api/bot/configs "HTTP/1.1 200 OK"
2026-07-22 15:14:51,664 INFO HTTP Request: GET http://localhost:3000/api/bot/orders?status=PAID "HTTP/1.1 200 OK"
2026-07-22 15:14:51,728 INFO HTTP Request: GET http://localhost:3000/api/bot/configs "HTTP/1.1 200 OK"
2026-07-22 15:14:51,794 INFO HTTP Request: POST http://localhost:3000/api/bot/orders/expire "HTTP/1.1 200 OK"
2026-07-22 15:14:51,911 INFO HTTP Request: GET http://localhost:3000/api/bot/products "HTTP/1.1 200 OK"
2026-07-22 15:14:54,787 INFO HTTP Request: GET http://localhost:3000/api/bot/configs "HTTP/1.1 200 OK"
2026-07-22 15:14:56,729 INFO HTTP Request: GET http://localhost:3000/api/bot/orders?status=PAID "HTTP/1.1 200 OK"
2026-07-22 15:14:56,862 INFO HTTP Request: POST http://localhost:3000/api/bot/orders/expire "HTTP/1.1 200 OK"
2026-07-22 15:14:56,986 INFO HTTP Request: GET http://localhost:3000/api/bot/products "HTTP/1.1 200 OK"
2026-07-22 15:14:57,829 INFO HTTP Request: GET http://localhost:3000/api/bot/configs "HTTP/1.1 200 OK"
2026-07-22 15:15:00,895 INFO HTTP Request: GET http://localhost:3000/api/bot/configs "HTTP/1.1 200 OK"
2026-07-22 15:15:01,771 INFO HTTP Request: GET http://localhost:3000/api/bot/orders?status=PAID "HTTP/1.1 200 OK"
2026-07-22 15:15:01,921 INFO HTTP Request: POST http://localhost:3000/api/bot/orders/expire "HTTP/1.1 200 OK"
2026-07-22 15:15:02,046 INFO HTTP Request: GET http://localhost:3000/api/bot/products "HTTP/1.1 200 OK"
2026-07-22 15:15:03,962 INFO HTTP Request: GET http://localhost:3000/api/bot/configs "HTTP/1.1 200 OK"
2026-07-22 15:15:06,820 INFO HTTP Request: GET http://localhost:3000/api/bot/orders?status=PAID "HTTP/1.1 200 OK"
2026-07-22 15:15:06,972 INFO HTTP Request: POST http://localhost:3000/api/bot/orders/expire "HTTP/1.1 200 OK"
2026-07-22 15:15:07,054 INFO HTTP Request: GET http://localhost:3000/api/bot/configs "HTTP/1.1 200 OK"
2026-07-22 15:15:07,130 INFO HTTP Request: GET http://localhost:3000/api/bot/products "HTTP/1.1 200 OK"
2026-07-22 15:15:10,113 INFO HTTP Request: GET http://localhost:3000/api/bot/configs "HTTP/1.1 200 OK"
2026-07-22 15:15:11,905 INFO HTTP Request: GET http://localhost:3000/api/bot/orders?status=PAID "HTTP/1.1 200 OK"
2026-07-22 15:15:12,031 INFO HTTP Request: POST http://localhost:3000/api/bot/orders/expire "HTTP/1.1 200 OK"
2026-07-22 15:15:12,171 INFO HTTP Request: GET http://localhost:3000/api/bot/products "HTTP/1.1 200 OK"
2026-07-22 15:15:13,181 INFO HTTP Request: GET http://localhost:3000/api/bot/configs "HTTP/1.1 200 OK"
2026-07-22 15:15:16,239 INFO HTTP Request: GET http://localhost:3000/api/bot/configs "HTTP/1.1 200 OK"
2026-07-22 15:15:16,964 INFO HTTP Request: GET http://localhost:3000/api/bot/orders?status=PAID "HTTP/1.1 200 OK"
2026-07-22 15:15:17,105 INFO HTTP Request: POST http://localhost:3000/api/bot/orders/expire "HTTP/1.1 200 OK"
2026-07-22 15:15:17,238 INFO HTTP Request: GET http://localhost:3000/api/bot/products "HTTP/1.1 200 OK"
2026-07-22 15:15:19,310 INFO HTTP Request: GET http://localhost:3000/api/bot/configs "HTTP/1.1 200 OK"
2026-07-22 15:15:22,022 INFO HTTP Request: GET http://localhost:3000/api/bot/orders?status=PAID "HTTP/1.1 200 OK"
2026-07-22 15:15:22,180 INFO HTTP Request: POST http://localhost:3000/api/bot/orders/expire "HTTP/1.1 200 OK"
2026-07-22 15:15:22,302 INFO HTTP Request: GET http://localhost:3000/api/bot/products "HTTP/1.1 200 OK"
2026-07-22 15:15:22,377 INFO HTTP Request: GET http://localhost:3000/api/bot/configs "HTTP/1.1 200 OK"
2026-07-22 15:15:25,447 INFO HTTP Request: GET http://localhost:3000/api/bot/configs "HTTP/1.1 200 OK"
2026-07-22 15:15:27,088 INFO HTTP Request: GET http://localhost:3000/api/bot/orders?status=PAID "HTTP/1.1 200 OK"
2026-07-22 15:15:27,238 INFO HTTP Request: POST http://localhost:3000/api/bot/orders/expire "HTTP/1.1 200 OK"
2026-07-22 15:15:27,354 INFO HTTP Request: GET http://localhost:3000/api/bot/products "HTTP/1.1 200 OK"
2026-07-22 15:15:28,496 INFO HTTP Request: GET http://localhost:3000/api/bot/configs "HTTP/1.1 200 OK"
2026-07-22 15:15:31,554 INFO HTTP Request: GET http://localhost:3000/api/bot/configs "HTTP/1.1 200 OK"
2026-07-22 15:15:32,147 INFO HTTP Request: GET http://localhost:3000/api/bot/orders?status=PAID "HTTP/1.1 200 OK"
2026-07-22 15:15:32,297 INFO HTTP Request: POST http://localhost:3000/api/bot/orders/expire "HTTP/1.1 200 OK"
2026-07-22 15:15:32,430 INFO HTTP Request: GET http://localhost:3000/api/bot/products "HTTP/1.1 200 OK"
2026-07-22 15:15:34,606 INFO HTTP Request: GET http://localhost:3000/api/bot/configs "HTTP/1.1 200 OK"
2026-07-22 15:15:37,214 INFO HTTP Request: GET http://localhost:3000/api/bot/orders?status=PAID "HTTP/1.1 200 OK"
2026-07-22 15:15:37,355 INFO HTTP Request: POST http://localhost:3000/api/bot/orders/expire "HTTP/1.1 200 OK"
2026-07-22 15:15:37,488 INFO HTTP Request: GET http://localhost:3000/api/bot/products "HTTP/1.1 200 OK"
2026-07-22 15:15:37,672 INFO HTTP Request: GET http://localhost:3000/api/bot/configs "HTTP/1.1 200 OK"
2026-07-22 15:15:40,722 INFO HTTP Request: GET http://localhost:3000/api/bot/configs "HTTP/1.1 200 OK"
2026-07-22 15:15:42,280 INFO HTTP Request: GET http://localhost:3000/api/bot/orders?status=PAID "HTTP/1.1 200 OK"
2026-07-22 15:15:42,421 INFO HTTP Request: POST http://localhost:3000/api/bot/orders/expire "HTTP/1.1 200 OK"
2026-07-22 15:15:42,539 INFO HTTP Request: GET http://localhost:3000/api/bot/products "HTTP/1.1 200 OK"
2026-07-22 15:15:43,772 INFO HTTP Request: GET http://localhost:3000/api/bot/configs "HTTP/1.1 200 OK"
2026-07-22 15:15:46,838 INFO HTTP Request: GET http://localhost:3000/api/bot/configs "HTTP/1.1 200 OK"
2026-07-22 15:15:47,348 INFO HTTP Request: GET http://localhost:3000/api/bot/orders?status=PAID "HTTP/1.1 200 OK"
2026-07-22 15:15:47,480 INFO HTTP Request: POST http://localhost:3000/api/bot/orders/expire "HTTP/1.1 200 OK"
2026-07-22 15:15:47,590 INFO HTTP Request: GET http://localhost:3000/api/bot/products "HTTP/1.1 200 OK"
2026-07-22 15:15:49,889 INFO HTTP Request: GET http://localhost:3000/api/bot/configs "HTTP/1.1 200 OK"
2026-07-22 15:15:52,399 INFO HTTP Request: GET http://localhost:3000/api/bot/orders?status=PAID "HTTP/1.1 200 OK"
2026-07-22 15:15:52,539 INFO HTTP Request: POST http://localhost:3000/api/bot/orders/expire "HTTP/1.1 200 OK"
2026-07-22 15:15:52,661 INFO HTTP Request: GET http://localhost:3000/api/bot/products "HTTP/1.1 200 OK"
2026-07-22 15:15:52,939 INFO HTTP Request: GET http://localhost:3000/api/bot/configs "HTTP/1.1 200 OK"
2026-07-22 15:15:55,999 INFO HTTP Request: GET http://localhost:3000/api/bot/configs "HTTP/1.1 200 OK"
2026-07-22 15:15:57,457 INFO HTTP Request: GET http://localhost:3000/api/bot/orders?status=PAID "HTTP/1.1 200 OK"
2026-07-22 15:15:57,597 INFO HTTP Request: POST http://localhost:3000/api/bot/orders/expire "HTTP/1.1 200 OK"
2026-07-22 15:15:57,732 INFO HTTP Request: GET http://localhost:3000/api/bot/products "HTTP/1.1 200 OK"
2026-07-22 15:15:59,055 INFO HTTP Request: GET http://localhost:3000/api/bot/configs "HTTP/1.1 200 OK"
2026-07-22 15:16:02,107 INFO HTTP Request: GET http://localhost:3000/api/bot/configs "HTTP/1.1 200 OK"
2026-07-22 15:16:02,514 INFO HTTP Request: GET http://localhost:3000/api/bot/orders?status=PAID "HTTP/1.1 200 OK"
2026-07-22 15:16:02,657 INFO HTTP Request: POST http://localhost:3000/api/bot/orders/expire "HTTP/1.1 200 OK"
2026-07-22 15:16:02,797 INFO HTTP Request: GET http://localhost:3000/api/bot/products "HTTP/1.1 200 OK"
2026-07-22 15:16:05,172 INFO HTTP Request: GET http://localhost:3000/api/bot/configs "HTTP/1.1 200 OK"
2026-07-22 15:16:07,579 INFO HTTP Request: GET http://localhost:3000/api/bot/orders?status=PAID "HTTP/1.1 200 OK"
2026-07-22 15:16:07,722 INFO HTTP Request: POST http://localhost:3000/api/bot/orders/expire "HTTP/1.1 200 OK"
2026-07-22 15:16:07,847 INFO HTTP Request: GET http://localhost:3000/api/bot/products "HTTP/1.1 200 OK"
2026-07-22 15:16:08,231 INFO HTTP Request: GET http://localhost:3000/api/bot/configs "HTTP/1.1 200 OK"
2026-07-22 15:16:11,288 INFO HTTP Request: GET http://localhost:3000/api/bot/configs "HTTP/1.1 200 OK"
2026-07-22 15:16:12,638 INFO HTTP Request: GET http://localhost:3000/api/bot/orders?status=PAID "HTTP/1.1 200 OK"
2026-07-22 15:16:12,773 INFO HTTP Request: POST http://localhost:3000/api/bot/orders/expire "HTTP/1.1 200 OK"
2026-07-22 15:16:12,922 INFO HTTP Request: GET http://localhost:3000/api/bot/products "HTTP/1.1 200 OK"
2026-07-22 15:16:14,348 INFO HTTP Request: GET http://localhost:3000/api/bot/configs "HTTP/1.1 200 OK"
2026-07-22 15:16:17,415 INFO HTTP Request: GET http://localhost:3000/api/bot/configs "HTTP/1.1 200 OK"
2026-07-22 15:16:17,689 INFO HTTP Request: GET http://localhost:3000/api/bot/orders?status=PAID "HTTP/1.1 200 OK"
2026-07-22 15:16:17,839 INFO HTTP Request: POST http://localhost:3000/api/bot/orders/expire "HTTP/1.1 200 OK"
2026-07-22 15:16:17,965 INFO HTTP Request: GET http://localhost:3000/api/bot/products "HTTP/1.1 200 OK"
2026-07-22 15:16:20,471 INFO HTTP Request: GET http://localhost:3000/api/bot/configs "HTTP/1.1 200 OK"
2026-07-22 15:16:22,746 INFO HTTP Request: GET http://localhost:3000/api/bot/orders?status=PAID "HTTP/1.1 200 OK"
2026-07-22 15:16:22,897 INFO HTTP Request: POST http://localhost:3000/api/bot/orders/expire "HTTP/1.1 200 OK"
2026-07-22 15:16:23,014 INFO HTTP Request: GET http://localhost:3000/api/bot/products "HTTP/1.1 200 OK"
2026-07-22 15:16:23,531 INFO HTTP Request: GET http://localhost:3000/api/bot/configs "HTTP/1.1 200 OK"
2026-07-22 15:16:26,581 INFO HTTP Request: GET http://localhost:3000/api/bot/configs "HTTP/1.1 200 OK"
2026-07-22 15:16:27,805 INFO HTTP Request: GET http://localhost:3000/api/bot/orders?status=PAID "HTTP/1.1 200 OK"
2026-07-22 15:16:27,964 INFO HTTP Request: POST http://localhost:3000/api/bot/orders/expire "HTTP/1.1 200 OK"
2026-07-22 15:16:28,080 INFO HTTP Request: GET http://localhost:3000/api/bot/products "HTTP/1.1 200 OK"
2026-07-22 15:16:29,639 INFO HTTP Request: GET http://localhost:3000/api/bot/configs "HTTP/1.1 200 OK"
2026-07-22 15:16:32,703 INFO HTTP Request: GET http://localhost:3000/api/bot/configs "HTTP/1.1 200 OK"
2026-07-22 15:16:32,889 INFO HTTP Request: GET http://localhost:3000/api/bot/orders?status=PAID "HTTP/1.1 200 OK"
2026-07-22 15:16:33,045 INFO HTTP Request: POST http://localhost:3000/api/bot/orders/expire "HTTP/1.1 200 OK"
2026-07-22 15:16:33,148 INFO HTTP Request: GET http://localhost:3000/api/bot/products "HTTP/1.1 200 OK"
2026-07-22 15:16:35,782 INFO HTTP Request: GET http://localhost:3000/api/bot/configs "HTTP/1.1 200 OK"
2026-07-22 15:16:37,948 INFO HTTP Request: GET http://localhost:3000/api/bot/orders?status=PAID "HTTP/1.1 200 OK"
2026-07-22 15:16:38,106 INFO HTTP Request: POST http://localhost:3000/api/bot/orders/expire "HTTP/1.1 200 OK"
2026-07-22 15:16:38,205 INFO HTTP Request: GET http://localhost:3000/api/bot/products "HTTP/1.1 200 OK"
2026-07-22 15:16:38,848 INFO HTTP Request: GET http://localhost:3000/api/bot/configs "HTTP/1.1 200 OK"
2026-07-22 15:16:41,910 INFO HTTP Request: GET http://localhost:3000/api/bot/configs "HTTP/1.1 200 OK"
2026-07-22 15:16:43,015 INFO HTTP Request: GET http://localhost:3000/api/bot/orders?status=PAID "HTTP/1.1 200 OK"
2026-07-22 15:16:43,181 INFO HTTP Request: POST http://localhost:3000/api/bot/orders/expire "HTTP/1.1 200 OK"
2026-07-22 15:16:43,272 INFO HTTP Request: GET http://localhost:3000/api/bot/products "HTTP/1.1 200 OK"
2026-07-22 15:16:44,981 INFO HTTP Request: GET http://localhost:3000/api/bot/configs "HTTP/1.1 200 OK"
2026-07-22 15:16:48,055 INFO HTTP Request: GET http://localhost:3000/api/bot/configs "HTTP/1.1 200 OK"
2026-07-22 15:16:48,129 INFO HTTP Request: GET http://localhost:3000/api/bot/orders?status=PAID "HTTP/1.1 200 OK"
2026-07-22 15:16:48,256 INFO HTTP Request: POST http://localhost:3000/api/bot/orders/expire "HTTP/1.1 200 OK"
2026-07-22 15:16:48,354 INFO HTTP Request: GET http://localhost:3000/api/bot/products "HTTP/1.1 200 OK"
2026-07-22 15:16:51,121 INFO HTTP Request: GET http://localhost:3000/api/bot/configs "HTTP/1.1 200 OK"
2026-07-22 15:16:53,196 INFO HTTP Request: GET http://localhost:3000/api/bot/orders?status=PAID "HTTP/1.1 200 OK"
2026-07-22 15:16:53,313 INFO HTTP Request: POST http://localhost:3000/api/bot/orders/expire "HTTP/1.1 200 OK"
2026-07-22 15:16:53,431 INFO HTTP Request: GET http://localhost:3000/api/bot/products "HTTP/1.1 200 OK"
2026-07-22 15:16:54,197 INFO HTTP Request: GET http://localhost:3000/api/bot/configs "HTTP/1.1 200 OK"
2026-07-22 15:16:57,266 INFO HTTP Request: GET http://localhost:3000/api/bot/configs "HTTP/1.1 200 OK"
2026-07-22 15:16:58,279 INFO HTTP Request: GET http://localhost:3000/api/bot/orders?status=PAID "HTTP/1.1 200 OK"
2026-07-22 15:16:58,386 INFO HTTP Request: POST http://localhost:3000/api/bot/orders/expire "HTTP/1.1 200 OK"
2026-07-22 15:16:58,505 INFO HTTP Request: GET http://localhost:3000/api/bot/products "HTTP/1.1 200 OK"
2026-07-22 15:17:00,339 INFO HTTP Request: GET http://localhost:3000/api/bot/configs "HTTP/1.1 200 OK"
2026-07-22 15:17:03,342 INFO HTTP Request: GET http://localhost:3000/api/bot/orders?status=PAID "HTTP/1.1 200 OK"
2026-07-22 15:17:03,415 INFO HTTP Request: GET http://localhost:3000/api/bot/configs "HTTP/1.1 200 OK"
2026-07-22 15:17:03,492 INFO HTTP Request: POST http://localhost:3000/api/bot/orders/expire "HTTP/1.1 200 OK"
2026-07-22 15:17:03,565 INFO HTTP Request: GET http://localhost:3000/api/bot/products "HTTP/1.1 200 OK"
2026-07-22 15:17:06,472 INFO HTTP Request: GET http://localhost:3000/api/bot/configs "HTTP/1.1 200 OK"
2026-07-22 15:17:08,406 INFO HTTP Request: GET http://localhost:3000/api/bot/orders?status=PAID "HTTP/1.1 200 OK"
2026-07-22 15:17:08,556 INFO HTTP Request: POST http://localhost:3000/api/bot/orders/expire "HTTP/1.1 200 OK"
2026-07-22 15:17:08,633 INFO HTTP Request: GET http://localhost:3000/api/bot/products "HTTP/1.1 200 OK"
2026-07-22 15:17:09,533 INFO HTTP Request: GET http://localhost:3000/api/bot/configs "HTTP/1.1 200 OK"
2026-07-22 15:17:12,592 INFO HTTP Request: GET http://localhost:3000/api/bot/configs "HTTP/1.1 200 OK"
2026-07-22 15:17:13,459 INFO HTTP Request: GET http://localhost:3000/api/bot/orders?status=PAID "HTTP/1.1 200 OK"
2026-07-22 15:17:13,633 INFO HTTP Request: POST http://localhost:3000/api/bot/orders/expire "HTTP/1.1 200 OK"
2026-07-22 15:17:13,707 INFO HTTP Request: GET http://localhost:3000/api/bot/products "HTTP/1.1 200 OK"
2026-07-22 15:17:15,656 INFO HTTP Request: GET http://localhost:3000/api/bot/configs "HTTP/1.1 200 OK"
2026-07-22 15:17:18,506 INFO HTTP Request: GET http://localhost:3000/api/bot/orders?status=PAID "HTTP/1.1 200 OK"
2026-07-22 15:17:18,706 INFO HTTP Request: POST http://localhost:3000/api/bot/orders/expire "HTTP/1.1 200 OK"
2026-07-22 15:17:18,805 INFO HTTP Request: GET http://localhost:3000/api/bot/configs "HTTP/1.1 200 OK"
2026-07-22 15:17:18,876 INFO HTTP Request: GET http://localhost:3000/api/bot/products "HTTP/1.1 200 OK"
2026-07-22 15:17:21,873 INFO HTTP Request: GET http://localhost:3000/api/bot/configs "HTTP/1.1 200 OK"
2026-07-22 15:17:23,565 INFO HTTP Request: GET http://localhost:3000/api/bot/orders?status=PAID "HTTP/1.1 200 OK"
2026-07-22 15:17:23,773 INFO HTTP Request: POST http://localhost:3000/api/bot/orders/expire "HTTP/1.1 200 OK"
2026-07-22 15:17:23,923 INFO HTTP Request: GET http://localhost:3000/api/bot/products "HTTP/1.1 200 OK"
2026-07-22 15:17:24,932 INFO HTTP Request: GET http://localhost:3000/api/bot/configs "HTTP/1.1 200 OK"
2026-07-22 15:17:27,990 INFO HTTP Request: GET http://localhost:3000/api/bot/configs "HTTP/1.1 200 OK"
2026-07-22 15:17:28,632 INFO HTTP Request: GET http://localhost:3000/api/bot/orders?status=PAID "HTTP/1.1 200 OK"
2026-07-22 15:17:28,823 INFO HTTP Request: POST http://localhost:3000/api/bot/orders/expire "HTTP/1.1 200 OK"
2026-07-22 15:17:28,983 INFO HTTP Request: GET http://localhost:3000/api/bot/products "HTTP/1.1 200 OK"
2026-07-22 15:17:31,065 INFO HTTP Request: GET http://localhost:3000/api/bot/configs "HTTP/1.1 200 OK"
2026-07-22 15:17:33,699 INFO HTTP Request: GET http://localhost:3000/api/bot/orders?status=PAID "HTTP/1.1 200 OK"
2026-07-22 15:17:33,873 INFO HTTP Request: POST http://localhost:3000/api/bot/orders/expire "HTTP/1.1 200 OK"
2026-07-22 15:17:34,041 INFO HTTP Request: GET http://localhost:3000/api/bot/products "HTTP/1.1 200 OK"
2026-07-22 15:17:34,124 INFO HTTP Request: GET http://localhost:3000/api/bot/configs "HTTP/1.1 200 OK"
2026-07-22 15:17:37,284 INFO HTTP Request: GET http://localhost:3000/api/bot/configs "HTTP/1.1 200 OK"
2026-07-22 15:17:38,775 INFO HTTP Request: GET http://localhost:3000/api/bot/orders?status=PAID "HTTP/1.1 200 OK"
2026-07-22 15:17:38,940 INFO HTTP Request: POST http://localhost:3000/api/bot/orders/expire "HTTP/1.1 200 OK"
2026-07-22 15:17:39,107 INFO HTTP Request: GET http://localhost:3000/api/bot/products "HTTP/1.1 200 OK"
2026-07-22 15:17:40,349 INFO HTTP Request: GET http://localhost:3000/api/bot/configs "HTTP/1.1 200 OK"
2026-07-22 15:17:43,492 INFO HTTP Request: GET http://localhost:3000/api/bot/configs "HTTP/1.1 200 OK"
2026-07-22 15:17:43,833 INFO HTTP Request: GET http://localhost:3000/api/bot/orders?status=PAID "HTTP/1.1 200 OK"
2026-07-22 15:17:44,000 INFO HTTP Request: POST http://localhost:3000/api/bot/orders/expire "HTTP/1.1 200 OK"
2026-07-22 15:17:44,166 INFO HTTP Request: GET http://localhost:3000/api/bot/products "HTTP/1.1 200 OK"
2026-07-22 15:17:46,560 INFO HTTP Request: GET http://localhost:3000/api/bot/configs "HTTP/1.1 200 OK"
2026-07-22 15:17:48,882 INFO HTTP Request: GET http://localhost:3000/api/bot/orders?status=PAID "HTTP/1.1 200 OK"
2026-07-22 15:17:49,059 INFO HTTP Request: POST http://localhost:3000/api/bot/orders/expire "HTTP/1.1 200 OK"
2026-07-22 15:17:49,224 INFO HTTP Request: GET http://localhost:3000/api/bot/products "HTTP/1.1 200 OK"
2026-07-22 15:17:49,617 INFO HTTP Request: GET http://localhost:3000/api/bot/configs "HTTP/1.1 200 OK"
2026-07-22 15:17:52,684 INFO HTTP Request: GET http://localhost:3000/api/bot/configs "HTTP/1.1 200 OK"
2026-07-22 15:17:53,959 INFO HTTP Request: GET http://localhost:3000/api/bot/orders?status=PAID "HTTP/1.1 200 OK"
2026-07-22 15:17:54,123 INFO HTTP Request: POST http://localhost:3000/api/bot/orders/expire "HTTP/1.1 200 OK"
2026-07-22 15:17:54,284 INFO HTTP Request: GET http://localhost:3000/api/bot/products "HTTP/1.1 200 OK"
2026-07-22 15:17:55,742 INFO HTTP Request: GET http://localhost:3000/api/bot/configs "HTTP/1.1 200 OK"
2026-07-22 15:17:58,811 INFO HTTP Request: GET http://localhost:3000/api/bot/configs "HTTP/1.1 200 OK"
2026-07-22 15:17:58,999 INFO HTTP Request: GET http://localhost:3000/api/bot/orders?status=PAID "HTTP/1.1 200 OK"
2026-07-22 15:17:59,176 INFO HTTP Request: POST http://localhost:3000/api/bot/orders/expire "HTTP/1.1 200 OK"
2026-07-22 15:17:59,340 INFO HTTP Request: GET http://localhost:3000/api/bot/products "HTTP/1.1 200 OK"
2026-07-22 15:18:01,876 INFO HTTP Request: GET http://localhost:3000/api/bot/configs "HTTP/1.1 200 OK"
2026-07-22 15:18:04,068 INFO HTTP Request: GET http://localhost:3000/api/bot/orders?status=PAID "HTTP/1.1 200 OK"
2026-07-22 15:18:04,257 INFO HTTP Request: POST http://localhost:3000/api/bot/orders/expire "HTTP/1.1 200 OK"
2026-07-22 15:18:04,409 INFO HTTP Request: GET http://localhost:3000/api/bot/products "HTTP/1.1 200 OK"
2026-07-22 15:18:04,926 INFO HTTP Request: GET http://localhost:3000/api/bot/configs "HTTP/1.1 200 OK"
2026-07-22 15:18:07,983 INFO HTTP Request: GET http://localhost:3000/api/bot/configs "HTTP/1.1 200 OK"
2026-07-22 15:18:09,109 INFO HTTP Request: GET http://localhost:3000/api/bot/orders?status=PAID "HTTP/1.1 200 OK"
2026-07-22 15:18:09,299 INFO HTTP Request: POST http://localhost:3000/api/bot/orders/expire "HTTP/1.1 200 OK"
2026-07-22 15:18:09,468 INFO HTTP Request: GET http://localhost:3000/api/bot/products "HTTP/1.1 200 OK"
2026-07-22 15:18:11,043 INFO HTTP Request: GET http://localhost:3000/api/bot/configs "HTTP/1.1 200 OK"
2026-07-22 15:18:14,137 INFO HTTP Request: GET http://localhost:3000/api/bot/configs "HTTP/1.1 200 OK"
2026-07-22 15:18:14,201 INFO HTTP Request: GET http://localhost:3000/api/bot/orders?status=PAID "HTTP/1.1 200 OK"
2026-07-22 15:18:14,349 INFO HTTP Request: POST http://localhost:3000/api/bot/orders/expire "HTTP/1.1 200 OK"
2026-07-22 15:18:14,540 INFO HTTP Request: GET http://localhost:3000/api/bot/products "HTTP/1.1 200 OK"
2026-07-22 15:18:17,186 INFO HTTP Request: GET http://localhost:3000/api/bot/configs "HTTP/1.1 200 OK"
2026-07-22 15:18:19,283 INFO HTTP Request: GET http://localhost:3000/api/bot/orders?status=PAID "HTTP/1.1 200 OK"
2026-07-22 15:18:19,407 INFO HTTP Request: POST http://localhost:3000/api/bot/orders/expire "HTTP/1.1 200 OK"
2026-07-22 15:18:19,633 INFO HTTP Request: GET http://localhost:3000/api/bot/products "HTTP/1.1 200 OK"
2026-07-22 15:18:20,259 INFO HTTP Request: GET http://localhost:3000/api/bot/configs "HTTP/1.1 200 OK"
2026-07-22 15:18:23,325 INFO HTTP Request: GET http://localhost:3000/api/bot/configs "HTTP/1.1 200 OK"
2026-07-22 15:18:24,359 INFO HTTP Request: GET http://localhost:3000/api/bot/orders?status=PAID "HTTP/1.1 200 OK"
2026-07-22 15:18:24,474 INFO HTTP Request: POST http://localhost:3000/api/bot/orders/expire "HTTP/1.1 200 OK"
2026-07-22 15:18:24,726 INFO HTTP Request: GET http://localhost:3000/api/bot/products "HTTP/1.1 200 OK"
2026-07-22 15:18:26,468 INFO HTTP Request: GET http://localhost:3000/api/bot/configs "HTTP/1.1 200 OK"
2026-07-22 15:18:29,442 INFO HTTP Request: GET http://localhost:3000/api/bot/orders?status=PAID "HTTP/1.1 200 OK"
2026-07-22 15:18:29,542 INFO HTTP Request: POST http://localhost:3000/api/bot/orders/expire "HTTP/1.1 200 OK"
2026-07-22 15:18:29,592 INFO HTTP Request: GET http://localhost:3000/api/bot/configs "HTTP/1.1 200 OK"
2026-07-22 15:18:29,807 INFO HTTP Request: GET http://localhost:3000/api/bot/products "HTTP/1.1 200 OK"
2026-07-22 15:18:32,667 INFO HTTP Request: GET http://localhost:3000/api/bot/configs "HTTP/1.1 200 OK"
2026-07-22 15:18:34,499 INFO HTTP Request: GET http://localhost:3000/api/bot/orders?status=PAID "HTTP/1.1 200 OK"
2026-07-22 15:18:34,601 INFO HTTP Request: POST http://localhost:3000/api/bot/orders/expire "HTTP/1.1 200 OK"
2026-07-22 15:18:34,883 INFO HTTP Request: GET http://localhost:3000/api/bot/products "HTTP/1.1 200 OK"
2026-07-22 15:18:35,734 INFO HTTP Request: GET http://localhost:3000/api/bot/configs "HTTP/1.1 200 OK"
2026-07-22 15:18:38,792 INFO HTTP Request: GET http://localhost:3000/api/bot/configs "HTTP/1.1 200 OK"
2026-07-22 15:18:39,560 INFO HTTP Request: GET http://localhost:3000/api/bot/orders?status=PAID "HTTP/1.1 200 OK"
2026-07-22 15:18:39,674 INFO HTTP Request: POST http://localhost:3000/api/bot/orders/expire "HTTP/1.1 200 OK"
2026-07-22 15:18:39,974 INFO HTTP Request: GET http://localhost:3000/api/bot/products "HTTP/1.1 200 OK"
2026-07-22 15:18:41,866 INFO HTTP Request: GET http://localhost:3000/api/bot/configs "HTTP/1.1 200 OK"
2026-07-22 15:18:44,653 INFO HTTP Request: GET http://localhost:3000/api/bot/orders?status=PAID "HTTP/1.1 200 OK"
2026-07-22 15:18:44,738 INFO HTTP Request: POST http://localhost:3000/api/bot/orders/expire "HTTP/1.1 200 OK"
2026-07-22 15:18:44,935 INFO HTTP Request: GET http://localhost:3000/api/bot/configs "HTTP/1.1 200 OK"
2026-07-22 15:18:45,032 INFO HTTP Request: GET http://localhost:3000/api/bot/products "HTTP/1.1 200 OK"
2026-07-22 15:18:48,039 INFO HTTP Request: GET http://localhost:3000/api/bot/configs "HTTP/1.1 200 OK"
2026-07-22 15:18:49,741 INFO HTTP Request: GET http://localhost:3000/api/bot/orders?status=PAID "HTTP/1.1 200 OK"
2026-07-22 15:18:49,838 INFO HTTP Request: POST http://localhost:3000/api/bot/orders/expire "HTTP/1.1 200 OK"
2026-07-22 15:18:50,083 INFO HTTP Request: GET http://localhost:3000/api/bot/products "HTTP/1.1 200 OK"
2026-07-22 15:18:51,091 INFO HTTP Request: GET http://localhost:3000/api/bot/configs "HTTP/1.1 200 OK"
2026-07-22 15:18:54,150 INFO HTTP Request: GET http://localhost:3000/api/bot/configs "HTTP/1.1 200 OK"
2026-07-22 15:18:54,828 INFO HTTP Request: GET http://localhost:3000/api/bot/orders?status=PAID "HTTP/1.1 200 OK"
2026-07-22 15:18:54,891 INFO HTTP Request: POST http://localhost:3000/api/bot/orders/expire "HTTP/1.1 200 OK"
2026-07-22 15:18:55,149 INFO HTTP Request: GET http://localhost:3000/api/bot/products "HTTP/1.1 200 OK"
2026-07-22 15:18:57,216 INFO HTTP Request: GET http://localhost:3000/api/bot/configs "HTTP/1.1 200 OK"
2026-07-22 15:18:59,891 INFO HTTP Request: GET http://localhost:3000/api/bot/orders?status=PAID "HTTP/1.1 200 OK"
2026-07-22 15:18:59,958 INFO HTTP Request: POST http://localhost:3000/api/bot/orders/expire "HTTP/1.1 200 OK"
2026-07-22 15:19:00,217 INFO HTTP Request: GET http://localhost:3000/api/bot/products "HTTP/1.1 200 OK"
2026-07-22 15:19:00,300 INFO HTTP Request: GET http://localhost:3000/api/bot/configs "HTTP/1.1 200 OK"
2026-07-22 15:19:03,350 INFO HTTP Request: GET http://localhost:3000/api/bot/configs "HTTP/1.1 200 OK"
2026-07-22 15:19:04,974 INFO HTTP Request: GET http://localhost:3000/api/bot/orders?status=PAID "HTTP/1.1 200 OK"
2026-07-22 15:19:05,032 INFO HTTP Request: POST http://localhost:3000/api/bot/orders/expire "HTTP/1.1 200 OK"
2026-07-22 15:19:05,282 INFO HTTP Request: GET http://localhost:3000/api/bot/products "HTTP/1.1 200 OK"
2026-07-22 15:19:06,616 INFO HTTP Request: GET http://localhost:3000/api/bot/configs "HTTP/1.1 200 OK"
2026-07-22 15:19:09,668 INFO HTTP Request: GET http://localhost:3000/api/bot/configs "HTTP/1.1 200 OK"
2026-07-22 15:19:10,016 INFO HTTP Request: GET http://localhost:3000/api/bot/orders?status=PAID "HTTP/1.1 200 OK"
2026-07-22 15:19:10,100 INFO HTTP Request: POST http://localhost:3000/api/bot/orders/expire "HTTP/1.1 200 OK"
2026-07-22 15:19:10,352 INFO HTTP Request: GET http://localhost:3000/api/bot/products "HTTP/1.1 200 OK"
2026-07-22 15:19:12,732 INFO HTTP Request: GET http://localhost:3000/api/bot/configs "HTTP/1.1 200 OK"
2026-07-22 15:19:15,068 INFO HTTP Request: GET http://localhost:3000/api/bot/orders?status=PAID "HTTP/1.1 200 OK"
2026-07-22 15:19:15,150 INFO HTTP Request: POST http://localhost:3000/api/bot/orders/expire "HTTP/1.1 200 OK"
2026-07-22 15:19:15,409 INFO HTTP Request: GET http://localhost:3000/api/bot/products "HTTP/1.1 200 OK"
2026-07-22 15:19:15,791 INFO HTTP Request: GET http://localhost:3000/api/bot/configs "HTTP/1.1 200 OK"
2026-07-22 15:19:18,852 INFO HTTP Request: GET http://localhost:3000/api/bot/configs "HTTP/1.1 200 OK"
2026-07-22 15:19:20,108 INFO HTTP Request: GET http://localhost:3000/api/bot/orders?status=PAID "HTTP/1.1 200 OK"
2026-07-22 15:19:20,219 INFO HTTP Request: POST http://localhost:3000/api/bot/orders/expire "HTTP/1.1 200 OK"
2026-07-22 15:19:20,474 INFO HTTP Request: GET http://localhost:3000/api/bot/products "HTTP/1.1 200 OK"
2026-07-22 15:19:21,925 INFO HTTP Request: GET http://localhost:3000/api/bot/configs "HTTP/1.1 200 OK"
2026-07-22 15:19:25,000 INFO HTTP Request: GET http://localhost:3000/api/bot/configs "HTTP/1.1 200 OK"
2026-07-22 15:19:25,192 INFO HTTP Request: GET http://localhost:3000/api/bot/orders?status=PAID "HTTP/1.1 200 OK"
2026-07-22 15:19:25,291 INFO HTTP Request: POST http://localhost:3000/api/bot/orders/expire "HTTP/1.1 200 OK"
2026-07-22 15:19:25,552 INFO HTTP Request: GET http://localhost:3000/api/bot/products "HTTP/1.1 200 OK"
2026-07-22 15:19:28,067 INFO HTTP Request: GET http://localhost:3000/api/bot/configs "HTTP/1.1 200 OK"
2026-07-22 15:19:30,250 INFO HTTP Request: GET http://localhost:3000/api/bot/orders?status=PAID "HTTP/1.1 200 OK"
2026-07-22 15:19:30,383 INFO HTTP Request: POST http://localhost:3000/api/bot/orders/expire "HTTP/1.1 200 OK"
2026-07-22 15:19:30,613 INFO HTTP Request: GET http://localhost:3000/api/bot/products "HTTP/1.1 200 OK"
2026-07-22 15:19:31,142 INFO HTTP Request: GET http://localhost:3000/api/bot/configs "HTTP/1.1 200 OK"
2026-07-22 15:19:34,224 INFO HTTP Request: GET http://localhost:3000/api/bot/configs "HTTP/1.1 200 OK"
2026-07-22 15:19:35,316 INFO HTTP Request: GET http://localhost:3000/api/bot/orders?status=PAID "HTTP/1.1 200 OK"
2026-07-22 15:19:35,459 INFO HTTP Request: POST http://localhost:3000/api/bot/orders/expire "HTTP/1.1 200 OK"
2026-07-22 15:19:35,708 INFO HTTP Request: GET http://localhost:3000/api/bot/products "HTTP/1.1 200 OK"
2026-07-22 15:19:37,308 INFO HTTP Request: GET http://localhost:3000/api/bot/configs "HTTP/1.1 200 OK"
2026-07-22 15:19:40,358 INFO HTTP Request: GET http://localhost:3000/api/bot/configs "HTTP/1.1 200 OK"
2026-07-22 15:19:40,425 INFO HTTP Request: GET http://localhost:3000/api/bot/orders?status=PAID "HTTP/1.1 200 OK"
2026-07-22 15:19:40,516 INFO HTTP Request: POST http://localhost:3000/api/bot/orders/expire "HTTP/1.1 200 OK"
2026-07-22 15:19:40,768 INFO HTTP Request: GET http://localhost:3000/api/bot/products "HTTP/1.1 200 OK"
2026-07-22 15:19:43,417 INFO HTTP Request: GET http://localhost:3000/api/bot/configs "HTTP/1.1 200 OK"
2026-07-22 15:19:45,484 INFO HTTP Request: GET http://localhost:3000/api/bot/orders?status=PAID "HTTP/1.1 200 OK"
2026-07-22 15:19:45,567 INFO HTTP Request: POST http://localhost:3000/api/bot/orders/expire "HTTP/1.1 200 OK"
2026-07-22 15:19:45,827 INFO HTTP Request: GET http://localhost:3000/api/bot/products "HTTP/1.1 200 OK"
2026-07-22 15:19:46,467 INFO HTTP Request: GET http://localhost:3000/api/bot/configs "HTTP/1.1 200 OK"
2026-07-22 15:19:49,535 INFO HTTP Request: GET http://localhost:3000/api/bot/configs "HTTP/1.1 200 OK"
2026-07-22 15:19:50,541 INFO HTTP Request: GET http://localhost:3000/api/bot/orders?status=PAID "HTTP/1.1 200 OK"
2026-07-22 15:19:50,625 INFO HTTP Request: POST http://localhost:3000/api/bot/orders/expire "HTTP/1.1 200 OK"
2026-07-22 15:19:50,884 INFO HTTP Request: GET http://localhost:3000/api/bot/products "HTTP/1.1 200 OK"
2026-07-22 15:19:52,607 INFO HTTP Request: GET http://localhost:3000/api/bot/configs "HTTP/1.1 200 OK"
2026-07-22 15:19:55,617 INFO HTTP Request: GET http://localhost:3000/api/bot/orders?status=PAID "HTTP/1.1 200 OK"
2026-07-22 15:19:55,676 INFO HTTP Request: GET http://localhost:3000/api/bot/configs "HTTP/1.1 200 OK"
2026-07-22 15:19:55,720 INFO HTTP Request: POST http://localhost:3000/api/bot/orders/expire "HTTP/1.1 200 OK"
2026-07-22 15:19:55,933 INFO HTTP Request: GET http://localhost:3000/api/bot/products "HTTP/1.1 200 OK"
2026-07-22 15:19:58,729 INFO HTTP Request: GET http://localhost:3000/api/bot/configs "HTTP/1.1 200 OK"
2026-07-22 15:20:00,659 INFO HTTP Request: GET http://localhost:3000/api/bot/orders?status=PAID "HTTP/1.1 200 OK"
2026-07-22 15:20:00,778 INFO HTTP Request: POST http://localhost:3000/api/bot/orders/expire "HTTP/1.1 200 OK"
2026-07-22 15:20:00,984 INFO HTTP Request: GET http://localhost:3000/api/bot/products "HTTP/1.1 200 OK"
2026-07-22 15:20:01,786 INFO HTTP Request: GET http://localhost:3000/api/bot/configs "HTTP/1.1 200 OK"
2026-07-22 15:20:04,837 INFO HTTP Request: GET http://localhost:3000/api/bot/configs "HTTP/1.1 200 OK"
2026-07-22 15:20:05,703 INFO HTTP Request: GET http://localhost:3000/api/bot/orders?status=PAID "HTTP/1.1 200 OK"
2026-07-22 15:20:05,817 INFO HTTP Request: POST http://localhost:3000/api/bot/orders/expire "HTTP/1.1 200 OK"
2026-07-22 15:20:06,044 INFO HTTP Request: GET http://localhost:3000/api/bot/products "HTTP/1.1 200 OK"
2026-07-22 15:20:07,886 INFO HTTP Request: GET http://localhost:3000/api/bot/configs "HTTP/1.1 200 OK"
2026-07-22 15:20:10,745 INFO HTTP Request: GET http://localhost:3000/api/bot/orders?status=PAID "HTTP/1.1 200 OK"
2026-07-22 15:20:10,875 INFO HTTP Request: POST http://localhost:3000/api/bot/orders/expire "HTTP/1.1 200 OK"
2026-07-22 15:20:10,950 INFO HTTP Request: GET http://localhost:3000/api/bot/configs "HTTP/1.1 200 OK"
2026-07-22 15:20:11,111 INFO HTTP Request: GET http://localhost:3000/api/bot/products "HTTP/1.1 200 OK"
2026-07-22 15:20:14,020 INFO HTTP Request: GET http://localhost:3000/api/bot/configs "HTTP/1.1 200 OK"
2026-07-22 15:20:15,825 INFO HTTP Request: GET http://localhost:3000/api/bot/orders?status=PAID "HTTP/1.1 200 OK"
2026-07-22 15:20:15,929 INFO HTTP Request: POST http://localhost:3000/api/bot/orders/expire "HTTP/1.1 200 OK"
2026-07-22 15:20:16,153 INFO HTTP Request: GET http://localhost:3000/api/bot/products "HTTP/1.1 200 OK"
2026-07-22 15:20:17,062 INFO HTTP Request: GET http://localhost:3000/api/bot/configs "HTTP/1.1 200 OK"
2026-07-22 15:20:20,138 INFO HTTP Request: GET http://localhost:3000/api/bot/configs "HTTP/1.1 200 OK"
2026-07-22 15:20:20,867 INFO HTTP Request: GET http://localhost:3000/api/bot/orders?status=PAID "HTTP/1.1 200 OK"
2026-07-22 15:20:20,987 INFO HTTP Request: POST http://localhost:3000/api/bot/orders/expire "HTTP/1.1 200 OK"
2026-07-22 15:20:21,200 INFO HTTP Request: GET http://localhost:3000/api/bot/products "HTTP/1.1 200 OK"
2026-07-22 15:20:23,187 INFO HTTP Request: GET http://localhost:3000/api/bot/configs "HTTP/1.1 200 OK"
2026-07-22 15:20:25,926 INFO HTTP Request: GET http://localhost:3000/api/bot/orders?status=PAID "HTTP/1.1 200 OK"
2026-07-22 15:20:26,042 INFO HTTP Request: POST http://localhost:3000/api/bot/orders/expire "HTTP/1.1 200 OK"
2026-07-22 15:20:26,234 INFO HTTP Request: GET http://localhost:3000/api/bot/configs "HTTP/1.1 200 OK"
2026-07-22 15:20:26,296 INFO HTTP Request: GET http://localhost:3000/api/bot/products "HTTP/1.1 200 OK"
2026-07-22 15:20:29,268 INFO HTTP Request: GET http://localhost:3000/api/bot/configs "HTTP/1.1 200 OK"
2026-07-22 15:20:30,967 INFO HTTP Request: GET http://localhost:3000/api/bot/orders?status=PAID "HTTP/1.1 200 OK"
2026-07-22 15:20:31,104 INFO HTTP Request: POST http://localhost:3000/api/bot/orders/expire "HTTP/1.1 200 OK"
2026-07-22 15:20:31,334 INFO HTTP Request: GET http://localhost:3000/api/bot/products "HTTP/1.1 200 OK"
2026-07-22 15:20:32,313 INFO HTTP Request: GET http://localhost:3000/api/bot/configs "HTTP/1.1 200 OK"
2026-07-22 15:20:35,373 INFO HTTP Request: GET http://localhost:3000/api/bot/configs "HTTP/1.1 200 OK"
2026-07-22 15:20:36,031 INFO HTTP Request: GET http://localhost:3000/api/bot/orders?status=PAID "HTTP/1.1 200 OK"
2026-07-22 15:20:36,163 INFO HTTP Request: POST http://localhost:3000/api/bot/orders/expire "HTTP/1.1 200 OK"
2026-07-22 15:20:36,382 INFO HTTP Request: GET http://localhost:3000/api/bot/products "HTTP/1.1 200 OK"
2026-07-22 15:20:38,439 INFO HTTP Request: GET http://localhost:3000/api/bot/configs "HTTP/1.1 200 OK"
2026-07-22 15:20:41,075 INFO HTTP Request: GET http://localhost:3000/api/bot/orders?status=PAID "HTTP/1.1 200 OK"
2026-07-22 15:20:41,231 INFO HTTP Request: POST http://localhost:3000/api/bot/orders/expire "HTTP/1.1 200 OK"
2026-07-22 15:20:41,439 INFO HTTP Request: GET http://localhost:3000/api/bot/products "HTTP/1.1 200 OK"
2026-07-22 15:20:41,506 INFO HTTP Request: GET http://localhost:3000/api/bot/configs "HTTP/1.1 200 OK"
2026-07-22 15:20:44,566 INFO HTTP Request: GET http://localhost:3000/api/bot/configs "HTTP/1.1 200 OK"
2026-07-22 15:20:46,136 INFO HTTP Request: GET http://localhost:3000/api/bot/orders?status=PAID "HTTP/1.1 200 OK"
2026-07-22 15:20:46,284 INFO HTTP Request: POST http://localhost:3000/api/bot/orders/expire "HTTP/1.1 200 OK"
2026-07-22 15:20:46,501 INFO HTTP Request: GET http://localhost:3000/api/bot/products "HTTP/1.1 200 OK"
2026-07-22 15:20:47,624 INFO HTTP Request: GET http://localhost:3000/api/bot/configs "HTTP/1.1 200 OK"
2026-07-22 15:20:50,684 INFO HTTP Request: GET http://localhost:3000/api/bot/configs "HTTP/1.1 200 OK"
2026-07-22 15:20:51,192 INFO HTTP Request: GET http://localhost:3000/api/bot/orders?status=PAID "HTTP/1.1 200 OK"
2026-07-22 15:20:51,391 INFO HTTP Request: POST http://localhost:3000/api/bot/orders/expire "HTTP/1.1 200 OK"
2026-07-22 15:20:51,551 INFO HTTP Request: GET http://localhost:3000/api/bot/products "HTTP/1.1 200 OK"
2026-07-22 15:20:53,749 INFO HTTP Request: GET http://localhost:3000/api/bot/configs "HTTP/1.1 200 OK"
2026-07-22 15:20:56,256 INFO HTTP Request: GET http://localhost:3000/api/bot/orders?status=PAID "HTTP/1.1 200 OK"
2026-07-22 15:20:56,459 INFO HTTP Request: POST http://localhost:3000/api/bot/orders/expire "HTTP/1.1 200 OK"
2026-07-22 15:20:56,615 INFO HTTP Request: GET http://localhost:3000/api/bot/products "HTTP/1.1 200 OK"
2026-07-22 15:20:56,805 INFO HTTP Request: GET http://localhost:3000/api/bot/configs "HTTP/1.1 200 OK"
2026-07-22 15:20:59,882 INFO HTTP Request: GET http://localhost:3000/api/bot/configs "HTTP/1.1 200 OK"
2026-07-22 15:21:01,326 INFO HTTP Request: GET http://localhost:3000/api/bot/orders?status=PAID "HTTP/1.1 200 OK"
2026-07-22 15:21:01,506 INFO HTTP Request: POST http://localhost:3000/api/bot/orders/expire "HTTP/1.1 200 OK"
2026-07-22 15:21:01,675 INFO HTTP Request: GET http://localhost:3000/api/bot/products "HTTP/1.1 200 OK"
2026-07-22 15:21:02,956 INFO HTTP Request: GET http://localhost:3000/api/bot/configs "HTTP/1.1 200 OK"
2026-07-22 15:21:06,023 INFO HTTP Request: GET http://localhost:3000/api/bot/configs "HTTP/1.1 200 OK"
2026-07-22 15:21:06,390 INFO HTTP Request: GET http://localhost:3000/api/bot/orders?status=PAID "HTTP/1.1 200 OK"
2026-07-22 15:21:06,572 INFO HTTP Request: POST http://localhost:3000/api/bot/orders/expire "HTTP/1.1 200 OK"
2026-07-22 15:21:06,710 INFO HTTP Request: GET http://localhost:3000/api/bot/products "HTTP/1.1 200 OK"
2026-07-22 15:21:09,081 INFO HTTP Request: GET http://localhost:3000/api/bot/configs "HTTP/1.1 200 OK"
2026-07-22 15:21:11,443 INFO HTTP Request: GET http://localhost:3000/api/bot/orders?status=PAID "HTTP/1.1 200 OK"
2026-07-22 15:21:11,639 INFO HTTP Request: POST http://localhost:3000/api/bot/orders/expire "HTTP/1.1 200 OK"
2026-07-22 15:21:11,743 INFO HTTP Request: GET http://localhost:3000/api/bot/products "HTTP/1.1 200 OK"
2026-07-22 15:21:12,148 INFO HTTP Request: GET http://localhost:3000/api/bot/configs "HTTP/1.1 200 OK"
2026-07-22 15:21:15,206 INFO HTTP Request: GET http://localhost:3000/api/bot/configs "HTTP/1.1 200 OK"
2026-07-22 15:21:16,481 INFO HTTP Request: GET http://localhost:3000/api/bot/orders?status=PAID "HTTP/1.1 200 OK"
2026-07-22 15:21:16,692 INFO HTTP Request: POST http://localhost:3000/api/bot/orders/expire "HTTP/1.1 200 OK"
2026-07-22 15:21:16,809 INFO HTTP Request: GET http://localhost:3000/api/bot/products "HTTP/1.1 200 OK"
2026-07-22 15:21:18,256 INFO HTTP Request: GET http://localhost:3000/api/bot/configs "HTTP/1.1 200 OK"
2026-07-22 15:21:21,322 INFO HTTP Request: GET http://localhost:3000/api/bot/configs "HTTP/1.1 200 OK"
2026-07-22 15:21:21,534 INFO HTTP Request: GET http://localhost:3000/api/bot/orders?status=PAID "HTTP/1.1 200 OK"
2026-07-22 15:21:21,751 INFO HTTP Request: POST http://localhost:3000/api/bot/orders/expire "HTTP/1.1 200 OK"
2026-07-22 15:21:21,860 INFO HTTP Request: GET http://localhost:3000/api/bot/products "HTTP/1.1 200 OK"
2026-07-22 15:21:24,390 INFO HTTP Request: GET http://localhost:3000/api/bot/configs "HTTP/1.1 200 OK"
2026-07-22 15:21:26,598 INFO HTTP Request: GET http://localhost:3000/api/bot/orders?status=PAID "HTTP/1.1 200 OK"
2026-07-22 15:21:26,811 INFO HTTP Request: POST http://localhost:3000/api/bot/orders/expire "HTTP/1.1 200 OK"
2026-07-22 15:21:26,923 INFO HTTP Request: GET http://localhost:3000/api/bot/products "HTTP/1.1 200 OK"
2026-07-22 15:21:27,452 INFO HTTP Request: GET http://localhost:3000/api/bot/configs "HTTP/1.1 200 OK"
2026-07-22 15:21:30,507 INFO HTTP Request: GET http://localhost:3000/api/bot/configs "HTTP/1.1 200 OK"
2026-07-22 15:21:31,643 INFO HTTP Request: GET http://localhost:3000/api/bot/orders?status=PAID "HTTP/1.1 200 OK"
2026-07-22 15:21:31,881 INFO HTTP Request: POST http://localhost:3000/api/bot/orders/expire "HTTP/1.1 200 OK"
2026-07-22 15:21:31,972 INFO HTTP Request: GET http://localhost:3000/api/bot/products "HTTP/1.1 200 OK"
2026-07-22 15:21:33,565 INFO HTTP Request: GET http://localhost:3000/api/bot/configs "HTTP/1.1 200 OK"
2026-07-22 15:21:36,623 INFO HTTP Request: GET http://localhost:3000/api/bot/configs "HTTP/1.1 200 OK"
2026-07-22 15:21:36,702 INFO HTTP Request: GET http://localhost:3000/api/bot/orders?status=PAID "HTTP/1.1 200 OK"
2026-07-22 15:21:36,943 INFO HTTP Request: POST http://localhost:3000/api/bot/orders/expire "HTTP/1.1 200 OK"
2026-07-22 15:21:37,035 INFO HTTP Request: GET http://localhost:3000/api/bot/products "HTTP/1.1 200 OK"
2026-07-22 15:21:39,688 INFO HTTP Request: GET http://localhost:3000/api/bot/configs "HTTP/1.1 200 OK"
2026-07-22 15:21:41,751 INFO HTTP Request: GET http://localhost:3000/api/bot/orders?status=PAID "HTTP/1.1 200 OK"
2026-07-22 15:21:41,997 INFO HTTP Request: POST http://localhost:3000/api/bot/orders/expire "HTTP/1.1 200 OK"
2026-07-22 15:21:42,088 INFO HTTP Request: GET http://localhost:3000/api/bot/products "HTTP/1.1 200 OK"
2026-07-22 15:21:42,751 INFO HTTP Request: GET http://localhost:3000/api/bot/configs "HTTP/1.1 200 OK"
2026-07-22 15:21:45,810 INFO HTTP Request: GET http://localhost:3000/api/bot/configs "HTTP/1.1 200 OK"
2026-07-22 15:21:46,805 INFO HTTP Request: GET http://localhost:3000/api/bot/orders?status=PAID "HTTP/1.1 200 OK"
2026-07-22 15:21:47,055 INFO HTTP Request: POST http://localhost:3000/api/bot/orders/expire "HTTP/1.1 200 OK"
2026-07-22 15:21:47,151 INFO HTTP Request: GET http://localhost:3000/api/bot/products "HTTP/1.1 200 OK"
2026-07-22 15:21:48,865 INFO HTTP Request: GET http://localhost:3000/api/bot/configs "HTTP/1.1 200 OK"
2026-07-22 15:21:51,864 INFO HTTP Request: GET http://localhost:3000/api/bot/orders?status=PAID "HTTP/1.1 200 OK"
2026-07-22 15:21:51,935 INFO HTTP Request: GET http://localhost:3000/api/bot/configs "HTTP/1.1 200 OK"
2026-07-22 15:21:52,127 INFO HTTP Request: POST http://localhost:3000/api/bot/orders/expire "HTTP/1.1 200 OK"
2026-07-22 15:21:52,205 INFO HTTP Request: GET http://localhost:3000/api/bot/products "HTTP/1.1 200 OK"
2026-07-22 15:21:54,989 INFO HTTP Request: GET http://localhost:3000/api/bot/configs "HTTP/1.1 200 OK"
2026-07-22 15:21:56,918 INFO HTTP Request: GET http://localhost:3000/api/bot/orders?status=PAID "HTTP/1.1 200 OK"
2026-07-22 15:21:57,182 INFO HTTP Request: POST http://localhost:3000/api/bot/orders/expire "HTTP/1.1 200 OK"
2026-07-22 15:21:57,243 INFO HTTP Request: GET http://localhost:3000/api/bot/products "HTTP/1.1 200 OK"
2026-07-22 15:21:58,027 INFO HTTP Request: GET http://localhost:3000/api/bot/configs "HTTP/1.1 200 OK"
2026-07-22 15:22:01,082 INFO HTTP Request: GET http://localhost:3000/api/bot/configs "HTTP/1.1 200 OK"
2026-07-22 15:22:01,981 INFO HTTP Request: GET http://localhost:3000/api/bot/orders?status=PAID "HTTP/1.1 200 OK"
2026-07-22 15:22:02,226 INFO HTTP Request: POST http://localhost:3000/api/bot/orders/expire "HTTP/1.1 200 OK"
2026-07-22 15:22:02,299 INFO HTTP Request: GET http://localhost:3000/api/bot/products "HTTP/1.1 200 OK"
2026-07-22 15:22:04,132 INFO HTTP Request: GET http://localhost:3000/api/bot/configs "HTTP/1.1 200 OK"
2026-07-22 15:22:07,058 INFO HTTP Request: GET http://localhost:3000/api/bot/orders?status=PAID "HTTP/1.1 200 OK"
2026-07-22 15:22:07,178 INFO HTTP Request: GET http://localhost:3000/api/bot/configs "HTTP/1.1 200 OK"
2026-07-22 15:22:07,299 INFO HTTP Request: POST http://localhost:3000/api/bot/orders/expire "HTTP/1.1 200 OK"
2026-07-22 15:22:07,366 INFO HTTP Request: GET http://localhost:3000/api/bot/products "HTTP/1.1 200 OK"
2026-07-22 15:22:10,227 INFO HTTP Request: GET http://localhost:3000/api/bot/configs "HTTP/1.1 200 OK"
2026-07-22 15:22:12,114 INFO HTTP Request: GET http://localhost:3000/api/bot/orders?status=PAID "HTTP/1.1 200 OK"
2026-07-22 15:22:12,357 INFO HTTP Request: POST http://localhost:3000/api/bot/orders/expire "HTTP/1.1 200 OK"
2026-07-22 15:22:12,431 INFO HTTP Request: GET http://localhost:3000/api/bot/products "HTTP/1.1 200 OK"
2026-07-22 15:22:13,335 INFO HTTP Request: GET http://localhost:3000/api/bot/configs "HTTP/1.1 200 OK"
2026-07-22 15:22:16,394 INFO HTTP Request: GET http://localhost:3000/api/bot/configs "HTTP/1.1 200 OK"
2026-07-22 15:22:17,190 INFO HTTP Request: GET http://localhost:3000/api/bot/orders?status=PAID "HTTP/1.1 200 OK"
2026-07-22 15:22:17,418 INFO HTTP Request: POST http://localhost:3000/api/bot/orders/expire "HTTP/1.1 200 OK"
2026-07-22 15:22:17,499 INFO HTTP Request: GET http://localhost:3000/api/bot/products "HTTP/1.1 200 OK"
2026-07-22 15:22:19,452 INFO HTTP Request: GET http://localhost:3000/api/bot/configs "HTTP/1.1 200 OK"
2026-07-22 15:22:22,235 INFO HTTP Request: GET http://localhost:3000/api/bot/orders?status=PAID "HTTP/1.1 200 OK"
2026-07-22 15:22:22,485 INFO HTTP Request: POST http://localhost:3000/api/bot/orders/expire "HTTP/1.1 200 OK"
2026-07-22 15:22:22,568 INFO HTTP Request: GET http://localhost:3000/api/bot/configs "HTTP/1.1 200 OK"
2026-07-22 15:22:22,632 INFO HTTP Request: GET http://localhost:3000/api/bot/products "HTTP/1.1 200 OK"
2026-07-22 15:22:25,633 INFO HTTP Request: GET http://localhost:3000/api/bot/configs "HTTP/1.1 200 OK"
2026-07-22 15:22:27,291 INFO HTTP Request: GET http://localhost:3000/api/bot/orders?status=PAID "HTTP/1.1 200 OK"
2026-07-22 15:22:27,536 INFO HTTP Request: POST http://localhost:3000/api/bot/orders/expire "HTTP/1.1 200 OK"
2026-07-22 15:22:27,718 INFO HTTP Request: GET http://localhost:3000/api/bot/products "HTTP/1.1 200 OK"
2026-07-22 15:22:28,695 INFO HTTP Request: GET http://localhost:3000/api/bot/configs "HTTP/1.1 200 OK"
2026-07-22 15:22:31,952 INFO HTTP Request: GET http://localhost:3000/api/bot/configs "HTTP/1.1 200 OK"
2026-07-22 15:22:32,375 INFO HTTP Request: GET http://localhost:3000/api/bot/orders?status=PAID "HTTP/1.1 200 OK"
2026-07-22 15:22:32,587 INFO HTTP Request: POST http://localhost:3000/api/bot/orders/expire "HTTP/1.1 200 OK"
2026-07-22 15:22:32,783 INFO HTTP Request: GET http://localhost:3000/api/bot/products "HTTP/1.1 200 OK"
2026-07-22 15:22:35,008 INFO HTTP Request: GET http://localhost:3000/api/bot/configs "HTTP/1.1 200 OK"
2026-07-22 15:22:37,435 INFO HTTP Request: GET http://localhost:3000/api/bot/orders?status=PAID "HTTP/1.1 200 OK"
2026-07-22 15:22:37,644 INFO HTTP Request: POST http://localhost:3000/api/bot/orders/expire "HTTP/1.1 200 OK"
2026-07-22 15:22:37,843 INFO HTTP Request: GET http://localhost:3000/api/bot/products "HTTP/1.1 200 OK"
2026-07-22 15:22:38,053 INFO HTTP Request: GET http://localhost:3000/api/bot/configs "HTTP/1.1 200 OK"
2026-07-22 15:22:41,110 INFO HTTP Request: GET http://localhost:3000/api/bot/configs "HTTP/1.1 200 OK"
2026-07-22 15:22:42,485 INFO HTTP Request: GET http://localhost:3000/api/bot/orders?status=PAID "HTTP/1.1 200 OK"
2026-07-22 15:22:42,710 INFO HTTP Request: POST http://localhost:3000/api/bot/orders/expire "HTTP/1.1 200 OK"
2026-07-22 15:22:42,885 INFO HTTP Request: GET http://localhost:3000/api/bot/products "HTTP/1.1 200 OK"
2026-07-22 15:22:44,182 INFO HTTP Request: GET http://localhost:3000/api/bot/configs "HTTP/1.1 200 OK"
2026-07-22 15:22:47,239 INFO HTTP Request: GET http://localhost:3000/api/bot/configs "HTTP/1.1 200 OK"
2026-07-22 15:22:47,536 INFO HTTP Request: GET http://localhost:3000/api/bot/orders?status=PAID "HTTP/1.1 200 OK"
2026-07-22 15:22:47,788 INFO HTTP Request: POST http://localhost:3000/api/bot/orders/expire "HTTP/1.1 200 OK"
2026-07-22 15:22:47,936 INFO HTTP Request: GET http://localhost:3000/api/bot/products "HTTP/1.1 200 OK"
2026-07-22 15:22:50,298 INFO HTTP Request: GET http://localhost:3000/api/bot/configs "HTTP/1.1 200 OK"
2026-07-22 15:22:52,598 INFO HTTP Request: GET http://localhost:3000/api/bot/orders?status=PAID "HTTP/1.1 200 OK"
2026-07-22 15:22:52,852 INFO HTTP Request: POST http://localhost:3000/api/bot/orders/expire "HTTP/1.1 200 OK"
2026-07-22 15:22:52,998 INFO HTTP Request: GET http://localhost:3000/api/bot/products "HTTP/1.1 200 OK"
2026-07-22 15:22:53,357 INFO HTTP Request: GET http://localhost:3000/api/bot/configs "HTTP/1.1 200 OK"
2026-07-22 15:22:56,411 INFO HTTP Request: GET http://localhost:3000/api/bot/configs "HTTP/1.1 200 OK"
2026-07-22 15:22:57,644 INFO HTTP Request: GET http://localhost:3000/api/bot/orders?status=PAID "HTTP/1.1 200 OK"
2026-07-22 15:22:57,932 INFO HTTP Request: POST http://localhost:3000/api/bot/orders/expire "HTTP/1.1 200 OK"
2026-07-22 15:22:58,060 INFO HTTP Request: GET http://localhost:3000/api/bot/products "HTTP/1.1 200 OK"
2026-07-22 15:22:59,569 INFO HTTP Request: GET http://localhost:3000/api/bot/configs "HTTP/1.1 200 OK"
2026-07-22 15:23:02,644 INFO HTTP Request: GET http://localhost:3000/api/bot/configs "HTTP/1.1 200 OK"
2026-07-22 15:23:02,747 INFO HTTP Request: GET http://localhost:3000/api/bot/orders?status=PAID "HTTP/1.1 200 OK"
2026-07-22 15:23:02,994 INFO HTTP Request: POST http://localhost:3000/api/bot/orders/expire "HTTP/1.1 200 OK"
2026-07-22 15:23:03,126 INFO HTTP Request: GET http://localhost:3000/api/bot/products "HTTP/1.1 200 OK"
2026-07-22 15:23:05,710 INFO HTTP Request: GET http://localhost:3000/api/bot/configs "HTTP/1.1 200 OK"
2026-07-22 15:23:07,810 INFO HTTP Request: GET http://localhost:3000/api/bot/orders?status=PAID "HTTP/1.1 200 OK"
2026-07-22 15:23:08,052 INFO HTTP Request: POST http://localhost:3000/api/bot/orders/expire "HTTP/1.1 200 OK"
2026-07-22 15:23:08,193 INFO HTTP Request: GET http://localhost:3000/api/bot/products "HTTP/1.1 200 OK"
2026-07-22 15:23:08,779 INFO HTTP Request: GET http://localhost:3000/api/bot/configs "HTTP/1.1 200 OK"
2026-07-22 15:23:11,838 INFO HTTP Request: GET http://localhost:3000/api/bot/configs "HTTP/1.1 200 OK"
2026-07-22 15:23:12,953 INFO HTTP Request: GET http://localhost:3000/api/bot/orders?status=PAID "HTTP/1.1 200 OK"
2026-07-22 15:23:13,337 INFO HTTP Request: GET http://localhost:3000/api/bot/products "HTTP/1.1 200 OK"
2026-07-22 15:23:13,339 INFO HTTP Request: POST http://localhost:3000/api/bot/orders/expire "HTTP/1.1 200 OK"
2026-07-22 15:23:14,901 INFO HTTP Request: GET http://localhost:3000/api/bot/configs "HTTP/1.1 200 OK"
2026-07-22 15:23:17,953 INFO HTTP Request: GET http://localhost:3000/api/bot/configs "HTTP/1.1 200 OK"
2026-07-22 15:23:18,027 INFO HTTP Request: GET http://localhost:3000/api/bot/orders?status=PAID "HTTP/1.1 200 OK"
2026-07-22 15:23:18,448 INFO HTTP Request: GET http://localhost:3000/api/bot/products "HTTP/1.1 200 OK"
2026-07-22 15:23:18,520 INFO HTTP Request: POST http://localhost:3000/api/bot/orders/expire "HTTP/1.1 200 OK"
2026-07-22 15:23:21,010 INFO HTTP Request: GET http://localhost:3000/api/bot/configs "HTTP/1.1 200 OK"
2026-07-22 15:23:23,093 INFO HTTP Request: GET http://localhost:3000/api/bot/orders?status=PAID "HTTP/1.1 200 OK"
2026-07-22 15:23:23,510 INFO HTTP Request: GET http://localhost:3000/api/bot/products "HTTP/1.1 200 OK"
2026-07-22 15:23:23,568 INFO HTTP Request: POST http://localhost:3000/api/bot/orders/expire "HTTP/1.1 200 OK"
2026-07-22 15:23:24,079 INFO HTTP Request: GET http://localhost:3000/api/bot/configs "HTTP/1.1 200 OK"
2026-07-22 15:23:27,165 INFO HTTP Request: GET http://localhost:3000/api/bot/configs "HTTP/1.1 200 OK"
2026-07-22 15:23:28,151 INFO HTTP Request: GET http://localhost:3000/api/bot/orders?status=PAID "HTTP/1.1 200 OK"
2026-07-22 15:23:28,558 INFO HTTP Request: GET http://localhost:3000/api/bot/products "HTTP/1.1 200 OK"
2026-07-22 15:23:28,627 INFO HTTP Request: POST http://localhost:3000/api/bot/orders/expire "HTTP/1.1 200 OK"
2026-07-22 15:23:30,228 INFO HTTP Request: GET http://localhost:3000/api/bot/configs "HTTP/1.1 200 OK"
2026-07-22 15:23:33,211 INFO HTTP Request: GET http://localhost:3000/api/bot/orders?status=PAID "HTTP/1.1 200 OK"
2026-07-22 15:23:33,294 INFO HTTP Request: GET http://localhost:3000/api/bot/configs "HTTP/1.1 200 OK"
2026-07-22 15:23:33,612 INFO HTTP Request: GET http://localhost:3000/api/bot/products "HTTP/1.1 200 OK"
2026-07-22 15:23:33,703 INFO HTTP Request: POST http://localhost:3000/api/bot/orders/expire "HTTP/1.1 200 OK"
2026-07-22 15:23:36,362 INFO HTTP Request: GET http://localhost:3000/api/bot/configs "HTTP/1.1 200 OK"
2026-07-22 15:23:38,270 INFO HTTP Request: GET http://localhost:3000/api/bot/orders?status=PAID "HTTP/1.1 200 OK"
2026-07-22 15:23:38,678 INFO HTTP Request: GET http://localhost:3000/api/bot/products "HTTP/1.1 200 OK"
2026-07-22 15:23:38,753 INFO HTTP Request: POST http://localhost:3000/api/bot/orders/expire "HTTP/1.1 200 OK"
2026-07-22 15:23:39,429 INFO HTTP Request: GET http://localhost:3000/api/bot/configs "HTTP/1.1 200 OK"
2026-07-22 15:23:42,487 INFO HTTP Request: GET http://localhost:3000/api/bot/configs "HTTP/1.1 200 OK"
