2026-07-22 15:10:46,359 INFO HTTP Request: GET http://localhost:3000/api/bot/configs "HTTP/1.1 200 OK"
2026-07-22 15:10:46,400 INFO \u0110ã kh\u1edfi \u0111\u1ed9ng runtime riêng cho shop 9
2026-07-22 15:10:49,092 INFO HTTP Request: GET http://localhost:3000/api/bot/config "HTTP/1.1 200 OK"
2026-07-22 15:10:49,502 INFO HTTP Request: GET http://localhost:3000/api/bot/configs "HTTP/1.1 200 OK"
2026-07-22 15:10:51,340 INFO Start polling
2026-07-22 15:10:51,418 INFO HTTP Request: GET http://localhost:3000/api/bot/orders?status=PAID "HTTP/1.1 200 OK"
2026-07-22 15:10:51,520 INFO HTTP Request: POST http://localhost:3000/api/bot/orders/expire "HTTP/1.1 200 OK"
2026-07-22 15:10:51,602 INFO Run polling for bot @dhasjdh_bot id=8220761669 - 'Qu\u1ea3n lý'
2026-07-22 15:10:51,609 INFO HTTP Request: GET http://localhost:3000/api/bot/products "HTTP/1.1 200 OK"
2026-07-22 15:10:52,099 INFO Run polling for bot @n8nphancongtribot id=8723246369 - 's\u1ea3n ph\u1ea9m'
2026-07-22 15:10:52,610 INFO HTTP Request: GET http://localhost:3000/api/bot/configs "HTTP/1.1 200 OK"
2026-07-22 15:10:55,701 INFO HTTP Request: GET http://localhost:3000/api/bot/configs "HTTP/1.1 200 OK"
2026-07-22 15:10:56,521 INFO HTTP Request: GET http://localhost:3000/api/bot/orders?status=PAID "HTTP/1.1 200 OK"
2026-07-22 15:10:56,695 INFO HTTP Request: POST http://localhost:3000/api/bot/orders/expire "HTTP/1.1 200 OK"
2026-07-22 15:10:56,769 INFO HTTP Request: GET http://localhost:3000/api/bot/products "HTTP/1.1 200 OK"
2026-07-22 15:10:58,777 INFO HTTP Request: GET http://localhost:3000/api/bot/configs "HTTP/1.1 200 OK"
2026-07-22 15:11:01,576 INFO HTTP Request: GET http://localhost:3000/api/bot/orders?status=PAID "HTTP/1.1 200 OK"
2026-07-22 15:11:01,762 INFO HTTP Request: POST http://localhost:3000/api/bot/orders/expire "HTTP/1.1 200 OK"
2026-07-22 15:11:01,826 INFO HTTP Request: GET http://localhost:3000/api/bot/products "HTTP/1.1 200 OK"
2026-07-22 15:11:01,918 INFO HTTP Request: GET http://localhost:3000/api/bot/configs "HTTP/1.1 200 OK"
2026-07-22 15:11:04,987 INFO HTTP Request: GET http://localhost:3000/api/bot/configs "HTTP/1.1 200 OK"
2026-07-22 15:11:06,668 INFO HTTP Request: GET http://localhost:3000/api/bot/orders?status=PAID "HTTP/1.1 200 OK"
2026-07-22 15:11:06,843 INFO HTTP Request: POST http://localhost:3000/api/bot/orders/expire "HTTP/1.1 200 OK"
2026-07-22 15:11:06,918 INFO HTTP Request: GET http://localhost:3000/api/bot/products "HTTP/1.1 200 OK"
2026-07-22 15:11:08,085 INFO HTTP Request: GET http://localhost:3000/api/bot/configs "HTTP/1.1 200 OK"
2026-07-22 15:11:11,173 INFO HTTP Request: GET http://localhost:3000/api/bot/configs "HTTP/1.1 200 OK"
2026-07-22 15:11:11,744 INFO HTTP Request: GET http://localhost:3000/api/bot/orders?status=PAID "HTTP/1.1 200 OK"
2026-07-22 15:11:11,928 INFO HTTP Request: POST http://localhost:3000/api/bot/orders/expire "HTTP/1.1 200 OK"
2026-07-22 15:11:12,001 INFO HTTP Request: GET http://localhost:3000/api/bot/products "HTTP/1.1 200 OK"
2026-07-22 15:11:14,268 INFO HTTP Request: GET http://localhost:3000/api/bot/configs "HTTP/1.1 200 OK"
2026-07-22 15:11:16,826 INFO HTTP Request: GET http://localhost:3000/api/bot/orders?status=PAID "HTTP/1.1 200 OK"
2026-07-22 15:11:16,989 INFO HTTP Request: POST http://localhost:3000/api/bot/orders/expire "HTTP/1.1 200 OK"
2026-07-22 15:11:17,076 INFO HTTP Request: GET http://localhost:3000/api/bot/products "HTTP/1.1 200 OK"
2026-07-22 15:11:17,368 INFO HTTP Request: GET http://localhost:3000/api/bot/configs "HTTP/1.1 200 OK"
2026-07-22 15:11:20,451 INFO HTTP Request: GET http://localhost:3000/api/bot/configs "HTTP/1.1 200 OK"
2026-07-22 15:11:21,876 INFO HTTP Request: GET http://localhost:3000/api/bot/orders?status=PAID "HTTP/1.1 200 OK"
2026-07-22 15:11:22,069 INFO HTTP Request: POST http://localhost:3000/api/bot/orders/expire "HTTP/1.1 200 OK"
2026-07-22 15:11:22,151 INFO HTTP Request: GET http://localhost:3000/api/bot/products "HTTP/1.1 200 OK"
2026-07-22 15:11:23,527 INFO HTTP Request: GET http://localhost:3000/api/bot/configs "HTTP/1.1 200 OK"
2026-07-22 15:11:26,594 INFO HTTP Request: GET http://localhost:3000/api/bot/configs "HTTP/1.1 200 OK"
2026-07-22 15:11:26,936 INFO HTTP Request: GET http://localhost:3000/api/bot/orders?status=PAID "HTTP/1.1 200 OK"
2026-07-22 15:11:27,118 INFO HTTP Request: POST http://localhost:3000/api/bot/orders/expire "HTTP/1.1 200 OK"
2026-07-22 15:11:27,219 INFO HTTP Request: GET http://localhost:3000/api/bot/products "HTTP/1.1 200 OK"
2026-07-22 15:11:29,677 INFO HTTP Request: GET http://localhost:3000/api/bot/configs "HTTP/1.1 200 OK"
2026-07-22 15:11:31,995 INFO HTTP Request: GET http://localhost:3000/api/bot/orders?status=PAID "HTTP/1.1 200 OK"
2026-07-22 15:11:32,186 INFO HTTP Request: POST http://localhost:3000/api/bot/orders/expire "HTTP/1.1 200 OK"
2026-07-22 15:11:32,268 INFO HTTP Request: GET http://localhost:3000/api/bot/products "HTTP/1.1 200 OK"
2026-07-22 15:11:32,760 INFO HTTP Request: GET http://localhost:3000/api/bot/configs "HTTP/1.1 200 OK"
2026-07-22 15:11:35,827 INFO HTTP Request: GET http://localhost:3000/api/bot/configs "HTTP/1.1 200 OK"
2026-07-22 15:11:37,037 INFO HTTP Request: GET http://localhost:3000/api/bot/orders?status=PAID "HTTP/1.1 200 OK"
2026-07-22 15:11:37,246 INFO HTTP Request: POST http://localhost:3000/api/bot/orders/expire "HTTP/1.1 200 OK"
2026-07-22 15:11:37,322 INFO HTTP Request: GET http://localhost:3000/api/bot/products "HTTP/1.1 200 OK"
2026-07-22 15:11:38,910 INFO HTTP Request: GET http://localhost:3000/api/bot/configs "HTTP/1.1 200 OK"
2026-07-22 15:11:41,971 INFO HTTP Request: GET http://localhost:3000/api/bot/configs "HTTP/1.1 200 OK"
2026-07-22 15:11:42,079 INFO HTTP Request: GET http://localhost:3000/api/bot/orders?status=PAID "HTTP/1.1 200 OK"
2026-07-22 15:11:42,326 INFO HTTP Request: POST http://localhost:3000/api/bot/orders/expire "HTTP/1.1 200 OK"
2026-07-22 15:11:42,396 INFO HTTP Request: GET http://localhost:3000/api/bot/products "HTTP/1.1 200 OK"
2026-07-22 15:11:45,055 INFO HTTP Request: GET http://localhost:3000/api/bot/configs "HTTP/1.1 200 OK"
