2026-07-22 15:23:43,664 INFO HTTP Request: GET http://localhost:3000/api/bot/configs "HTTP/1.1 200 OK"
2026-07-22 15:23:43,701 INFO \u0110ã kh\u1edfi \u0111\u1ed9ng runtime riêng cho shop 9
2026-07-22 15:23:46,655 INFO HTTP Request: GET http://localhost:3000/api/bot/config "HTTP/1.1 200 OK"
2026-07-22 15:23:46,811 INFO HTTP Request: GET http://localhost:3000/api/bot/configs "HTTP/1.1 200 OK"
2026-07-22 15:23:49,812 INFO Start polling
2026-07-22 15:23:49,901 INFO HTTP Request: GET http://localhost:3000/api/bot/orders?status=PAID "HTTP/1.1 200 OK"
2026-07-22 15:23:50,001 INFO HTTP Request: POST http://localhost:3000/api/bot/orders/expire "HTTP/1.1 200 OK"
2026-07-22 15:23:50,068 INFO Run polling for bot @dhasjdh_bot id=8220761669 - 'Qu\u1ea3n lý'
2026-07-22 15:23:50,076 INFO HTTP Request: GET http://localhost:3000/api/bot/products "HTTP/1.1 200 OK"
2026-07-22 15:23:50,084 INFO Run polling for bot @n8nphancongtribot id=8723246369 - 's\u1ea3n ph\u1ea9m'
2026-07-22 15:23:50,171 INFO HTTP Request: GET http://localhost:3000/api/bot/configs "HTTP/1.1 200 OK"
2026-07-22 15:23:53,242 INFO HTTP Request: GET http://localhost:3000/api/bot/configs "HTTP/1.1 200 OK"
2026-07-22 15:23:55,001 INFO HTTP Request: GET http://localhost:3000/api/bot/orders?status=PAID "HTTP/1.1 200 OK"
2026-07-22 15:23:55,076 INFO HTTP Request: POST http://localhost:3000/api/bot/orders/expire "HTTP/1.1 200 OK"
2026-07-22 15:23:55,170 INFO HTTP Request: GET http://localhost:3000/api/bot/products "HTTP/1.1 200 OK"
2026-07-22 15:23:56,304 INFO HTTP Request: GET http://localhost:3000/api/bot/configs "HTTP/1.1 200 OK"
2026-07-22 15:23:59,370 INFO HTTP Request: GET http://localhost:3000/api/bot/configs "HTTP/1.1 200 OK"
2026-07-22 15:24:00,062 INFO HTTP Request: GET http://localhost:3000/api/bot/orders?status=PAID "HTTP/1.1 200 OK"
2026-07-22 15:24:00,146 INFO HTTP Request: POST http://localhost:3000/api/bot/orders/expire "HTTP/1.1 200 OK"
2026-07-22 15:24:00,246 INFO HTTP Request: GET http://localhost:3000/api/bot/products "HTTP/1.1 200 OK"
2026-07-22 15:24:02,437 INFO HTTP Request: GET http://localhost:3000/api/bot/configs "HTTP/1.1 200 OK"
2026-07-22 15:24:05,137 INFO HTTP Request: GET http://localhost:3000/api/bot/orders?status=PAID "HTTP/1.1 200 OK"
2026-07-22 15:24:05,221 INFO HTTP Request: POST http://localhost:3000/api/bot/orders/expire "HTTP/1.1 200 OK"
2026-07-22 15:24:05,322 INFO HTTP Request: GET http://localhost:3000/api/bot/products "HTTP/1.1 200 OK"
2026-07-22 15:24:05,504 INFO HTTP Request: GET http://localhost:3000/api/bot/configs "HTTP/1.1 200 OK"
2026-07-22 15:24:08,578 INFO HTTP Request: GET http://localhost:3000/api/bot/configs "HTTP/1.1 200 OK"
2026-07-22 15:24:10,187 INFO HTTP Request: GET http://localhost:3000/api/bot/orders?status=PAID "HTTP/1.1 200 OK"
2026-07-22 15:24:10,279 INFO HTTP Request: POST http://localhost:3000/api/bot/orders/expire "HTTP/1.1 200 OK"
2026-07-22 15:24:10,387 INFO HTTP Request: GET http://localhost:3000/api/bot/products "HTTP/1.1 200 OK"
2026-07-22 15:24:11,637 INFO HTTP Request: GET http://localhost:3000/api/bot/configs "HTTP/1.1 200 OK"
2026-07-22 15:24:14,688 INFO HTTP Request: GET http://localhost:3000/api/bot/configs "HTTP/1.1 200 OK"
2026-07-22 15:24:15,255 INFO HTTP Request: GET http://localhost:3000/api/bot/orders?status=PAID "HTTP/1.1 200 OK"
2026-07-22 15:24:15,338 INFO HTTP Request: POST http://localhost:3000/api/bot/orders/expire "HTTP/1.1 200 OK"
2026-07-22 15:24:15,455 INFO HTTP Request: GET http://localhost:3000/api/bot/products "HTTP/1.1 200 OK"
2026-07-22 15:24:17,747 INFO HTTP Request: GET http://localhost:3000/api/bot/configs "HTTP/1.1 200 OK"
2026-07-22 15:24:20,316 INFO HTTP Request: GET http://localhost:3000/api/bot/orders?status=PAID "HTTP/1.1 200 OK"
2026-07-22 15:24:20,392 INFO HTTP Request: POST http://localhost:3000/api/bot/orders/expire "HTTP/1.1 200 OK"
2026-07-22 15:24:20,505 INFO HTTP Request: GET http://localhost:3000/api/bot/products "HTTP/1.1 200 OK"
2026-07-22 15:24:20,813 INFO HTTP Request: GET http://localhost:3000/api/bot/configs "HTTP/1.1 200 OK"
2026-07-22 15:24:23,872 INFO HTTP Request: GET http://localhost:3000/api/bot/configs "HTTP/1.1 200 OK"
2026-07-22 15:24:25,384 INFO HTTP Request: GET http://localhost:3000/api/bot/orders?status=PAID "HTTP/1.1 200 OK"
2026-07-22 15:24:25,486 INFO HTTP Request: POST http://localhost:3000/api/bot/orders/expire "HTTP/1.1 200 OK"
2026-07-22 15:24:25,570 INFO HTTP Request: GET http://localhost:3000/api/bot/products "HTTP/1.1 200 OK"
2026-07-22 15:24:26,938 INFO HTTP Request: GET http://localhost:3000/api/bot/configs "HTTP/1.1 200 OK"
2026-07-22 15:24:29,995 INFO HTTP Request: GET http://localhost:3000/api/bot/configs "HTTP/1.1 200 OK"
2026-07-22 15:24:30,456 INFO HTTP Request: GET http://localhost:3000/api/bot/orders?status=PAID "HTTP/1.1 200 OK"
2026-07-22 15:24:30,537 INFO HTTP Request: POST http://localhost:3000/api/bot/orders/expire "HTTP/1.1 200 OK"
2026-07-22 15:24:30,639 INFO HTTP Request: GET http://localhost:3000/api/bot/products "HTTP/1.1 200 OK"
2026-07-22 15:24:33,054 INFO HTTP Request: GET http://localhost:3000/api/bot/configs "HTTP/1.1 200 OK"
2026-07-22 15:24:35,528 INFO HTTP Request: GET http://localhost:3000/api/bot/orders?status=PAID "HTTP/1.1 200 OK"
2026-07-22 15:24:35,594 INFO HTTP Request: POST http://localhost:3000/api/bot/orders/expire "HTTP/1.1 200 OK"
2026-07-22 15:24:35,704 INFO HTTP Request: GET http://localhost:3000/api/bot/products "HTTP/1.1 200 OK"
2026-07-22 15:24:36,130 INFO HTTP Request: GET http://localhost:3000/api/bot/configs "HTTP/1.1 200 OK"
2026-07-22 15:24:39,204 INFO HTTP Request: GET http://localhost:3000/api/bot/configs "HTTP/1.1 200 OK"
2026-07-22 15:24:40,589 INFO HTTP Request: GET http://localhost:3000/api/bot/orders?status=PAID "HTTP/1.1 200 OK"
2026-07-22 15:24:40,661 INFO HTTP Request: POST http://localhost:3000/api/bot/orders/expire "HTTP/1.1 200 OK"
2026-07-22 15:24:40,779 INFO HTTP Request: GET http://localhost:3000/api/bot/products "HTTP/1.1 200 OK"
2026-07-22 15:24:42,264 INFO HTTP Request: GET http://localhost:3000/api/bot/configs "HTTP/1.1 200 OK"
2026-07-22 15:24:45,330 INFO HTTP Request: GET http://localhost:3000/api/bot/configs "HTTP/1.1 200 OK"
2026-07-22 15:24:45,637 INFO HTTP Request: GET http://localhost:3000/api/bot/orders?status=PAID "HTTP/1.1 200 OK"
2026-07-22 15:24:45,713 INFO HTTP Request: POST http://localhost:3000/api/bot/orders/expire "HTTP/1.1 200 OK"
2026-07-22 15:24:45,821 INFO HTTP Request: GET http://localhost:3000/api/bot/products "HTTP/1.1 200 OK"
2026-07-22 15:24:48,395 INFO HTTP Request: GET http://localhost:3000/api/bot/configs "HTTP/1.1 200 OK"
2026-07-22 15:24:50,687 INFO HTTP Request: GET http://localhost:3000/api/bot/orders?status=PAID "HTTP/1.1 200 OK"
2026-07-22 15:24:50,779 INFO HTTP Request: POST http://localhost:3000/api/bot/orders/expire "HTTP/1.1 200 OK"
2026-07-22 15:24:50,879 INFO HTTP Request: GET http://localhost:3000/api/bot/products "HTTP/1.1 200 OK"
2026-07-22 15:24:51,471 INFO HTTP Request: GET http://localhost:3000/api/bot/configs "HTTP/1.1 200 OK"
2026-07-22 15:24:54,528 INFO HTTP Request: GET http://localhost:3000/api/bot/configs "HTTP/1.1 200 OK"
2026-07-22 15:24:55,746 INFO HTTP Request: GET http://localhost:3000/api/bot/orders?status=PAID "HTTP/1.1 200 OK"
2026-07-22 15:24:55,844 INFO HTTP Request: POST http://localhost:3000/api/bot/orders/expire "HTTP/1.1 200 OK"
2026-07-22 15:24:55,931 INFO HTTP Request: GET http://localhost:3000/api/bot/products "HTTP/1.1 200 OK"
2026-07-22 15:24:57,587 INFO HTTP Request: GET http://localhost:3000/api/bot/configs "HTTP/1.1 200 OK"
2026-07-22 15:25:00,630 INFO HTTP Request: GET http://localhost:3000/api/bot/configs "HTTP/1.1 200 OK"
2026-07-22 15:25:00,830 INFO HTTP Request: GET http://localhost:3000/api/bot/orders?status=PAID "HTTP/1.1 200 OK"
2026-07-22 15:25:00,902 INFO HTTP Request: POST http://localhost:3000/api/bot/orders/expire "HTTP/1.1 200 OK"
2026-07-22 15:25:01,002 INFO HTTP Request: GET http://localhost:3000/api/bot/products "HTTP/1.1 200 OK"
2026-07-22 15:25:03,693 INFO HTTP Request: GET http://localhost:3000/api/bot/configs "HTTP/1.1 200 OK"
2026-07-22 15:25:05,904 INFO HTTP Request: GET http://localhost:3000/api/bot/orders?status=PAID "HTTP/1.1 200 OK"
2026-07-22 15:25:05,971 INFO HTTP Request: POST http://localhost:3000/api/bot/orders/expire "HTTP/1.1 200 OK"
2026-07-22 15:25:06,071 INFO HTTP Request: GET http://localhost:3000/api/bot/products "HTTP/1.1 200 OK"
2026-07-22 15:25:06,746 INFO HTTP Request: GET http://localhost:3000/api/bot/configs "HTTP/1.1 200 OK"
2026-07-22 15:25:09,797 INFO HTTP Request: GET http://localhost:3000/api/bot/configs "HTTP/1.1 200 OK"
2026-07-22 15:25:10,956 INFO HTTP Request: GET http://localhost:3000/api/bot/orders?status=PAID "HTTP/1.1 200 OK"
2026-07-22 15:25:11,030 INFO HTTP Request: POST http://localhost:3000/api/bot/orders/expire "HTTP/1.1 200 OK"
2026-07-22 15:25:11,131 INFO HTTP Request: GET http://localhost:3000/api/bot/products "HTTP/1.1 200 OK"
2026-07-22 15:25:12,869 INFO HTTP Request: GET http://localhost:3000/api/bot/configs "HTTP/1.1 200 OK"
2026-07-22 15:25:15,953 INFO HTTP Request: GET http://localhost:3000/api/bot/configs "HTTP/1.1 200 OK"
2026-07-22 15:25:16,038 INFO HTTP Request: GET http://localhost:3000/api/bot/orders?status=PAID "HTTP/1.1 200 OK"
2026-07-22 15:25:16,127 INFO HTTP Request: POST http://localhost:3000/api/bot/orders/expire "HTTP/1.1 200 OK"
2026-07-22 15:25:16,194 INFO HTTP Request: GET http://localhost:3000/api/bot/products "HTTP/1.1 200 OK"
2026-07-22 15:25:19,021 INFO HTTP Request: GET http://localhost:3000/api/bot/configs "HTTP/1.1 200 OK"
2026-07-22 15:25:21,103 INFO HTTP Request: GET http://localhost:3000/api/bot/orders?status=PAID "HTTP/1.1 200 OK"
2026-07-22 15:25:21,161 INFO HTTP Request: POST http://localhost:3000/api/bot/orders/expire "HTTP/1.1 200 OK"
2026-07-22 15:25:21,290 INFO HTTP Request: GET http://localhost:3000/api/bot/products "HTTP/1.1 200 OK"
2026-07-22 15:25:22,080 INFO HTTP Request: GET http://localhost:3000/api/bot/configs "HTTP/1.1 200 OK"
2026-07-22 15:25:25,140 INFO HTTP Request: GET http://localhost:3000/api/bot/configs "HTTP/1.1 200 OK"
2026-07-22 15:25:26,154 INFO HTTP Request: GET http://localhost:3000/api/bot/orders?status=PAID "HTTP/1.1 200 OK"
2026-07-22 15:25:26,240 INFO HTTP Request: POST http://localhost:3000/api/bot/orders/expire "HTTP/1.1 200 OK"
2026-07-22 15:25:26,366 INFO HTTP Request: GET http://localhost:3000/api/bot/products "HTTP/1.1 200 OK"
2026-07-22 15:25:28,190 INFO HTTP Request: GET http://localhost:3000/api/bot/configs "HTTP/1.1 200 OK"
2026-07-22 15:25:31,217 INFO HTTP Request: GET http://localhost:3000/api/bot/orders?status=PAID "HTTP/1.1 200 OK"
2026-07-22 15:25:31,288 INFO HTTP Request: GET http://localhost:3000/api/bot/configs "HTTP/1.1 200 OK"
2026-07-22 15:25:31,365 INFO HTTP Request: POST http://localhost:3000/api/bot/orders/expire "HTTP/1.1 200 OK"
2026-07-22 15:25:31,455 INFO HTTP Request: GET http://localhost:3000/api/bot/products "HTTP/1.1 200 OK"
2026-07-22 15:25:34,331 INFO HTTP Request: GET http://localhost:3000/api/bot/configs "HTTP/1.1 200 OK"
2026-07-22 15:25:36,283 INFO HTTP Request: GET http://localhost:3000/api/bot/orders?status=PAID "HTTP/1.1 200 OK"
2026-07-22 15:25:36,413 INFO HTTP Request: POST http://localhost:3000/api/bot/orders/expire "HTTP/1.1 200 OK"
2026-07-22 15:25:36,499 INFO HTTP Request: GET http://localhost:3000/api/bot/products "HTTP/1.1 200 OK"
2026-07-22 15:25:37,391 INFO HTTP Request: GET http://localhost:3000/api/bot/configs "HTTP/1.1 200 OK"
2026-07-22 15:25:40,450 INFO HTTP Request: GET http://localhost:3000/api/bot/configs "HTTP/1.1 200 OK"
2026-07-22 15:25:41,341 INFO HTTP Request: GET http://localhost:3000/api/bot/orders?status=PAID "HTTP/1.1 200 OK"
2026-07-22 15:25:41,488 INFO HTTP Request: POST http://localhost:3000/api/bot/orders/expire "HTTP/1.1 200 OK"
2026-07-22 15:25:41,555 INFO HTTP Request: GET http://localhost:3000/api/bot/products "HTTP/1.1 200 OK"
2026-07-22 15:25:43,514 INFO HTTP Request: GET http://localhost:3000/api/bot/configs "HTTP/1.1 200 OK"
2026-07-22 15:25:46,405 INFO HTTP Request: GET http://localhost:3000/api/bot/orders?status=PAID "HTTP/1.1 200 OK"
2026-07-22 15:25:46,557 INFO HTTP Request: POST http://localhost:3000/api/bot/orders/expire "HTTP/1.1 200 OK"
2026-07-22 15:25:46,638 INFO HTTP Request: GET http://localhost:3000/api/bot/configs "HTTP/1.1 200 OK"
2026-07-22 15:25:46,715 INFO HTTP Request: GET http://localhost:3000/api/bot/products "HTTP/1.1 200 OK"
2026-07-22 15:25:49,706 INFO HTTP Request: GET http://localhost:3000/api/bot/configs "HTTP/1.1 200 OK"
2026-07-22 15:25:51,472 INFO HTTP Request: GET http://localhost:3000/api/bot/orders?status=PAID "HTTP/1.1 200 OK"
2026-07-22 15:25:51,622 INFO HTTP Request: POST http://localhost:3000/api/bot/orders/expire "HTTP/1.1 200 OK"
2026-07-22 15:25:51,782 INFO HTTP Request: GET http://localhost:3000/api/bot/products "HTTP/1.1 200 OK"
2026-07-22 15:25:52,765 INFO HTTP Request: GET http://localhost:3000/api/bot/configs "HTTP/1.1 200 OK"
2026-07-22 15:25:55,839 INFO HTTP Request: GET http://localhost:3000/api/bot/configs "HTTP/1.1 200 OK"
2026-07-22 15:25:56,532 INFO HTTP Request: GET http://localhost:3000/api/bot/orders?status=PAID "HTTP/1.1 200 OK"
2026-07-22 15:25:56,690 INFO HTTP Request: POST http://localhost:3000/api/bot/orders/expire "HTTP/1.1 200 OK"
2026-07-22 15:25:56,848 INFO HTTP Request: GET http://localhost:3000/api/bot/products "HTTP/1.1 200 OK"
2026-07-22 15:25:58,889 INFO HTTP Request: GET http://localhost:3000/api/bot/configs "HTTP/1.1 200 OK"
2026-07-22 15:26:01,598 INFO HTTP Request: GET http://localhost:3000/api/bot/orders?status=PAID "HTTP/1.1 200 OK"
2026-07-22 15:26:01,747 INFO HTTP Request: POST http://localhost:3000/api/bot/orders/expire "HTTP/1.1 200 OK"
2026-07-22 15:26:01,896 INFO HTTP Request: GET http://localhost:3000/api/bot/products "HTTP/1.1 200 OK"
2026-07-22 15:26:01,981 INFO HTTP Request: GET http://localhost:3000/api/bot/configs "HTTP/1.1 200 OK"
2026-07-22 15:26:05,039 INFO HTTP Request: GET http://localhost:3000/api/bot/configs "HTTP/1.1 200 OK"
2026-07-22 15:26:06,656 INFO HTTP Request: GET http://localhost:3000/api/bot/orders?status=PAID "HTTP/1.1 200 OK"
2026-07-22 15:26:06,815 INFO HTTP Request: POST http://localhost:3000/api/bot/orders/expire "HTTP/1.1 200 OK"
2026-07-22 15:26:06,966 INFO HTTP Request: GET http://localhost:3000/api/bot/products "HTTP/1.1 200 OK"
2026-07-22 15:26:08,090 INFO HTTP Request: GET http://localhost:3000/api/bot/configs "HTTP/1.1 200 OK"
2026-07-22 15:26:11,149 INFO HTTP Request: GET http://localhost:3000/api/bot/configs "HTTP/1.1 200 OK"
2026-07-22 15:26:11,708 INFO HTTP Request: GET http://localhost:3000/api/bot/orders?status=PAID "HTTP/1.1 200 OK"
2026-07-22 15:26:11,880 INFO HTTP Request: POST http://localhost:3000/api/bot/orders/expire "HTTP/1.1 200 OK"
2026-07-22 15:26:12,032 INFO HTTP Request: GET http://localhost:3000/api/bot/products "HTTP/1.1 200 OK"
2026-07-22 15:26:14,207 INFO HTTP Request: GET http://localhost:3000/api/bot/configs "HTTP/1.1 200 OK"
2026-07-22 15:26:16,766 INFO HTTP Request: GET http://localhost:3000/api/bot/orders?status=PAID "HTTP/1.1 200 OK"
2026-07-22 15:26:16,940 INFO HTTP Request: POST http://localhost:3000/api/bot/orders/expire "HTTP/1.1 200 OK"
2026-07-22 15:26:17,090 INFO HTTP Request: GET http://localhost:3000/api/bot/products "HTTP/1.1 200 OK"
2026-07-22 15:26:17,255 INFO HTTP Request: GET http://localhost:3000/api/bot/configs "HTTP/1.1 200 OK"
2026-07-22 15:26:20,316 INFO HTTP Request: GET http://localhost:3000/api/bot/configs "HTTP/1.1 200 OK"
2026-07-22 15:26:21,825 INFO HTTP Request: GET http://localhost:3000/api/bot/orders?status=PAID "HTTP/1.1 200 OK"
2026-07-22 15:26:22,000 INFO HTTP Request: POST http://localhost:3000/api/bot/orders/expire "HTTP/1.1 200 OK"
2026-07-22 15:26:22,149 INFO HTTP Request: GET http://localhost:3000/api/bot/products "HTTP/1.1 200 OK"
2026-07-22 15:26:23,374 INFO HTTP Request: GET http://localhost:3000/api/bot/configs "HTTP/1.1 200 OK"
2026-07-22 15:26:24,333 INFO HTTP Request: POST http://localhost:3000/api/bot/users/register "HTTP/1.1 400 Bad Request"
2026-07-22 15:26:25,199 INFO Update id=392061445 is handled. Duration 938 ms by bot id=8723246369
2026-07-22 15:26:26,433 INFO HTTP Request: GET http://localhost:3000/api/bot/configs "HTTP/1.1 200 OK"
2026-07-22 15:26:26,891 INFO HTTP Request: GET http://localhost:3000/api/bot/orders?status=PAID "HTTP/1.1 200 OK"
2026-07-22 15:26:27,057 INFO HTTP Request: POST http://localhost:3000/api/bot/orders/expire "HTTP/1.1 200 OK"
2026-07-22 15:26:27,217 INFO HTTP Request: GET http://localhost:3000/api/bot/products "HTTP/1.1 200 OK"
2026-07-22 15:26:29,500 INFO HTTP Request: GET http://localhost:3000/api/bot/configs "HTTP/1.1 200 OK"
2026-07-22 15:26:31,941 INFO HTTP Request: GET http://localhost:3000/api/bot/orders?status=PAID "HTTP/1.1 200 OK"
2026-07-22 15:26:32,122 INFO HTTP Request: POST http://localhost:3000/api/bot/orders/expire "HTTP/1.1 200 OK"
2026-07-22 15:26:32,278 INFO HTTP Request: GET http://localhost:3000/api/bot/products "HTTP/1.1 200 OK"
2026-07-22 15:26:32,566 INFO HTTP Request: GET http://localhost:3000/api/bot/configs "HTTP/1.1 200 OK"
2026-07-22 15:26:35,622 INFO HTTP Request: GET http://localhost:3000/api/bot/configs "HTTP/1.1 200 OK"
2026-07-22 15:26:36,993 INFO HTTP Request: GET http://localhost:3000/api/bot/orders?status=PAID "HTTP/1.1 200 OK"
2026-07-22 15:26:37,175 INFO HTTP Request: POST http://localhost:3000/api/bot/orders/expire "HTTP/1.1 200 OK"
2026-07-22 15:26:37,347 INFO HTTP Request: GET http://localhost:3000/api/bot/products "HTTP/1.1 200 OK"
2026-07-22 15:26:38,684 INFO HTTP Request: GET http://localhost:3000/api/bot/configs "HTTP/1.1 200 OK"
2026-07-22 15:26:41,931 INFO HTTP Request: GET http://localhost:3000/api/bot/configs "HTTP/1.1 200 OK"
2026-07-22 15:26:42,233 INFO HTTP Request: GET http://localhost:3000/api/bot/orders?status=PAID "HTTP/1.1 200 OK"
2026-07-22 15:26:42,475 INFO HTTP Request: POST http://localhost:3000/api/bot/orders/expire "HTTP/1.1 200 OK"
2026-07-22 15:26:42,640 INFO HTTP Request: GET http://localhost:3000/api/bot/products "HTTP/1.1 200 OK"
2026-07-22 15:26:45,014 INFO HTTP Request: GET http://localhost:3000/api/bot/configs "HTTP/1.1 200 OK"
2026-07-22 15:26:47,349 INFO HTTP Request: GET http://localhost:3000/api/bot/orders?status=PAID "HTTP/1.1 200 OK"
2026-07-22 15:26:47,556 INFO HTTP Request: POST http://localhost:3000/api/bot/orders/expire "HTTP/1.1 200 OK"
2026-07-22 15:26:47,715 INFO HTTP Request: GET http://localhost:3000/api/bot/products "HTTP/1.1 200 OK"
2026-07-22 15:26:48,099 INFO HTTP Request: GET http://localhost:3000/api/bot/configs "HTTP/1.1 200 OK"
2026-07-22 15:26:51,166 INFO HTTP Request: GET http://localhost:3000/api/bot/configs "HTTP/1.1 200 OK"
2026-07-22 15:26:52,425 INFO HTTP Request: GET http://localhost:3000/api/bot/orders?status=PAID "HTTP/1.1 200 OK"
2026-07-22 15:26:52,658 INFO HTTP Request: POST http://localhost:3000/api/bot/orders/expire "HTTP/1.1 200 OK"
2026-07-22 15:26:52,798 INFO HTTP Request: GET http://localhost:3000/api/bot/products "HTTP/1.1 200 OK"
2026-07-22 15:26:54,249 INFO HTTP Request: GET http://localhost:3000/api/bot/configs "HTTP/1.1 200 OK"
2026-07-22 15:26:57,346 INFO HTTP Request: GET http://localhost:3000/api/bot/configs "HTTP/1.1 200 OK"
2026-07-22 15:26:57,489 INFO HTTP Request: GET http://localhost:3000/api/bot/orders?status=PAID "HTTP/1.1 200 OK"
2026-07-22 15:26:57,716 INFO HTTP Request: POST http://localhost:3000/api/bot/orders/expire "HTTP/1.1 200 OK"
2026-07-22 15:26:57,866 INFO HTTP Request: GET http://localhost:3000/api/bot/products "HTTP/1.1 200 OK"
2026-07-22 15:27:00,416 INFO HTTP Request: GET http://localhost:3000/api/bot/configs "HTTP/1.1 200 OK"
2026-07-22 15:27:02,558 INFO HTTP Request: GET http://localhost:3000/api/bot/orders?status=PAID "HTTP/1.1 200 OK"
2026-07-22 15:27:02,781 INFO HTTP Request: POST http://localhost:3000/api/bot/orders/expire "HTTP/1.1 200 OK"
2026-07-22 15:27:02,916 INFO HTTP Request: GET http://localhost:3000/api/bot/products "HTTP/1.1 200 OK"
2026-07-22 15:27:03,495 INFO HTTP Request: GET http://localhost:3000/api/bot/configs "HTTP/1.1 200 OK"
2026-07-22 15:27:06,561 INFO HTTP Request: GET http://localhost:3000/api/bot/configs "HTTP/1.1 200 OK"
2026-07-22 15:27:07,636 INFO HTTP Request: GET http://localhost:3000/api/bot/orders?status=PAID "HTTP/1.1 200 OK"
2026-07-22 15:27:07,839 INFO HTTP Request: POST http://localhost:3000/api/bot/orders/expire "HTTP/1.1 200 OK"
2026-07-22 15:27:07,978 INFO HTTP Request: GET http://localhost:3000/api/bot/products "HTTP/1.1 200 OK"
2026-07-22 15:27:09,628 INFO HTTP Request: GET http://localhost:3000/api/bot/configs "HTTP/1.1 200 OK"
2026-07-22 15:27:12,698 INFO HTTP Request: GET http://localhost:3000/api/bot/orders?status=PAID "HTTP/1.1 200 OK"
2026-07-22 15:27:12,769 INFO HTTP Request: GET http://localhost:3000/api/bot/configs "HTTP/1.1 200 OK"
2026-07-22 15:27:12,922 INFO HTTP Request: POST http://localhost:3000/api/bot/orders/expire "HTTP/1.1 200 OK"
2026-07-22 15:27:13,055 INFO HTTP Request: GET http://localhost:3000/api/bot/products "HTTP/1.1 200 OK"
2026-07-22 15:27:16,256 INFO HTTP Request: GET http://localhost:3000/api/bot/configs "HTTP/1.1 200 OK"
2026-07-22 15:27:17,759 INFO HTTP Request: GET http://localhost:3000/api/bot/orders?status=PAID "HTTP/1.1 200 OK"
2026-07-22 15:27:17,989 INFO HTTP Request: POST http://localhost:3000/api/bot/orders/expire "HTTP/1.1 200 OK"
2026-07-22 15:27:18,130 INFO HTTP Request: GET http://localhost:3000/api/bot/products "HTTP/1.1 200 OK"
2026-07-22 15:27:19,323 INFO HTTP Request: GET http://localhost:3000/api/bot/configs "HTTP/1.1 200 OK"
2026-07-22 15:27:22,395 INFO HTTP Request: GET http://localhost:3000/api/bot/configs "HTTP/1.1 200 OK"
2026-07-22 15:27:22,840 INFO HTTP Request: GET http://localhost:3000/api/bot/orders?status=PAID "HTTP/1.1 200 OK"
2026-07-22 15:27:23,065 INFO HTTP Request: POST http://localhost:3000/api/bot/orders/expire "HTTP/1.1 200 OK"
2026-07-22 15:27:23,181 INFO HTTP Request: GET http://localhost:3000/api/bot/products "HTTP/1.1 200 OK"
2026-07-22 15:27:25,449 INFO HTTP Request: GET http://localhost:3000/api/bot/configs "HTTP/1.1 200 OK"
2026-07-22 15:27:27,890 INFO HTTP Request: GET http://localhost:3000/api/bot/orders?status=PAID "HTTP/1.1 200 OK"
2026-07-22 15:27:28,132 INFO HTTP Request: POST http://localhost:3000/api/bot/orders/expire "HTTP/1.1 200 OK"
2026-07-22 15:27:28,244 INFO HTTP Request: GET http://localhost:3000/api/bot/products "HTTP/1.1 200 OK"
2026-07-22 15:27:28,532 INFO HTTP Request: GET http://localhost:3000/api/bot/configs "HTTP/1.1 200 OK"
2026-07-22 15:27:31,605 INFO HTTP Request: GET http://localhost:3000/api/bot/configs "HTTP/1.1 200 OK"
2026-07-22 15:27:32,946 INFO HTTP Request: GET http://localhost:3000/api/bot/orders?status=PAID "HTTP/1.1 200 OK"
2026-07-22 15:27:33,215 INFO HTTP Request: POST http://localhost:3000/api/bot/orders/expire "HTTP/1.1 200 OK"
2026-07-22 15:27:33,315 INFO HTTP Request: GET http://localhost:3000/api/bot/products "HTTP/1.1 200 OK"
2026-07-22 15:27:34,674 INFO HTTP Request: GET http://localhost:3000/api/bot/configs "HTTP/1.1 200 OK"
2026-07-22 15:27:37,730 INFO HTTP Request: GET http://localhost:3000/api/bot/configs "HTTP/1.1 200 OK"
2026-07-22 15:27:37,997 INFO HTTP Request: GET http://localhost:3000/api/bot/orders?status=PAID "HTTP/1.1 200 OK"
2026-07-22 15:27:38,264 INFO HTTP Request: POST http://localhost:3000/api/bot/orders/expire "HTTP/1.1 200 OK"
2026-07-22 15:27:38,390 INFO HTTP Request: GET http://localhost:3000/api/bot/products "HTTP/1.1 200 OK"
2026-07-22 15:27:40,799 INFO HTTP Request: GET http://localhost:3000/api/bot/configs "HTTP/1.1 200 OK"
2026-07-22 15:27:43,058 INFO HTTP Request: GET http://localhost:3000/api/bot/orders?status=PAID "HTTP/1.1 200 OK"
2026-07-22 15:27:43,324 INFO HTTP Request: POST http://localhost:3000/api/bot/orders/expire "HTTP/1.1 200 OK"
2026-07-22 15:27:43,440 INFO HTTP Request: GET http://localhost:3000/api/bot/products "HTTP/1.1 200 OK"
2026-07-22 15:27:43,866 INFO HTTP Request: GET http://localhost:3000/api/bot/configs "HTTP/1.1 200 OK"
2026-07-22 15:27:46,923 INFO HTTP Request: GET http://localhost:3000/api/bot/configs "HTTP/1.1 200 OK"
2026-07-22 15:27:48,125 INFO HTTP Request: GET http://localhost:3000/api/bot/orders?status=PAID "HTTP/1.1 200 OK"
2026-07-22 15:27:48,391 INFO HTTP Request: POST http://localhost:3000/api/bot/orders/expire "HTTP/1.1 200 OK"
2026-07-22 15:27:48,498 INFO HTTP Request: GET http://localhost:3000/api/bot/products "HTTP/1.1 200 OK"
2026-07-22 15:27:49,991 INFO HTTP Request: GET http://localhost:3000/api/bot/configs "HTTP/1.1 200 OK"
2026-07-22 15:27:53,050 INFO HTTP Request: GET http://localhost:3000/api/bot/configs "HTTP/1.1 200 OK"
2026-07-22 15:27:53,175 INFO HTTP Request: GET http://localhost:3000/api/bot/orders?status=PAID "HTTP/1.1 200 OK"
2026-07-22 15:27:53,450 INFO HTTP Request: POST http://localhost:3000/api/bot/orders/expire "HTTP/1.1 200 OK"
2026-07-22 15:27:53,540 INFO HTTP Request: GET http://localhost:3000/api/bot/products "HTTP/1.1 200 OK"
2026-07-22 15:27:56,123 INFO HTTP Request: GET http://localhost:3000/api/bot/configs "HTTP/1.1 200 OK"
2026-07-22 15:27:58,226 INFO HTTP Request: GET http://localhost:3000/api/bot/orders?status=PAID "HTTP/1.1 200 OK"
2026-07-22 15:27:58,497 INFO HTTP Request: POST http://localhost:3000/api/bot/orders/expire "HTTP/1.1 200 OK"
2026-07-22 15:27:58,640 INFO HTTP Request: GET http://localhost:3000/api/bot/products "HTTP/1.1 200 OK"
2026-07-22 15:27:59,208 INFO HTTP Request: GET http://localhost:3000/api/bot/configs "HTTP/1.1 200 OK"
2026-07-22 15:28:02,282 INFO HTTP Request: GET http://localhost:3000/api/bot/configs "HTTP/1.1 200 OK"
2026-07-22 15:28:03,307 INFO HTTP Request: GET http://localhost:3000/api/bot/orders?status=PAID "HTTP/1.1 200 OK"
2026-07-22 15:28:03,582 INFO HTTP Request: POST http://localhost:3000/api/bot/orders/expire "HTTP/1.1 200 OK"
2026-07-22 15:28:03,723 INFO HTTP Request: GET http://localhost:3000/api/bot/products "HTTP/1.1 200 OK"
2026-07-22 15:28:05,366 INFO HTTP Request: GET http://localhost:3000/api/bot/configs "HTTP/1.1 200 OK"
2026-07-22 15:28:08,377 INFO HTTP Request: GET http://localhost:3000/api/bot/orders?status=PAID "HTTP/1.1 200 OK"
2026-07-22 15:28:08,473 INFO HTTP Request: GET http://localhost:3000/api/bot/configs "HTTP/1.1 200 OK"
2026-07-22 15:28:08,632 INFO HTTP Request: POST http://localhost:3000/api/bot/orders/expire "HTTP/1.1 200 OK"
2026-07-22 15:28:08,786 INFO HTTP Request: GET http://localhost:3000/api/bot/products "HTTP/1.1 200 OK"
2026-07-22 15:28:11,549 INFO HTTP Request: GET http://localhost:3000/api/bot/configs "HTTP/1.1 200 OK"
2026-07-22 15:28:13,458 INFO HTTP Request: GET http://localhost:3000/api/bot/orders?status=PAID "HTTP/1.1 200 OK"
2026-07-22 15:28:13,742 INFO HTTP Request: POST http://localhost:3000/api/bot/orders/expire "HTTP/1.1 200 OK"
2026-07-22 15:28:13,849 INFO HTTP Request: GET http://localhost:3000/api/bot/products "HTTP/1.1 200 OK"
2026-07-22 15:28:14,608 INFO HTTP Request: GET http://localhost:3000/api/bot/configs "HTTP/1.1 200 OK"
2026-07-22 15:28:17,667 INFO HTTP Request: GET http://localhost:3000/api/bot/configs "HTTP/1.1 200 OK"
2026-07-22 15:28:18,507 INFO HTTP Request: GET http://localhost:3000/api/bot/orders?status=PAID "HTTP/1.1 200 OK"
2026-07-22 15:28:18,808 INFO HTTP Request: POST http://localhost:3000/api/bot/orders/expire "HTTP/1.1 200 OK"
2026-07-22 15:28:18,900 INFO HTTP Request: GET http://localhost:3000/api/bot/products "HTTP/1.1 200 OK"
2026-07-22 15:28:20,724 INFO HTTP Request: GET http://localhost:3000/api/bot/configs "HTTP/1.1 200 OK"
2026-07-22 15:28:23,583 INFO HTTP Request: GET http://localhost:3000/api/bot/orders?status=PAID "HTTP/1.1 200 OK"
2026-07-22 15:28:23,784 INFO HTTP Request: GET http://localhost:3000/api/bot/configs "HTTP/1.1 200 OK"
2026-07-22 15:28:23,874 INFO HTTP Request: POST http://localhost:3000/api/bot/orders/expire "HTTP/1.1 200 OK"
2026-07-22 15:28:23,966 INFO HTTP Request: GET http://localhost:3000/api/bot/products "HTTP/1.1 200 OK"
2026-07-22 15:28:25,286 INFO Update id=392061446 is handled. Duration 0 ms by bot id=8723246369
2026-07-22 15:28:26,842 INFO HTTP Request: GET http://localhost:3000/api/bot/configs "HTTP/1.1 200 OK"
2026-07-22 15:28:28,633 INFO HTTP Request: GET http://localhost:3000/api/bot/orders?status=PAID "HTTP/1.1 200 OK"
2026-07-22 15:28:28,916 INFO HTTP Request: POST http://localhost:3000/api/bot/orders/expire "HTTP/1.1 200 OK"
2026-07-22 15:28:29,010 INFO HTTP Request: GET http://localhost:3000/api/bot/products "HTTP/1.1 200 OK"
2026-07-22 15:28:29,893 INFO HTTP Request: GET http://localhost:3000/api/bot/configs "HTTP/1.1 200 OK"
2026-07-22 15:28:32,943 INFO HTTP Request: GET http://localhost:3000/api/bot/configs "HTTP/1.1 200 OK"
2026-07-22 15:28:33,710 INFO HTTP Request: GET http://localhost:3000/api/bot/orders?status=PAID "HTTP/1.1 200 OK"
2026-07-22 15:28:33,973 INFO HTTP Request: POST http://localhost:3000/api/bot/orders/expire "HTTP/1.1 200 OK"
2026-07-22 15:28:34,077 INFO HTTP Request: GET http://localhost:3000/api/bot/products "HTTP/1.1 200 OK"
2026-07-22 15:28:35,985 INFO HTTP Request: GET http://localhost:3000/api/bot/configs "HTTP/1.1 200 OK"
2026-07-22 15:28:36,432 INFO Update id=392061447 is handled. Duration 421 ms by bot id=8723246369
2026-07-22 15:28:38,742 INFO HTTP Request: GET http://localhost:3000/api/bot/orders?status=PAID "HTTP/1.1 200 OK"
2026-07-22 15:28:39,010 INFO HTTP Request: POST http://localhost:3000/api/bot/orders/expire "HTTP/1.1 200 OK"
2026-07-22 15:28:39,077 INFO HTTP Request: GET http://localhost:3000/api/bot/configs "HTTP/1.1 200 OK"
2026-07-22 15:28:39,135 INFO HTTP Request: GET http://localhost:3000/api/bot/products "HTTP/1.1 200 OK"
2026-07-22 15:28:42,127 INFO HTTP Request: GET http://localhost:3000/api/bot/configs "HTTP/1.1 200 OK"
2026-07-22 15:28:43,794 INFO HTTP Request: GET http://localhost:3000/api/bot/orders?status=PAID "HTTP/1.1 200 OK"
2026-07-22 15:28:44,064 INFO HTTP Request: POST http://localhost:3000/api/bot/orders/expire "HTTP/1.1 200 OK"
2026-07-22 15:28:44,185 INFO HTTP Request: GET http://localhost:3000/api/bot/products "HTTP/1.1 200 OK"
2026-07-22 15:28:45,177 INFO HTTP Request: GET http://localhost:3000/api/bot/configs "HTTP/1.1 200 OK"
2026-07-22 15:28:48,226 INFO HTTP Request: GET http://localhost:3000/api/bot/configs "HTTP/1.1 200 OK"
2026-07-22 15:28:48,835 INFO HTTP Request: GET http://localhost:3000/api/bot/orders?status=PAID "HTTP/1.1 200 OK"
2026-07-22 15:28:49,090 INFO HTTP Request: POST http://localhost:3000/api/bot/orders/expire "HTTP/1.1 200 OK"
2026-07-22 15:28:49,244 INFO HTTP Request: GET http://localhost:3000/api/bot/products "HTTP/1.1 200 OK"
2026-07-22 15:28:51,269 INFO HTTP Request: GET http://localhost:3000/api/bot/configs "HTTP/1.1 200 OK"
2026-07-22 15:28:53,917 INFO HTTP Request: GET http://localhost:3000/api/bot/orders?status=PAID "HTTP/1.1 200 OK"
2026-07-22 15:28:54,144 INFO HTTP Request: POST http://localhost:3000/api/bot/orders/expire "HTTP/1.1 200 OK"
2026-07-22 15:28:54,303 INFO HTTP Request: GET http://localhost:3000/api/bot/products "HTTP/1.1 200 OK"
2026-07-22 15:28:54,374 INFO HTTP Request: GET http://localhost:3000/api/bot/configs "HTTP/1.1 200 OK"
2026-07-22 15:28:57,424 INFO HTTP Request: GET http://localhost:3000/api/bot/configs "HTTP/1.1 200 OK"
2026-07-22 15:28:58,966 INFO HTTP Request: GET http://localhost:3000/api/bot/orders?status=PAID "HTTP/1.1 200 OK"
2026-07-22 15:28:59,185 INFO HTTP Request: POST http://localhost:3000/api/bot/orders/expire "HTTP/1.1 200 OK"
2026-07-22 15:28:59,349 INFO HTTP Request: GET http://localhost:3000/api/bot/products "HTTP/1.1 200 OK"
2026-07-22 15:29:00,461 INFO HTTP Request: GET http://localhost:3000/api/bot/configs "HTTP/1.1 200 OK"
2026-07-22 15:29:03,508 INFO HTTP Request: GET http://localhost:3000/api/bot/configs "HTTP/1.1 200 OK"
2026-07-22 15:29:04,028 INFO HTTP Request: GET http://localhost:3000/api/bot/orders?status=PAID "HTTP/1.1 200 OK"
2026-07-22 15:29:04,232 INFO HTTP Request: POST http://localhost:3000/api/bot/orders/expire "HTTP/1.1 200 OK"
2026-07-22 15:29:04,395 INFO HTTP Request: GET http://localhost:3000/api/bot/products "HTTP/1.1 200 OK"
2026-07-22 15:29:06,561 INFO HTTP Request: GET http://localhost:3000/api/bot/configs "HTTP/1.1 200 OK"
2026-07-22 15:29:09,086 INFO HTTP Request: GET http://localhost:3000/api/bot/orders?status=PAID "HTTP/1.1 200 OK"
2026-07-22 15:29:09,278 INFO HTTP Request: POST http://localhost:3000/api/bot/orders/expire "HTTP/1.1 200 OK"
2026-07-22 15:29:09,445 INFO HTTP Request: GET http://localhost:3000/api/bot/products "HTTP/1.1 200 OK"
2026-07-22 15:29:09,632 INFO HTTP Request: GET http://localhost:3000/api/bot/configs "HTTP/1.1 200 OK"
2026-07-22 15:29:12,696 INFO HTTP Request: GET http://localhost:3000/api/bot/configs "HTTP/1.1 200 OK"
2026-07-22 15:29:14,154 INFO HTTP Request: GET http://localhost:3000/api/bot/orders?status=PAID "HTTP/1.1 200 OK"
2026-07-22 15:29:14,390 INFO HTTP Request: POST http://localhost:3000/api/bot/orders/expire "HTTP/1.1 200 OK"
2026-07-22 15:29:14,533 INFO HTTP Request: GET http://localhost:3000/api/bot/products "HTTP/1.1 200 OK"
2026-07-22 15:29:15,751 INFO HTTP Request: GET http://localhost:3000/api/bot/configs "HTTP/1.1 200 OK"
2026-07-22 15:29:18,814 INFO HTTP Request: GET http://localhost:3000/api/bot/configs "HTTP/1.1 200 OK"
2026-07-22 15:29:19,204 INFO HTTP Request: GET http://localhost:3000/api/bot/orders?status=PAID "HTTP/1.1 200 OK"
2026-07-22 15:29:19,464 INFO HTTP Request: POST http://localhost:3000/api/bot/orders/expire "HTTP/1.1 200 OK"
2026-07-22 15:29:19,615 INFO HTTP Request: GET http://localhost:3000/api/bot/products "HTTP/1.1 200 OK"
2026-07-22 15:29:21,882 INFO HTTP Request: GET http://localhost:3000/api/bot/configs "HTTP/1.1 200 OK"
2026-07-22 15:29:24,265 INFO HTTP Request: GET http://localhost:3000/api/bot/orders?status=PAID "HTTP/1.1 200 OK"
2026-07-22 15:29:24,532 INFO HTTP Request: POST http://localhost:3000/api/bot/orders/expire "HTTP/1.1 200 OK"
2026-07-22 15:29:24,669 INFO HTTP Request: GET http://localhost:3000/api/bot/products "HTTP/1.1 200 OK"
2026-07-22 15:29:24,956 INFO HTTP Request: GET http://localhost:3000/api/bot/configs "HTTP/1.1 200 OK"
2026-07-22 15:29:28,023 INFO HTTP Request: GET http://localhost:3000/api/bot/configs "HTTP/1.1 200 OK"
2026-07-22 15:29:29,331 INFO HTTP Request: GET http://localhost:3000/api/bot/orders?status=PAID "HTTP/1.1 200 OK"
2026-07-22 15:29:29,600 INFO HTTP Request: POST http://localhost:3000/api/bot/orders/expire "HTTP/1.1 200 OK"
2026-07-22 15:29:29,756 INFO HTTP Request: GET http://localhost:3000/api/bot/products "HTTP/1.1 200 OK"
2026-07-22 15:29:31,121 INFO HTTP Request: GET http://localhost:3000/api/bot/configs "HTTP/1.1 200 OK"
2026-07-22 15:29:34,198 INFO HTTP Request: GET http://localhost:3000/api/bot/configs "HTTP/1.1 200 OK"
2026-07-22 15:29:34,381 INFO HTTP Request: GET http://localhost:3000/api/bot/orders?status=PAID "HTTP/1.1 200 OK"
2026-07-22 15:29:34,671 INFO HTTP Request: POST http://localhost:3000/api/bot/orders/expire "HTTP/1.1 200 OK"
2026-07-22 15:29:34,821 INFO HTTP Request: GET http://localhost:3000/api/bot/products "HTTP/1.1 200 OK"
2026-07-22 15:29:37,272 INFO HTTP Request: GET http://localhost:3000/api/bot/configs "HTTP/1.1 200 OK"
2026-07-22 15:29:39,438 INFO HTTP Request: GET http://localhost:3000/api/bot/orders?status=PAID "HTTP/1.1 200 OK"
2026-07-22 15:29:39,738 INFO HTTP Request: POST http://localhost:3000/api/bot/orders/expire "HTTP/1.1 200 OK"
2026-07-22 15:29:39,905 INFO HTTP Request: GET http://localhost:3000/api/bot/products "HTTP/1.1 200 OK"
2026-07-22 15:29:40,347 INFO HTTP Request: GET http://localhost:3000/api/bot/configs "HTTP/1.1 200 OK"
2026-07-22 15:29:43,431 INFO HTTP Request: GET http://localhost:3000/api/bot/configs "HTTP/1.1 200 OK"
2026-07-22 15:29:44,495 INFO HTTP Request: GET http://localhost:3000/api/bot/orders?status=PAID "HTTP/1.1 200 OK"
2026-07-22 15:29:44,779 INFO HTTP Request: POST http://localhost:3000/api/bot/orders/expire "HTTP/1.1 200 OK"
2026-07-22 15:29:44,954 INFO HTTP Request: GET http://localhost:3000/api/bot/products "HTTP/1.1 200 OK"
2026-07-22 15:29:46,480 INFO HTTP Request: GET http://localhost:3000/api/bot/configs "HTTP/1.1 200 OK"
2026-07-22 15:29:49,531 INFO HTTP Request: GET http://localhost:3000/api/bot/configs "HTTP/1.1 200 OK"
2026-07-22 15:29:49,596 INFO HTTP Request: GET http://localhost:3000/api/bot/orders?status=PAID "HTTP/1.1 200 OK"
2026-07-22 15:29:49,838 INFO HTTP Request: POST http://localhost:3000/api/bot/orders/expire "HTTP/1.1 200 OK"
2026-07-22 15:29:50,013 INFO HTTP Request: GET http://localhost:3000/api/bot/products "HTTP/1.1 200 OK"
2026-07-22 15:29:52,588 INFO HTTP Request: GET http://localhost:3000/api/bot/configs "HTTP/1.1 200 OK"
2026-07-22 15:29:54,654 INFO HTTP Request: GET http://localhost:3000/api/bot/orders?status=PAID "HTTP/1.1 200 OK"
2026-07-22 15:29:54,897 INFO HTTP Request: POST http://localhost:3000/api/bot/orders/expire "HTTP/1.1 200 OK"
2026-07-22 15:29:55,071 INFO HTTP Request: GET http://localhost:3000/api/bot/products "HTTP/1.1 200 OK"
2026-07-22 15:29:55,638 INFO HTTP Request: GET http://localhost:3000/api/bot/configs "HTTP/1.1 200 OK"
2026-07-22 15:29:58,713 INFO HTTP Request: GET http://localhost:3000/api/bot/configs "HTTP/1.1 200 OK"
2026-07-22 15:29:59,704 INFO HTTP Request: GET http://localhost:3000/api/bot/orders?status=PAID "HTTP/1.1 200 OK"
2026-07-22 15:29:59,971 INFO HTTP Request: POST http://localhost:3000/api/bot/orders/expire "HTTP/1.1 200 OK"
2026-07-22 15:30:00,138 INFO HTTP Request: GET http://localhost:3000/api/bot/products "HTTP/1.1 200 OK"
2026-07-22 15:30:01,764 INFO HTTP Request: GET http://localhost:3000/api/bot/configs "HTTP/1.1 200 OK"
2026-07-22 15:30:04,831 INFO HTTP Request: GET http://localhost:3000/api/bot/orders?status=PAID "HTTP/1.1 200 OK"
2026-07-22 15:30:04,909 INFO HTTP Request: GET http://localhost:3000/api/bot/configs "HTTP/1.1 200 OK"
2026-07-22 15:30:05,033 INFO HTTP Request: POST http://localhost:3000/api/bot/orders/expire "HTTP/1.1 200 OK"
2026-07-22 15:30:05,197 INFO HTTP Request: GET http://localhost:3000/api/bot/products "HTTP/1.1 200 OK"
2026-07-22 15:30:07,972 INFO HTTP Request: GET http://localhost:3000/api/bot/configs "HTTP/1.1 200 OK"
2026-07-22 15:30:09,871 INFO HTTP Request: GET http://localhost:3000/api/bot/orders?status=PAID "HTTP/1.1 200 OK"
2026-07-22 15:30:10,097 INFO HTTP Request: POST http://localhost:3000/api/bot/orders/expire "HTTP/1.1 200 OK"
2026-07-22 15:30:10,267 INFO HTTP Request: GET http://localhost:3000/api/bot/products "HTTP/1.1 200 OK"
2026-07-22 15:30:11,050 INFO HTTP Request: GET http://localhost:3000/api/bot/configs "HTTP/1.1 200 OK"
2026-07-22 15:30:14,117 INFO HTTP Request: GET http://localhost:3000/api/bot/configs "HTTP/1.1 200 OK"
2026-07-22 15:30:14,928 INFO HTTP Request: GET http://localhost:3000/api/bot/orders?status=PAID "HTTP/1.1 200 OK"
2026-07-22 15:30:15,162 INFO HTTP Request: POST http://localhost:3000/api/bot/orders/expire "HTTP/1.1 200 OK"
2026-07-22 15:30:15,345 INFO HTTP Request: GET http://localhost:3000/api/bot/products "HTTP/1.1 200 OK"
2026-07-22 15:30:17,187 INFO HTTP Request: GET http://localhost:3000/api/bot/configs "HTTP/1.1 200 OK"
2026-07-22 15:30:19,987 INFO HTTP Request: GET http://localhost:3000/api/bot/orders?status=PAID "HTTP/1.1 200 OK"
2026-07-22 15:30:20,217 INFO HTTP Request: POST http://localhost:3000/api/bot/orders/expire "HTTP/1.1 200 OK"
2026-07-22 15:30:20,296 INFO HTTP Request: GET http://localhost:3000/api/bot/configs "HTTP/1.1 200 OK"
2026-07-22 15:30:20,408 INFO HTTP Request: GET http://localhost:3000/api/bot/products "HTTP/1.1 200 OK"
2026-07-22 15:30:23,359 INFO HTTP Request: GET http://localhost:3000/api/bot/configs "HTTP/1.1 200 OK"
2026-07-22 15:30:25,063 INFO HTTP Request: GET http://localhost:3000/api/bot/orders?status=PAID "HTTP/1.1 200 OK"
2026-07-22 15:30:25,280 INFO HTTP Request: POST http://localhost:3000/api/bot/orders/expire "HTTP/1.1 200 OK"
2026-07-22 15:30:25,471 INFO HTTP Request: GET http://localhost:3000/api/bot/products "HTTP/1.1 200 OK"
2026-07-22 15:30:26,404 INFO HTTP Request: GET http://localhost:3000/api/bot/configs "HTTP/1.1 200 OK"
2026-07-22 15:30:29,454 INFO HTTP Request: GET http://localhost:3000/api/bot/configs "HTTP/1.1 200 OK"
2026-07-22 15:30:30,104 INFO HTTP Request: GET http://localhost:3000/api/bot/orders?status=PAID "HTTP/1.1 200 OK"
2026-07-22 15:30:30,330 INFO HTTP Request: POST http://localhost:3000/api/bot/orders/expire "HTTP/1.1 200 OK"
2026-07-22 15:30:30,521 INFO HTTP Request: GET http://localhost:3000/api/bot/products "HTTP/1.1 200 OK"
2026-07-22 15:30:32,500 INFO HTTP Request: GET http://localhost:3000/api/bot/configs "HTTP/1.1 200 OK"
2026-07-22 15:30:35,171 INFO HTTP Request: GET http://localhost:3000/api/bot/orders?status=PAID "HTTP/1.1 200 OK"
2026-07-22 15:30:35,388 INFO HTTP Request: POST http://localhost:3000/api/bot/orders/expire "HTTP/1.1 200 OK"
2026-07-22 15:30:35,588 INFO HTTP Request: GET http://localhost:3000/api/bot/products "HTTP/1.1 200 OK"
2026-07-22 15:30:35,589 INFO HTTP Request: GET http://localhost:3000/api/bot/configs "HTTP/1.1 200 OK"
2026-07-22 15:30:38,648 INFO HTTP Request: GET http://localhost:3000/api/bot/configs "HTTP/1.1 200 OK"
2026-07-22 15:30:40,221 INFO HTTP Request: GET http://localhost:3000/api/bot/orders?status=PAID "HTTP/1.1 200 OK"
2026-07-22 15:30:40,447 INFO HTTP Request: POST http://localhost:3000/api/bot/orders/expire "HTTP/1.1 200 OK"
2026-07-22 15:30:40,638 INFO HTTP Request: GET http://localhost:3000/api/bot/products "HTTP/1.1 200 OK"
2026-07-22 15:30:41,705 INFO HTTP Request: GET http://localhost:3000/api/bot/configs "HTTP/1.1 200 OK"
2026-07-22 15:30:44,771 INFO HTTP Request: GET http://localhost:3000/api/bot/configs "HTTP/1.1 200 OK"
2026-07-22 15:30:45,281 INFO HTTP Request: GET http://localhost:3000/api/bot/orders?status=PAID "HTTP/1.1 200 OK"
2026-07-22 15:30:45,513 INFO HTTP Request: POST http://localhost:3000/api/bot/orders/expire "HTTP/1.1 200 OK"
2026-07-22 15:30:45,697 INFO HTTP Request: GET http://localhost:3000/api/bot/products "HTTP/1.1 200 OK"
2026-07-22 15:30:47,831 INFO HTTP Request: GET http://localhost:3000/api/bot/configs "HTTP/1.1 200 OK"
2026-07-22 15:30:50,364 INFO HTTP Request: GET http://localhost:3000/api/bot/orders?status=PAID "HTTP/1.1 200 OK"
2026-07-22 15:30:50,581 INFO HTTP Request: POST http://localhost:3000/api/bot/orders/expire "HTTP/1.1 200 OK"
2026-07-22 15:30:50,764 INFO HTTP Request: GET http://localhost:3000/api/bot/products "HTTP/1.1 200 OK"
2026-07-22 15:30:50,897 INFO HTTP Request: GET http://localhost:3000/api/bot/configs "HTTP/1.1 200 OK"
2026-07-22 15:30:53,964 INFO HTTP Request: GET http://localhost:3000/api/bot/configs "HTTP/1.1 200 OK"
2026-07-22 15:30:55,431 INFO HTTP Request: GET http://localhost:3000/api/bot/orders?status=PAID "HTTP/1.1 200 OK"
2026-07-22 15:30:55,631 INFO HTTP Request: POST http://localhost:3000/api/bot/orders/expire "HTTP/1.1 200 OK"
2026-07-22 15:30:55,839 INFO HTTP Request: GET http://localhost:3000/api/bot/products "HTTP/1.1 200 OK"
2026-07-22 15:30:57,022 INFO HTTP Request: GET http://localhost:3000/api/bot/configs "HTTP/1.1 200 OK"
2026-07-22 15:31:00,081 INFO HTTP Request: GET http://localhost:3000/api/bot/configs "HTTP/1.1 200 OK"
2026-07-22 15:31:00,500 INFO HTTP Request: GET http://localhost:3000/api/bot/orders?status=PAID "HTTP/1.1 200 OK"
2026-07-22 15:31:00,681 INFO HTTP Request: POST http://localhost:3000/api/bot/orders/expire "HTTP/1.1 200 OK"
2026-07-22 15:31:00,897 INFO HTTP Request: GET http://localhost:3000/api/bot/products "HTTP/1.1 200 OK"
2026-07-22 15:31:03,139 INFO HTTP Request: GET http://localhost:3000/api/bot/configs "HTTP/1.1 200 OK"
2026-07-22 15:31:05,573 INFO HTTP Request: GET http://localhost:3000/api/bot/orders?status=PAID "HTTP/1.1 200 OK"
2026-07-22 15:31:05,748 INFO HTTP Request: POST http://localhost:3000/api/bot/orders/expire "HTTP/1.1 200 OK"
2026-07-22 15:31:05,955 INFO HTTP Request: GET http://localhost:3000/api/bot/products "HTTP/1.1 200 OK"
2026-07-22 15:31:06,190 INFO HTTP Request: GET http://localhost:3000/api/bot/configs "HTTP/1.1 200 OK"
2026-07-22 15:31:09,260 INFO HTTP Request: GET http://localhost:3000/api/bot/configs "HTTP/1.1 200 OK"
2026-07-22 15:31:10,755 INFO HTTP Request: GET http://localhost:3000/api/bot/orders?status=PAID "HTTP/1.1 200 OK"
2026-07-22 15:31:10,873 INFO HTTP Request: POST http://localhost:3000/api/bot/orders/expire "HTTP/1.1 200 OK"
2026-07-22 15:31:11,023 INFO HTTP Request: GET http://localhost:3000/api/bot/products "HTTP/1.1 200 OK"
2026-07-22 15:31:12,315 INFO HTTP Request: GET http://localhost:3000/api/bot/configs "HTTP/1.1 200 OK"
2026-07-22 15:31:15,381 INFO HTTP Request: GET http://localhost:3000/api/bot/configs "HTTP/1.1 200 OK"
2026-07-22 15:31:15,901 INFO HTTP Request: GET http://localhost:3000/api/bot/orders?status=PAID "HTTP/1.1 200 OK"
2026-07-22 15:31:15,992 INFO HTTP Request: POST http://localhost:3000/api/bot/orders/expire "HTTP/1.1 200 OK"
2026-07-22 15:31:16,084 INFO HTTP Request: GET http://localhost:3000/api/bot/products "HTTP/1.1 200 OK"
2026-07-22 15:31:18,442 INFO HTTP Request: GET http://localhost:3000/api/bot/configs "HTTP/1.1 200 OK"
2026-07-22 15:31:20,975 INFO HTTP Request: GET http://localhost:3000/api/bot/orders?status=PAID "HTTP/1.1 200 OK"
2026-07-22 15:31:21,059 INFO HTTP Request: POST http://localhost:3000/api/bot/orders/expire "HTTP/1.1 200 OK"
2026-07-22 15:31:21,151 INFO HTTP Request: GET http://localhost:3000/api/bot/products "HTTP/1.1 200 OK"
2026-07-22 15:31:21,510 INFO HTTP Request: GET http://localhost:3000/api/bot/configs "HTTP/1.1 200 OK"
2026-07-22 15:31:24,585 INFO HTTP Request: GET http://localhost:3000/api/bot/configs "HTTP/1.1 200 OK"
2026-07-22 15:31:26,037 INFO HTTP Request: GET http://localhost:3000/api/bot/orders?status=PAID "HTTP/1.1 200 OK"
2026-07-22 15:31:26,131 INFO HTTP Request: POST http://localhost:3000/api/bot/orders/expire "HTTP/1.1 200 OK"
2026-07-22 15:31:26,230 INFO HTTP Request: GET http://localhost:3000/api/bot/products "HTTP/1.1 200 OK"
2026-07-22 15:31:27,647 INFO HTTP Request: GET http://localhost:3000/api/bot/configs "HTTP/1.1 200 OK"
2026-07-22 15:31:30,731 INFO HTTP Request: GET http://localhost:3000/api/bot/configs "HTTP/1.1 200 OK"
2026-07-22 15:31:31,089 INFO HTTP Request: GET http://localhost:3000/api/bot/orders?status=PAID "HTTP/1.1 200 OK"
2026-07-22 15:31:31,181 INFO HTTP Request: POST http://localhost:3000/api/bot/orders/expire "HTTP/1.1 200 OK"
2026-07-22 15:31:31,297 INFO HTTP Request: GET http://localhost:3000/api/bot/products "HTTP/1.1 200 OK"
2026-07-22 15:31:33,855 INFO HTTP Request: GET http://localhost:3000/api/bot/configs "HTTP/1.1 200 OK"
2026-07-22 15:31:36,201 INFO HTTP Request: GET http://localhost:3000/api/bot/orders?status=PAID "HTTP/1.1 200 OK"
2026-07-22 15:31:36,310 INFO HTTP Request: POST http://localhost:3000/api/bot/orders/expire "HTTP/1.1 200 OK"
2026-07-22 15:31:36,384 INFO HTTP Request: GET http://localhost:3000/api/bot/products "HTTP/1.1 200 OK"
2026-07-22 15:31:36,926 INFO HTTP Request: GET http://localhost:3000/api/bot/configs "HTTP/1.1 200 OK"
2026-07-22 15:31:40,025 INFO HTTP Request: GET http://localhost:3000/api/bot/configs "HTTP/1.1 200 OK"
2026-07-22 15:31:41,276 INFO HTTP Request: GET http://localhost:3000/api/bot/orders?status=PAID "HTTP/1.1 200 OK"
2026-07-22 15:31:41,370 INFO HTTP Request: POST http://localhost:3000/api/bot/orders/expire "HTTP/1.1 200 OK"
2026-07-22 15:31:41,459 INFO HTTP Request: GET http://localhost:3000/api/bot/products "HTTP/1.1 200 OK"
2026-07-22 15:31:43,101 INFO HTTP Request: GET http://localhost:3000/api/bot/configs "HTTP/1.1 200 OK"
2026-07-22 15:31:46,260 INFO HTTP Request: GET http://localhost:3000/api/bot/configs "HTTP/1.1 200 OK"
2026-07-22 15:31:46,343 INFO HTTP Request: GET http://localhost:3000/api/bot/orders?status=PAID "HTTP/1.1 200 OK"
2026-07-22 15:31:46,436 INFO HTTP Request: POST http://localhost:3000/api/bot/orders/expire "HTTP/1.1 200 OK"
2026-07-22 15:31:46,511 INFO HTTP Request: GET http://localhost:3000/api/bot/products "HTTP/1.1 200 OK"
2026-07-22 15:31:49,320 INFO HTTP Request: GET http://localhost:3000/api/bot/configs "HTTP/1.1 200 OK"
2026-07-22 15:31:51,402 INFO HTTP Request: GET http://localhost:3000/api/bot/orders?status=PAID "HTTP/1.1 200 OK"
2026-07-22 15:31:51,501 INFO HTTP Request: POST http://localhost:3000/api/bot/orders/expire "HTTP/1.1 200 OK"
2026-07-22 15:31:51,584 INFO HTTP Request: GET http://localhost:3000/api/bot/products "HTTP/1.1 200 OK"
2026-07-22 15:31:52,387 INFO HTTP Request: GET http://localhost:3000/api/bot/configs "HTTP/1.1 200 OK"
2026-07-22 15:31:55,461 INFO HTTP Request: GET http://localhost:3000/api/bot/configs "HTTP/1.1 200 OK"
2026-07-22 15:31:56,469 INFO HTTP Request: GET http://localhost:3000/api/bot/orders?status=PAID "HTTP/1.1 200 OK"
2026-07-22 15:31:56,561 INFO HTTP Request: POST http://localhost:3000/api/bot/orders/expire "HTTP/1.1 200 OK"
2026-07-22 15:31:56,643 INFO HTTP Request: GET http://localhost:3000/api/bot/products "HTTP/1.1 200 OK"
2026-07-22 15:31:58,529 INFO HTTP Request: GET http://localhost:3000/api/bot/configs "HTTP/1.1 200 OK"
2026-07-22 15:32:01,544 INFO HTTP Request: GET http://localhost:3000/api/bot/orders?status=PAID "HTTP/1.1 200 OK"
2026-07-22 15:32:01,625 INFO HTTP Request: GET http://localhost:3000/api/bot/configs "HTTP/1.1 200 OK"
2026-07-22 15:32:01,710 INFO HTTP Request: POST http://localhost:3000/api/bot/orders/expire "HTTP/1.1 200 OK"
2026-07-22 15:32:01,793 INFO HTTP Request: GET http://localhost:3000/api/bot/products "HTTP/1.1 200 OK"
2026-07-22 15:32:04,683 INFO HTTP Request: GET http://localhost:3000/api/bot/configs "HTTP/1.1 200 OK"
2026-07-22 15:32:06,600 INFO HTTP Request: GET http://localhost:3000/api/bot/orders?status=PAID "HTTP/1.1 200 OK"
2026-07-22 15:32:06,775 INFO HTTP Request: POST http://localhost:3000/api/bot/orders/expire "HTTP/1.1 200 OK"
2026-07-22 15:32:06,852 INFO HTTP Request: GET http://localhost:3000/api/bot/products "HTTP/1.1 200 OK"
2026-07-22 15:32:07,726 INFO HTTP Request: GET http://localhost:3000/api/bot/configs "HTTP/1.1 200 OK"
2026-07-22 15:32:10,775 INFO HTTP Request: GET http://localhost:3000/api/bot/configs "HTTP/1.1 200 OK"
2026-07-22 15:32:11,650 INFO HTTP Request: GET http://localhost:3000/api/bot/orders?status=PAID "HTTP/1.1 200 OK"
2026-07-22 15:32:12,085 INFO HTTP Request: POST http://localhost:3000/api/bot/orders/expire "HTTP/1.1 200 OK"
2026-07-22 15:32:12,088 INFO HTTP Request: GET http://localhost:3000/api/bot/products "HTTP/1.1 200 OK"
2026-07-22 15:32:13,843 INFO HTTP Request: GET http://localhost:3000/api/bot/configs "HTTP/1.1 200 OK"
2026-07-22 15:32:16,721 INFO HTTP Request: GET http://localhost:3000/api/bot/orders?status=PAID "HTTP/1.1 200 OK"
2026-07-22 15:32:16,908 INFO HTTP Request: GET http://localhost:3000/api/bot/configs "HTTP/1.1 200 OK"
2026-07-22 15:32:17,150 INFO HTTP Request: POST http://localhost:3000/api/bot/orders/expire "HTTP/1.1 200 OK"
2026-07-22 15:32:17,226 INFO HTTP Request: GET http://localhost:3000/api/bot/products "HTTP/1.1 200 OK"
2026-07-22 15:32:19,967 INFO HTTP Request: GET http://localhost:3000/api/bot/configs "HTTP/1.1 200 OK"
2026-07-22 15:32:21,785 INFO HTTP Request: GET http://localhost:3000/api/bot/orders?status=PAID "HTTP/1.1 200 OK"
2026-07-22 15:32:22,219 INFO HTTP Request: POST http://localhost:3000/api/bot/orders/expire "HTTP/1.1 200 OK"
2026-07-22 15:32:22,301 INFO HTTP Request: GET http://localhost:3000/api/bot/products "HTTP/1.1 200 OK"
2026-07-22 15:32:23,035 INFO HTTP Request: GET http://localhost:3000/api/bot/configs "HTTP/1.1 200 OK"
2026-07-22 15:32:26,093 INFO HTTP Request: GET http://localhost:3000/api/bot/configs "HTTP/1.1 200 OK"
2026-07-22 15:32:26,869 INFO HTTP Request: GET http://localhost:3000/api/bot/orders?status=PAID "HTTP/1.1 200 OK"
2026-07-22 15:32:27,311 INFO HTTP Request: POST http://localhost:3000/api/bot/orders/expire "HTTP/1.1 200 OK"
2026-07-22 15:32:27,410 INFO HTTP Request: GET http://localhost:3000/api/bot/products "HTTP/1.1 200 OK"
2026-07-22 15:32:29,152 INFO HTTP Request: GET http://localhost:3000/api/bot/configs "HTTP/1.1 200 OK"
2026-07-22 15:32:31,935 INFO HTTP Request: GET http://localhost:3000/api/bot/orders?status=PAID "HTTP/1.1 200 OK"
2026-07-22 15:32:32,210 INFO HTTP Request: GET http://localhost:3000/api/bot/configs "HTTP/1.1 200 OK"
2026-07-22 15:32:32,360 INFO HTTP Request: POST http://localhost:3000/api/bot/orders/expire "HTTP/1.1 200 OK"
2026-07-22 15:32:32,477 INFO HTTP Request: GET http://localhost:3000/api/bot/products "HTTP/1.1 200 OK"
2026-07-22 15:32:35,260 INFO HTTP Request: GET http://localhost:3000/api/bot/configs "HTTP/1.1 200 OK"
