2026-07-22 14:56:34,390 INFO HTTP Request: GET http://localhost:3000/api/bot/config "HTTP/1.1 200 OK"
2026-07-22 14:56:36,648 INFO Start polling
2026-07-22 14:56:36,706 INFO HTTP Request: GET http://localhost:3000/api/bot/orders?status=PAID "HTTP/1.1 200 OK"
2026-07-22 14:56:36,798 INFO HTTP Request: GET http://localhost:3000/api/bot/products "HTTP/1.1 200 OK"
2026-07-22 14:56:36,832 INFO HTTP Request: POST http://localhost:3000/api/bot/orders/expire "HTTP/1.1 200 OK"
2026-07-22 14:56:36,914 INFO Run polling for bot @dhasjdh_bot id=8220761669 - 'Qu\u1ea3n lý'
2026-07-22 14:56:37,406 INFO Run polling for bot @n8nphancongtribot id=8723246369 - 's\u1ea3n ph\u1ea9m'
2026-07-22 14:56:41,764 INFO HTTP Request: GET http://localhost:3000/api/bot/orders?status=PAID "HTTP/1.1 200 OK"
2026-07-22 14:56:41,890 INFO HTTP Request: GET http://localhost:3000/api/bot/products "HTTP/1.1 200 OK"
2026-07-22 14:56:41,941 INFO HTTP Request: POST http://localhost:3000/api/bot/orders/expire "HTTP/1.1 200 OK"
2026-07-22 14:56:46,807 INFO HTTP Request: GET http://localhost:3000/api/bot/orders?status=PAID "HTTP/1.1 200 OK"
2026-07-22 14:56:46,931 INFO HTTP Request: GET http://localhost:3000/api/bot/products "HTTP/1.1 200 OK"
2026-07-22 14:56:46,982 INFO HTTP Request: POST http://localhost:3000/api/bot/orders/expire "HTTP/1.1 200 OK"
2026-07-22 14:56:51,874 INFO HTTP Request: GET http://localhost:3000/api/bot/orders?status=PAID "HTTP/1.1 200 OK"
2026-07-22 14:56:51,982 INFO HTTP Request: GET http://localhost:3000/api/bot/products "HTTP/1.1 200 OK"
2026-07-22 14:56:52,032 INFO HTTP Request: POST http://localhost:3000/api/bot/orders/expire "HTTP/1.1 200 OK"
2026-07-22 14:56:56,903 INFO HTTP Request: GET http://localhost:3000/api/bot/orders?status=PAID "HTTP/1.1 200 OK"
2026-07-22 14:56:57,032 INFO HTTP Request: GET http://localhost:3000/api/bot/products "HTTP/1.1 200 OK"
2026-07-22 14:56:57,083 INFO HTTP Request: POST http://localhost:3000/api/bot/orders/expire "HTTP/1.1 200 OK"
2026-07-22 14:57:01,923 INFO HTTP Request: GET http://localhost:3000/api/bot/orders?status=PAID "HTTP/1.1 200 OK"
2026-07-22 14:57:02,081 INFO HTTP Request: GET http://localhost:3000/api/bot/products "HTTP/1.1 200 OK"
2026-07-22 14:57:02,132 INFO HTTP Request: POST http://localhost:3000/api/bot/orders/expire "HTTP/1.1 200 OK"
2026-07-22 14:57:06,952 INFO HTTP Request: GET http://localhost:3000/api/bot/orders?status=PAID "HTTP/1.1 200 OK"
2026-07-22 14:57:07,132 INFO HTTP Request: GET http://localhost:3000/api/bot/products "HTTP/1.1 200 OK"
2026-07-22 14:57:07,174 INFO HTTP Request: POST http://localhost:3000/api/bot/orders/expire "HTTP/1.1 200 OK"
2026-07-22 14:57:11,990 INFO HTTP Request: GET http://localhost:3000/api/bot/orders?status=PAID "HTTP/1.1 200 OK"
2026-07-22 14:57:12,203 INFO HTTP Request: GET http://localhost:3000/api/bot/products "HTTP/1.1 200 OK"
2026-07-22 14:57:12,205 INFO HTTP Request: POST http://localhost:3000/api/bot/orders/expire "HTTP/1.1 200 OK"
2026-07-22 14:57:17,032 INFO HTTP Request: GET http://localhost:3000/api/bot/orders?status=PAID "HTTP/1.1 200 OK"
2026-07-22 14:57:17,244 INFO HTTP Request: POST http://localhost:3000/api/bot/orders/expire "HTTP/1.1 200 OK"
2026-07-22 14:57:17,307 INFO HTTP Request: GET http://localhost:3000/api/bot/products "HTTP/1.1 200 OK"
2026-07-22 14:57:22,062 INFO HTTP Request: GET http://localhost:3000/api/bot/orders?status=PAID "HTTP/1.1 200 OK"
2026-07-22 14:57:22,298 INFO HTTP Request: POST http://localhost:3000/api/bot/orders/expire "HTTP/1.1 200 OK"
2026-07-22 14:57:22,370 INFO HTTP Request: GET http://localhost:3000/api/bot/products "HTTP/1.1 200 OK"
2026-07-22 14:57:27,090 INFO HTTP Request: GET http://localhost:3000/api/bot/orders?status=PAID "HTTP/1.1 200 OK"
2026-07-22 14:57:27,329 INFO HTTP Request: POST http://localhost:3000/api/bot/orders/expire "HTTP/1.1 200 OK"
2026-07-22 14:57:27,437 INFO HTTP Request: GET http://localhost:3000/api/bot/products "HTTP/1.1 200 OK"
2026-07-22 14:57:32,129 INFO HTTP Request: GET http://localhost:3000/api/bot/orders?status=PAID "HTTP/1.1 200 OK"
2026-07-22 14:57:32,382 INFO HTTP Request: POST http://localhost:3000/api/bot/orders/expire "HTTP/1.1 200 OK"
2026-07-22 14:57:32,487 INFO HTTP Request: GET http://localhost:3000/api/bot/products "HTTP/1.1 200 OK"
2026-07-22 14:57:37,171 INFO HTTP Request: GET http://localhost:3000/api/bot/orders?status=PAID "HTTP/1.1 200 OK"
2026-07-22 14:57:37,425 INFO HTTP Request: POST http://localhost:3000/api/bot/orders/expire "HTTP/1.1 200 OK"
2026-07-22 14:57:37,554 INFO HTTP Request: GET http://localhost:3000/api/bot/products "HTTP/1.1 200 OK"
2026-07-22 14:57:42,207 INFO HTTP Request: GET http://localhost:3000/api/bot/orders?status=PAID "HTTP/1.1 200 OK"
2026-07-22 14:57:42,466 INFO HTTP Request: POST http://localhost:3000/api/bot/orders/expire "HTTP/1.1 200 OK"
2026-07-22 14:57:42,616 INFO HTTP Request: GET http://localhost:3000/api/bot/products "HTTP/1.1 200 OK"
2026-07-22 14:57:47,247 INFO HTTP Request: GET http://localhost:3000/api/bot/orders?status=PAID "HTTP/1.1 200 OK"
2026-07-22 14:57:47,516 INFO HTTP Request: POST http://localhost:3000/api/bot/orders/expire "HTTP/1.1 200 OK"
2026-07-22 14:57:47,683 INFO HTTP Request: GET http://localhost:3000/api/bot/products "HTTP/1.1 200 OK"
2026-07-22 14:57:52,291 INFO HTTP Request: GET http://localhost:3000/api/bot/orders?status=PAID "HTTP/1.1 200 OK"
2026-07-22 14:57:52,558 INFO HTTP Request: POST http://localhost:3000/api/bot/orders/expire "HTTP/1.1 200 OK"
2026-07-22 14:57:52,749 INFO HTTP Request: GET http://localhost:3000/api/bot/products "HTTP/1.1 200 OK"
2026-07-22 14:57:57,340 INFO HTTP Request: GET http://localhost:3000/api/bot/orders?status=PAID "HTTP/1.1 200 OK"
2026-07-22 14:57:57,607 INFO HTTP Request: POST http://localhost:3000/api/bot/orders/expire "HTTP/1.1 200 OK"
2026-07-22 14:57:57,815 INFO HTTP Request: GET http://localhost:3000/api/bot/products "HTTP/1.1 200 OK"
2026-07-22 14:58:02,399 INFO HTTP Request: GET http://localhost:3000/api/bot/orders?status=PAID "HTTP/1.1 200 OK"
2026-07-22 14:58:02,641 INFO HTTP Request: POST http://localhost:3000/api/bot/orders/expire "HTTP/1.1 200 OK"
2026-07-22 14:58:02,873 INFO HTTP Request: GET http://localhost:3000/api/bot/products "HTTP/1.1 200 OK"
2026-07-22 14:58:07,456 INFO HTTP Request: GET http://localhost:3000/api/bot/orders?status=PAID "HTTP/1.1 200 OK"
2026-07-22 14:58:07,682 INFO HTTP Request: POST http://localhost:3000/api/bot/orders/expire "HTTP/1.1 200 OK"
2026-07-22 14:58:07,937 INFO HTTP Request: GET http://localhost:3000/api/bot/products "HTTP/1.1 200 OK"
2026-07-22 14:58:12,500 INFO HTTP Request: GET http://localhost:3000/api/bot/orders?status=PAID "HTTP/1.1 200 OK"
2026-07-22 14:58:12,732 INFO HTTP Request: POST http://localhost:3000/api/bot/orders/expire "HTTP/1.1 200 OK"
2026-07-22 14:58:12,996 INFO HTTP Request: GET http://localhost:3000/api/bot/products "HTTP/1.1 200 OK"
2026-07-22 14:58:17,550 INFO HTTP Request: GET http://localhost:3000/api/bot/orders?status=PAID "HTTP/1.1 200 OK"
2026-07-22 14:58:17,774 INFO HTTP Request: POST http://localhost:3000/api/bot/orders/expire "HTTP/1.1 200 OK"
2026-07-22 14:58:18,071 INFO HTTP Request: GET http://localhost:3000/api/bot/products "HTTP/1.1 200 OK"
2026-07-22 14:58:22,583 INFO HTTP Request: GET http://localhost:3000/api/bot/orders?status=PAID "HTTP/1.1 200 OK"
2026-07-22 14:58:22,841 INFO HTTP Request: POST http://localhost:3000/api/bot/orders/expire "HTTP/1.1 200 OK"
2026-07-22 14:58:23,138 INFO HTTP Request: GET http://localhost:3000/api/bot/products "HTTP/1.1 200 OK"
2026-07-22 14:58:27,624 INFO HTTP Request: GET http://localhost:3000/api/bot/orders?status=PAID "HTTP/1.1 200 OK"
2026-07-22 14:58:27,875 INFO HTTP Request: POST http://localhost:3000/api/bot/orders/expire "HTTP/1.1 200 OK"
2026-07-22 14:58:28,197 INFO HTTP Request: GET http://localhost:3000/api/bot/products "HTTP/1.1 200 OK"
2026-07-22 14:58:32,687 INFO HTTP Request: GET http://localhost:3000/api/bot/orders?status=PAID "HTTP/1.1 200 OK"
2026-07-22 14:58:32,930 INFO HTTP Request: POST http://localhost:3000/api/bot/orders/expire "HTTP/1.1 200 OK"
2026-07-22 14:58:33,254 INFO HTTP Request: GET http://localhost:3000/api/bot/products "HTTP/1.1 200 OK"
2026-07-22 14:58:37,721 INFO HTTP Request: GET http://localhost:3000/api/bot/orders?status=PAID "HTTP/1.1 200 OK"
2026-07-22 14:58:37,975 INFO HTTP Request: POST http://localhost:3000/api/bot/orders/expire "HTTP/1.1 200 OK"
2026-07-22 14:58:38,304 INFO HTTP Request: GET http://localhost:3000/api/bot/products "HTTP/1.1 200 OK"
2026-07-22 14:58:42,755 INFO HTTP Request: GET http://localhost:3000/api/bot/orders?status=PAID "HTTP/1.1 200 OK"
2026-07-22 14:58:43,018 INFO HTTP Request: POST http://localhost:3000/api/bot/orders/expire "HTTP/1.1 200 OK"
2026-07-22 14:58:43,355 INFO HTTP Request: GET http://localhost:3000/api/bot/products "HTTP/1.1 200 OK"
2026-07-22 14:58:47,801 INFO HTTP Request: GET http://localhost:3000/api/bot/orders?status=PAID "HTTP/1.1 200 OK"
2026-07-22 14:58:48,068 INFO HTTP Request: POST http://localhost:3000/api/bot/orders/expire "HTTP/1.1 200 OK"
2026-07-22 14:58:48,413 INFO HTTP Request: GET http://localhost:3000/api/bot/products "HTTP/1.1 200 OK"
2026-07-22 14:58:51,926 INFO HTTP Request: GET http://localhost:3000/api/bot/settings "HTTP/1.1 200 OK"
2026-07-22 14:58:52,793 INFO Update id=843104019 is handled. Duration 936 ms by bot id=8220761669
2026-07-22 14:58:52,838 INFO HTTP Request: GET http://localhost:3000/api/bot/orders?status=PAID "HTTP/1.1 200 OK"
2026-07-22 14:58:53,101 INFO HTTP Request: POST http://localhost:3000/api/bot/orders/expire "HTTP/1.1 200 OK"
2026-07-22 14:58:53,464 INFO HTTP Request: GET http://localhost:3000/api/bot/products "HTTP/1.1 200 OK"
2026-07-22 14:58:57,891 INFO HTTP Request: GET http://localhost:3000/api/bot/orders?status=PAID "HTTP/1.1 200 OK"
2026-07-22 14:58:58,159 INFO HTTP Request: POST http://localhost:3000/api/bot/orders/expire "HTTP/1.1 200 OK"
2026-07-22 14:58:58,539 INFO HTTP Request: GET http://localhost:3000/api/bot/products "HTTP/1.1 200 OK"
2026-07-22 14:59:02,937 INFO HTTP Request: GET http://localhost:3000/api/bot/orders?status=PAID "HTTP/1.1 200 OK"
2026-07-22 14:59:03,201 INFO HTTP Request: POST http://localhost:3000/api/bot/orders/expire "HTTP/1.1 200 OK"
2026-07-22 14:59:03,611 INFO HTTP Request: GET http://localhost:3000/api/bot/products "HTTP/1.1 200 OK"
2026-07-22 14:59:06,670 INFO HTTP Request: GET http://localhost:3000/api/bot/settings "HTTP/1.1 200 OK"
2026-07-22 14:59:07,202 INFO Update id=843104020 is handled. Duration 1016 ms by bot id=8220761669
2026-07-22 14:59:07,976 INFO HTTP Request: GET http://localhost:3000/api/bot/orders?status=PAID "HTTP/1.1 200 OK"
2026-07-22 14:59:08,251 INFO HTTP Request: POST http://localhost:3000/api/bot/orders/expire "HTTP/1.1 200 OK"
2026-07-22 14:59:08,662 INFO HTTP Request: GET http://localhost:3000/api/bot/products "HTTP/1.1 200 OK"
2026-07-22 14:59:13,009 INFO HTTP Request: GET http://localhost:3000/api/bot/orders?status=PAID "HTTP/1.1 200 OK"
2026-07-22 14:59:13,285 INFO HTTP Request: POST http://localhost:3000/api/bot/orders/expire "HTTP/1.1 200 OK"
2026-07-22 14:59:13,729 INFO HTTP Request: GET http://localhost:3000/api/bot/products "HTTP/1.1 200 OK"
2026-07-22 14:59:18,052 INFO HTTP Request: GET http://localhost:3000/api/bot/orders?status=PAID "HTTP/1.1 200 OK"
2026-07-22 14:59:18,335 INFO HTTP Request: POST http://localhost:3000/api/bot/orders/expire "HTTP/1.1 200 OK"
2026-07-22 14:59:18,797 INFO HTTP Request: GET http://localhost:3000/api/bot/products "HTTP/1.1 200 OK"
2026-07-22 14:59:23,105 INFO HTTP Request: GET http://localhost:3000/api/bot/orders?status=PAID "HTTP/1.1 200 OK"
2026-07-22 14:59:23,369 INFO HTTP Request: POST http://localhost:3000/api/bot/orders/expire "HTTP/1.1 200 OK"
2026-07-22 14:59:23,855 INFO HTTP Request: GET http://localhost:3000/api/bot/products "HTTP/1.1 200 OK"
2026-07-22 14:59:28,152 INFO HTTP Request: GET http://localhost:3000/api/bot/orders?status=PAID "HTTP/1.1 200 OK"
2026-07-22 14:59:28,409 INFO HTTP Request: POST http://localhost:3000/api/bot/orders/expire "HTTP/1.1 200 OK"
2026-07-22 14:59:28,921 INFO HTTP Request: GET http://localhost:3000/api/bot/products "HTTP/1.1 200 OK"
2026-07-22 14:59:33,192 INFO HTTP Request: GET http://localhost:3000/api/bot/orders?status=PAID "HTTP/1.1 200 OK"
2026-07-22 14:59:33,452 INFO HTTP Request: POST http://localhost:3000/api/bot/orders/expire "HTTP/1.1 200 OK"
2026-07-22 14:59:33,971 INFO HTTP Request: GET http://localhost:3000/api/bot/products "HTTP/1.1 200 OK"
2026-07-22 14:59:38,226 INFO HTTP Request: GET http://localhost:3000/api/bot/orders?status=PAID "HTTP/1.1 200 OK"
2026-07-22 14:59:38,505 INFO HTTP Request: POST http://localhost:3000/api/bot/orders/expire "HTTP/1.1 200 OK"
2026-07-22 14:59:39,026 INFO HTTP Request: GET http://localhost:3000/api/bot/products "HTTP/1.1 200 OK"
2026-07-22 14:59:43,247 INFO HTTP Request: GET http://localhost:3000/api/bot/orders?status=PAID "HTTP/1.1 200 OK"
2026-07-22 14:59:43,521 INFO HTTP Request: POST http://localhost:3000/api/bot/orders/expire "HTTP/1.1 200 OK"
2026-07-22 14:59:44,088 INFO HTTP Request: GET http://localhost:3000/api/bot/products "HTTP/1.1 200 OK"
2026-07-22 14:59:48,301 INFO HTTP Request: GET http://localhost:3000/api/bot/orders?status=PAID "HTTP/1.1 200 OK"
2026-07-22 14:59:48,559 INFO HTTP Request: POST http://localhost:3000/api/bot/orders/expire "HTTP/1.1 200 OK"
2026-07-22 14:59:49,135 INFO HTTP Request: GET http://localhost:3000/api/bot/products "HTTP/1.1 200 OK"
2026-07-22 14:59:53,330 INFO HTTP Request: GET http://localhost:3000/api/bot/orders?status=PAID "HTTP/1.1 200 OK"
2026-07-22 14:59:53,592 INFO HTTP Request: POST http://localhost:3000/api/bot/orders/expire "HTTP/1.1 200 OK"
2026-07-22 14:59:54,175 INFO HTTP Request: GET http://localhost:3000/api/bot/products "HTTP/1.1 200 OK"
2026-07-22 14:59:58,351 INFO HTTP Request: GET http://localhost:3000/api/bot/orders?status=PAID "HTTP/1.1 200 OK"
2026-07-22 14:59:58,613 INFO HTTP Request: POST http://localhost:3000/api/bot/orders/expire "HTTP/1.1 200 OK"
2026-07-22 14:59:59,230 INFO HTTP Request: GET http://localhost:3000/api/bot/products "HTTP/1.1 200 OK"
2026-07-22 15:00:03,418 INFO HTTP Request: GET http://localhost:3000/api/bot/orders?status=PAID "HTTP/1.1 200 OK"
2026-07-22 15:00:03,639 INFO HTTP Request: POST http://localhost:3000/api/bot/orders/expire "HTTP/1.1 200 OK"
2026-07-22 15:00:04,297 INFO HTTP Request: GET http://localhost:3000/api/bot/products "HTTP/1.1 200 OK"
2026-07-22 15:00:08,463 INFO HTTP Request: GET http://localhost:3000/api/bot/orders?status=PAID "HTTP/1.1 200 OK"
2026-07-22 15:00:08,684 INFO HTTP Request: POST http://localhost:3000/api/bot/orders/expire "HTTP/1.1 200 OK"
2026-07-22 15:00:09,347 INFO HTTP Request: GET http://localhost:3000/api/bot/products "HTTP/1.1 200 OK"
2026-07-22 15:00:13,501 INFO HTTP Request: GET http://localhost:3000/api/bot/orders?status=PAID "HTTP/1.1 200 OK"
2026-07-22 15:00:13,722 INFO HTTP Request: POST http://localhost:3000/api/bot/orders/expire "HTTP/1.1 200 OK"
2026-07-22 15:00:14,409 INFO HTTP Request: GET http://localhost:3000/api/bot/products "HTTP/1.1 200 OK"
2026-07-22 15:00:18,543 INFO HTTP Request: GET http://localhost:3000/api/bot/orders?status=PAID "HTTP/1.1 200 OK"
2026-07-22 15:00:18,747 INFO HTTP Request: POST http://localhost:3000/api/bot/orders/expire "HTTP/1.1 200 OK"
2026-07-22 15:00:19,464 INFO HTTP Request: GET http://localhost:3000/api/bot/products "HTTP/1.1 200 OK"
2026-07-22 15:00:23,601 INFO HTTP Request: GET http://localhost:3000/api/bot/orders?status=PAID "HTTP/1.1 200 OK"
2026-07-22 15:00:23,792 INFO HTTP Request: POST http://localhost:3000/api/bot/orders/expire "HTTP/1.1 200 OK"
2026-07-22 15:00:24,518 INFO HTTP Request: GET http://localhost:3000/api/bot/products "HTTP/1.1 200 OK"
2026-07-22 15:00:28,655 INFO HTTP Request: GET http://localhost:3000/api/bot/orders?status=PAID "HTTP/1.1 200 OK"
2026-07-22 15:00:28,822 INFO HTTP Request: POST http://localhost:3000/api/bot/orders/expire "HTTP/1.1 200 OK"
2026-07-22 15:00:29,564 INFO HTTP Request: GET http://localhost:3000/api/bot/products "HTTP/1.1 200 OK"
2026-07-22 15:00:33,706 INFO HTTP Request: GET http://localhost:3000/api/bot/orders?status=PAID "HTTP/1.1 200 OK"
2026-07-22 15:00:33,873 INFO HTTP Request: POST http://localhost:3000/api/bot/orders/expire "HTTP/1.1 200 OK"
2026-07-22 15:00:34,614 INFO HTTP Request: GET http://localhost:3000/api/bot/products "HTTP/1.1 200 OK"
2026-07-22 15:00:38,760 INFO HTTP Request: GET http://localhost:3000/api/bot/orders?status=PAID "HTTP/1.1 200 OK"
2026-07-22 15:00:38,927 INFO HTTP Request: POST http://localhost:3000/api/bot/orders/expire "HTTP/1.1 200 OK"
2026-07-22 15:00:39,676 INFO HTTP Request: GET http://localhost:3000/api/bot/products "HTTP/1.1 200 OK"
2026-07-22 15:00:43,818 INFO HTTP Request: GET http://localhost:3000/api/bot/orders?status=PAID "HTTP/1.1 200 OK"
2026-07-22 15:00:43,989 INFO HTTP Request: POST http://localhost:3000/api/bot/orders/expire "HTTP/1.1 200 OK"
2026-07-22 15:00:44,731 INFO HTTP Request: GET http://localhost:3000/api/bot/products "HTTP/1.1 200 OK"
2026-07-22 15:00:48,853 INFO HTTP Request: GET http://localhost:3000/api/bot/orders?status=PAID "HTTP/1.1 200 OK"
2026-07-22 15:00:49,026 INFO HTTP Request: POST http://localhost:3000/api/bot/orders/expire "HTTP/1.1 200 OK"
2026-07-22 15:00:49,776 INFO HTTP Request: GET http://localhost:3000/api/bot/products "HTTP/1.1 200 OK"
2026-07-22 15:00:53,910 INFO HTTP Request: GET http://localhost:3000/api/bot/orders?status=PAID "HTTP/1.1 200 OK"
2026-07-22 15:00:54,065 INFO HTTP Request: POST http://localhost:3000/api/bot/orders/expire "HTTP/1.1 200 OK"
2026-07-22 15:00:54,840 INFO HTTP Request: GET http://localhost:3000/api/bot/products "HTTP/1.1 200 OK"
2026-07-22 15:00:58,952 INFO HTTP Request: GET http://localhost:3000/api/bot/orders?status=PAID "HTTP/1.1 200 OK"
2026-07-22 15:00:59,099 INFO HTTP Request: POST http://localhost:3000/api/bot/orders/expire "HTTP/1.1 200 OK"
2026-07-22 15:00:59,902 INFO HTTP Request: GET http://localhost:3000/api/bot/products "HTTP/1.1 200 OK"
2026-07-22 15:01:04,002 INFO HTTP Request: GET http://localhost:3000/api/bot/orders?status=PAID "HTTP/1.1 200 OK"
2026-07-22 15:01:04,143 INFO HTTP Request: POST http://localhost:3000/api/bot/orders/expire "HTTP/1.1 200 OK"
2026-07-22 15:01:04,973 INFO HTTP Request: GET http://localhost:3000/api/bot/products "HTTP/1.1 200 OK"
2026-07-22 15:01:09,052 INFO HTTP Request: GET http://localhost:3000/api/bot/orders?status=PAID "HTTP/1.1 200 OK"
2026-07-22 15:01:09,166 INFO HTTP Request: POST http://localhost:3000/api/bot/orders/expire "HTTP/1.1 200 OK"
2026-07-22 15:01:10,033 INFO HTTP Request: GET http://localhost:3000/api/bot/products "HTTP/1.1 200 OK"
2026-07-22 15:01:14,102 INFO HTTP Request: GET http://localhost:3000/api/bot/orders?status=PAID "HTTP/1.1 200 OK"
2026-07-22 15:01:14,210 INFO HTTP Request: POST http://localhost:3000/api/bot/orders/expire "HTTP/1.1 200 OK"
2026-07-22 15:01:15,093 INFO HTTP Request: GET http://localhost:3000/api/bot/products "HTTP/1.1 200 OK"
2026-07-22 15:01:19,152 INFO HTTP Request: GET http://localhost:3000/api/bot/orders?status=PAID "HTTP/1.1 200 OK"
2026-07-22 15:01:19,280 INFO HTTP Request: POST http://localhost:3000/api/bot/orders/expire "HTTP/1.1 200 OK"
2026-07-22 15:01:20,176 INFO HTTP Request: GET http://localhost:3000/api/bot/products "HTTP/1.1 200 OK"
2026-07-22 15:01:24,202 INFO HTTP Request: GET http://localhost:3000/api/bot/orders?status=PAID "HTTP/1.1 200 OK"
2026-07-22 15:01:24,318 INFO HTTP Request: POST http://localhost:3000/api/bot/orders/expire "HTTP/1.1 200 OK"
2026-07-22 15:01:25,227 INFO HTTP Request: GET http://localhost:3000/api/bot/products "HTTP/1.1 200 OK"
2026-07-22 15:01:29,226 INFO HTTP Request: GET http://localhost:3000/api/bot/orders?status=PAID "HTTP/1.1 200 OK"
2026-07-22 15:01:29,352 INFO HTTP Request: POST http://localhost:3000/api/bot/orders/expire "HTTP/1.1 200 OK"
2026-07-22 15:01:30,319 INFO HTTP Request: GET http://localhost:3000/api/bot/products "HTTP/1.1 200 OK"
2026-07-22 15:01:34,285 INFO HTTP Request: GET http://localhost:3000/api/bot/orders?status=PAID "HTTP/1.1 200 OK"
2026-07-22 15:01:34,402 INFO HTTP Request: POST http://localhost:3000/api/bot/orders/expire "HTTP/1.1 200 OK"
2026-07-22 15:01:35,360 INFO HTTP Request: GET http://localhost:3000/api/bot/products "HTTP/1.1 200 OK"
2026-07-22 15:01:39,327 INFO HTTP Request: GET http://localhost:3000/api/bot/orders?status=PAID "HTTP/1.1 200 OK"
2026-07-22 15:01:39,452 INFO HTTP Request: POST http://localhost:3000/api/bot/orders/expire "HTTP/1.1 200 OK"
2026-07-22 15:01:40,413 INFO HTTP Request: GET http://localhost:3000/api/bot/products "HTTP/1.1 200 OK"
2026-07-22 15:01:44,360 INFO HTTP Request: GET http://localhost:3000/api/bot/orders?status=PAID "HTTP/1.1 200 OK"
2026-07-22 15:01:44,505 INFO HTTP Request: POST http://localhost:3000/api/bot/orders/expire "HTTP/1.1 200 OK"
2026-07-22 15:01:45,553 INFO HTTP Request: GET http://localhost:3000/api/bot/products "HTTP/1.1 200 OK"
2026-07-22 15:01:49,402 INFO HTTP Request: GET http://localhost:3000/api/bot/orders?status=PAID "HTTP/1.1 200 OK"
2026-07-22 15:01:49,536 INFO HTTP Request: POST http://localhost:3000/api/bot/orders/expire "HTTP/1.1 200 OK"
2026-07-22 15:01:50,602 INFO HTTP Request: GET http://localhost:3000/api/bot/products "HTTP/1.1 200 OK"
2026-07-22 15:01:54,522 INFO HTTP Request: GET http://localhost:3000/api/bot/orders?status=PAID "HTTP/1.1 200 OK"
2026-07-22 15:01:54,602 INFO HTTP Request: POST http://localhost:3000/api/bot/orders/expire "HTTP/1.1 200 OK"
2026-07-22 15:01:55,661 INFO HTTP Request: GET http://localhost:3000/api/bot/products "HTTP/1.1 200 OK"
2026-07-22 15:01:59,686 INFO HTTP Request: GET http://localhost:3000/api/bot/orders?status=PAID "HTTP/1.1 200 OK"
2026-07-22 15:01:59,688 INFO HTTP Request: POST http://localhost:3000/api/bot/orders/expire "HTTP/1.1 200 OK"
2026-07-22 15:02:00,703 INFO HTTP Request: GET http://localhost:3000/api/bot/products "HTTP/1.1 200 OK"
2026-07-22 15:02:04,740 INFO HTTP Request: POST http://localhost:3000/api/bot/orders/expire "HTTP/1.1 200 OK"
2026-07-22 15:02:04,770 INFO HTTP Request: GET http://localhost:3000/api/bot/orders?status=PAID "HTTP/1.1 200 OK"
2026-07-22 15:02:05,765 INFO HTTP Request: GET http://localhost:3000/api/bot/products "HTTP/1.1 200 OK"
2026-07-22 15:02:09,777 INFO HTTP Request: POST http://localhost:3000/api/bot/orders/expire "HTTP/1.1 200 OK"
2026-07-22 15:02:09,819 INFO HTTP Request: GET http://localhost:3000/api/bot/orders?status=PAID "HTTP/1.1 200 OK"
2026-07-22 15:02:10,832 INFO HTTP Request: GET http://localhost:3000/api/bot/products "HTTP/1.1 200 OK"
2026-07-22 15:02:14,836 INFO HTTP Request: POST http://localhost:3000/api/bot/orders/expire "HTTP/1.1 200 OK"
2026-07-22 15:02:14,878 INFO HTTP Request: GET http://localhost:3000/api/bot/orders?status=PAID "HTTP/1.1 200 OK"
2026-07-22 15:02:15,978 INFO HTTP Request: GET http://localhost:3000/api/bot/products "HTTP/1.1 200 OK"
2026-07-22 15:02:19,886 INFO HTTP Request: POST http://localhost:3000/api/bot/orders/expire "HTTP/1.1 200 OK"
2026-07-22 15:02:19,940 INFO HTTP Request: GET http://localhost:3000/api/bot/orders?status=PAID "HTTP/1.1 200 OK"
2026-07-22 15:02:21,075 INFO HTTP Request: GET http://localhost:3000/api/bot/products "HTTP/1.1 200 OK"
2026-07-22 15:02:24,936 INFO HTTP Request: POST http://localhost:3000/api/bot/orders/expire "HTTP/1.1 200 OK"
2026-07-22 15:02:24,992 INFO HTTP Request: GET http://localhost:3000/api/bot/orders?status=PAID "HTTP/1.1 200 OK"
2026-07-22 15:02:26,156 INFO HTTP Request: GET http://localhost:3000/api/bot/products "HTTP/1.1 200 OK"
2026-07-22 15:02:29,990 INFO HTTP Request: POST http://localhost:3000/api/bot/orders/expire "HTTP/1.1 200 OK"
2026-07-22 15:02:30,037 INFO HTTP Request: GET http://localhost:3000/api/bot/orders?status=PAID "HTTP/1.1 200 OK"
2026-07-22 15:02:31,210 INFO HTTP Request: GET http://localhost:3000/api/bot/products "HTTP/1.1 200 OK"
2026-07-22 15:02:35,012 INFO HTTP Request: POST http://localhost:3000/api/bot/orders/expire "HTTP/1.1 200 OK"
2026-07-22 15:02:35,069 INFO HTTP Request: GET http://localhost:3000/api/bot/orders?status=PAID "HTTP/1.1 200 OK"
2026-07-22 15:02:36,324 INFO HTTP Request: GET http://localhost:3000/api/bot/products "HTTP/1.1 200 OK"
2026-07-22 15:02:40,155 INFO HTTP Request: POST http://localhost:3000/api/bot/orders/expire "HTTP/1.1 200 OK"
2026-07-22 15:02:40,156 INFO HTTP Request: GET http://localhost:3000/api/bot/orders?status=PAID "HTTP/1.1 200 OK"
2026-07-22 15:02:41,387 INFO HTTP Request: GET http://localhost:3000/api/bot/products "HTTP/1.1 200 OK"
2026-07-22 15:02:45,205 INFO HTTP Request: POST http://localhost:3000/api/bot/orders/expire "HTTP/1.1 200 OK"
2026-07-22 15:02:45,246 INFO HTTP Request: GET http://localhost:3000/api/bot/orders?status=PAID "HTTP/1.1 200 OK"
2026-07-22 15:02:46,429 INFO HTTP Request: GET http://localhost:3000/api/bot/products "HTTP/1.1 200 OK"
2026-07-22 15:02:50,253 INFO HTTP Request: POST http://localhost:3000/api/bot/orders/expire "HTTP/1.1 200 OK"
2026-07-22 15:02:50,308 INFO HTTP Request: GET http://localhost:3000/api/bot/orders?status=PAID "HTTP/1.1 200 OK"
2026-07-22 15:02:51,488 INFO HTTP Request: GET http://localhost:3000/api/bot/products "HTTP/1.1 200 OK"
2026-07-22 15:02:55,295 INFO HTTP Request: POST http://localhost:3000/api/bot/orders/expire "HTTP/1.1 200 OK"
2026-07-22 15:02:55,361 INFO HTTP Request: GET http://localhost:3000/api/bot/orders?status=PAID "HTTP/1.1 200 OK"
2026-07-22 15:02:56,544 INFO HTTP Request: GET http://localhost:3000/api/bot/products "HTTP/1.1 200 OK"
2026-07-22 15:03:00,363 INFO HTTP Request: POST http://localhost:3000/api/bot/orders/expire "HTTP/1.1 200 OK"
2026-07-22 15:03:00,413 INFO HTTP Request: GET http://localhost:3000/api/bot/orders?status=PAID "HTTP/1.1 200 OK"
2026-07-22 15:03:01,620 INFO HTTP Request: GET http://localhost:3000/api/bot/products "HTTP/1.1 200 OK"
2026-07-22 15:03:05,404 INFO HTTP Request: POST http://localhost:3000/api/bot/orders/expire "HTTP/1.1 200 OK"
2026-07-22 15:03:05,458 INFO HTTP Request: GET http://localhost:3000/api/bot/orders?status=PAID "HTTP/1.1 200 OK"
2026-07-22 15:03:06,679 INFO HTTP Request: GET http://localhost:3000/api/bot/products "HTTP/1.1 200 OK"
2026-07-22 15:03:10,447 INFO HTTP Request: POST http://localhost:3000/api/bot/orders/expire "HTTP/1.1 200 OK"
2026-07-22 15:03:10,496 INFO HTTP Request: GET http://localhost:3000/api/bot/orders?status=PAID "HTTP/1.1 200 OK"
2026-07-22 15:03:11,729 INFO HTTP Request: GET http://localhost:3000/api/bot/products "HTTP/1.1 200 OK"
2026-07-22 15:03:15,489 INFO HTTP Request: POST http://localhost:3000/api/bot/orders/expire "HTTP/1.1 200 OK"
2026-07-22 15:03:15,539 INFO HTTP Request: GET http://localhost:3000/api/bot/orders?status=PAID "HTTP/1.1 200 OK"
2026-07-22 15:03:16,811 INFO HTTP Request: GET http://localhost:3000/api/bot/products "HTTP/1.1 200 OK"
2026-07-22 15:03:20,524 INFO HTTP Request: POST http://localhost:3000/api/bot/orders/expire "HTTP/1.1 200 OK"
2026-07-22 15:03:20,593 INFO HTTP Request: GET http://localhost:3000/api/bot/orders?status=PAID "HTTP/1.1 200 OK"
2026-07-22 15:03:21,870 INFO HTTP Request: GET http://localhost:3000/api/bot/products "HTTP/1.1 200 OK"
2026-07-22 15:03:25,562 INFO HTTP Request: POST http://localhost:3000/api/bot/orders/expire "HTTP/1.1 200 OK"
2026-07-22 15:03:25,644 INFO HTTP Request: GET http://localhost:3000/api/bot/orders?status=PAID "HTTP/1.1 200 OK"
2026-07-22 15:03:26,936 INFO HTTP Request: GET http://localhost:3000/api/bot/products "HTTP/1.1 200 OK"
2026-07-22 15:03:30,616 INFO HTTP Request: POST http://localhost:3000/api/bot/orders/expire "HTTP/1.1 200 OK"
2026-07-22 15:03:30,686 INFO HTTP Request: GET http://localhost:3000/api/bot/orders?status=PAID "HTTP/1.1 200 OK"
2026-07-22 15:03:32,053 INFO HTTP Request: GET http://localhost:3000/api/bot/products "HTTP/1.1 200 OK"
2026-07-22 15:03:35,670 INFO HTTP Request: POST http://localhost:3000/api/bot/orders/expire "HTTP/1.1 200 OK"
2026-07-22 15:03:35,736 INFO HTTP Request: GET http://localhost:3000/api/bot/orders?status=PAID "HTTP/1.1 200 OK"
2026-07-22 15:03:37,119 INFO HTTP Request: GET http://localhost:3000/api/bot/products "HTTP/1.1 200 OK"
2026-07-22 15:03:40,737 INFO HTTP Request: POST http://localhost:3000/api/bot/orders/expire "HTTP/1.1 200 OK"
2026-07-22 15:03:40,787 INFO HTTP Request: GET http://localhost:3000/api/bot/orders?status=PAID "HTTP/1.1 200 OK"
2026-07-22 15:03:42,194 INFO HTTP Request: GET http://localhost:3000/api/bot/products "HTTP/1.1 200 OK"
2026-07-22 15:03:45,779 INFO HTTP Request: POST http://localhost:3000/api/bot/orders/expire "HTTP/1.1 200 OK"
2026-07-22 15:03:45,830 INFO HTTP Request: GET http://localhost:3000/api/bot/orders?status=PAID "HTTP/1.1 200 OK"
2026-07-22 15:03:47,245 INFO HTTP Request: GET http://localhost:3000/api/bot/products "HTTP/1.1 200 OK"
2026-07-22 15:03:50,829 INFO HTTP Request: POST http://localhost:3000/api/bot/orders/expire "HTTP/1.1 200 OK"
2026-07-22 15:03:50,885 INFO HTTP Request: GET http://localhost:3000/api/bot/orders?status=PAID "HTTP/1.1 200 OK"
2026-07-22 15:03:52,296 INFO HTTP Request: GET http://localhost:3000/api/bot/products "HTTP/1.1 200 OK"
2026-07-22 15:03:55,888 INFO HTTP Request: POST http://localhost:3000/api/bot/orders/expire "HTTP/1.1 200 OK"
2026-07-22 15:03:55,938 INFO HTTP Request: GET http://localhost:3000/api/bot/orders?status=PAID "HTTP/1.1 200 OK"
2026-07-22 15:03:57,363 INFO HTTP Request: GET http://localhost:3000/api/bot/products "HTTP/1.1 200 OK"
2026-07-22 15:04:00,929 INFO HTTP Request: POST http://localhost:3000/api/bot/orders/expire "HTTP/1.1 200 OK"
2026-07-22 15:04:00,980 INFO HTTP Request: GET http://localhost:3000/api/bot/orders?status=PAID "HTTP/1.1 200 OK"
2026-07-22 15:04:02,404 INFO HTTP Request: GET http://localhost:3000/api/bot/products "HTTP/1.1 200 OK"
2026-07-22 15:04:05,971 INFO HTTP Request: POST http://localhost:3000/api/bot/orders/expire "HTTP/1.1 200 OK"
2026-07-22 15:04:06,038 INFO HTTP Request: GET http://localhost:3000/api/bot/orders?status=PAID "HTTP/1.1 200 OK"
2026-07-22 15:04:07,484 INFO HTTP Request: GET http://localhost:3000/api/bot/products "HTTP/1.1 200 OK"
2026-07-22 15:04:11,020 INFO HTTP Request: POST http://localhost:3000/api/bot/orders/expire "HTTP/1.1 200 OK"
2026-07-22 15:04:11,080 INFO HTTP Request: GET http://localhost:3000/api/bot/orders?status=PAID "HTTP/1.1 200 OK"
2026-07-22 15:04:12,547 INFO HTTP Request: GET http://localhost:3000/api/bot/products "HTTP/1.1 200 OK"
2026-07-22 15:04:16,079 INFO HTTP Request: POST http://localhost:3000/api/bot/orders/expire "HTTP/1.1 200 OK"
2026-07-22 15:04:16,138 INFO HTTP Request: GET http://localhost:3000/api/bot/orders?status=PAID "HTTP/1.1 200 OK"
2026-07-22 15:04:17,613 INFO HTTP Request: GET http://localhost:3000/api/bot/products "HTTP/1.1 200 OK"
2026-07-22 15:04:21,119 INFO HTTP Request: POST http://localhost:3000/api/bot/orders/expire "HTTP/1.1 200 OK"
2026-07-22 15:04:21,194 INFO HTTP Request: GET http://localhost:3000/api/bot/orders?status=PAID "HTTP/1.1 200 OK"
2026-07-22 15:04:22,677 INFO HTTP Request: GET http://localhost:3000/api/bot/products "HTTP/1.1 200 OK"
2026-07-22 15:04:26,169 INFO HTTP Request: POST http://localhost:3000/api/bot/orders/expire "HTTP/1.1 200 OK"
2026-07-22 15:04:26,238 INFO HTTP Request: GET http://localhost:3000/api/bot/orders?status=PAID "HTTP/1.1 200 OK"
2026-07-22 15:04:27,737 INFO HTTP Request: GET http://localhost:3000/api/bot/products "HTTP/1.1 200 OK"
2026-07-22 15:04:31,219 INFO HTTP Request: POST http://localhost:3000/api/bot/orders/expire "HTTP/1.1 200 OK"
2026-07-22 15:04:31,279 INFO HTTP Request: GET http://localhost:3000/api/bot/orders?status=PAID "HTTP/1.1 200 OK"
2026-07-22 15:04:32,796 INFO HTTP Request: GET http://localhost:3000/api/bot/products "HTTP/1.1 200 OK"
2026-07-22 15:04:36,271 INFO HTTP Request: POST http://localhost:3000/api/bot/orders/expire "HTTP/1.1 200 OK"
2026-07-22 15:04:36,329 INFO HTTP Request: GET http://localhost:3000/api/bot/orders?status=PAID "HTTP/1.1 200 OK"
2026-07-22 15:04:37,871 INFO HTTP Request: GET http://localhost:3000/api/bot/products "HTTP/1.1 200 OK"
2026-07-22 15:04:41,298 INFO HTTP Request: POST http://localhost:3000/api/bot/orders/expire "HTTP/1.1 200 OK"
2026-07-22 15:04:41,384 INFO HTTP Request: GET http://localhost:3000/api/bot/orders?status=PAID "HTTP/1.1 200 OK"
2026-07-22 15:04:42,939 INFO HTTP Request: GET http://localhost:3000/api/bot/products "HTTP/1.1 200 OK"
2026-07-22 15:04:46,338 INFO HTTP Request: POST http://localhost:3000/api/bot/orders/expire "HTTP/1.1 200 OK"
2026-07-22 15:04:46,438 INFO HTTP Request: GET http://localhost:3000/api/bot/orders?status=PAID "HTTP/1.1 200 OK"
2026-07-22 15:04:47,980 INFO HTTP Request: GET http://localhost:3000/api/bot/products "HTTP/1.1 200 OK"
2026-07-22 15:04:51,388 INFO HTTP Request: POST http://localhost:3000/api/bot/orders/expire "HTTP/1.1 200 OK"
2026-07-22 15:04:51,471 INFO HTTP Request: GET http://localhost:3000/api/bot/orders?status=PAID "HTTP/1.1 200 OK"
2026-07-22 15:04:53,046 INFO HTTP Request: GET http://localhost:3000/api/bot/products "HTTP/1.1 200 OK"
2026-07-22 15:04:56,433 INFO HTTP Request: POST http://localhost:3000/api/bot/orders/expire "HTTP/1.1 200 OK"
2026-07-22 15:04:56,513 INFO HTTP Request: GET http://localhost:3000/api/bot/orders?status=PAID "HTTP/1.1 200 OK"
2026-07-22 15:04:58,096 INFO HTTP Request: GET http://localhost:3000/api/bot/products "HTTP/1.1 200 OK"
2026-07-22 15:05:01,480 INFO HTTP Request: POST http://localhost:3000/api/bot/orders/expire "HTTP/1.1 200 OK"
2026-07-22 15:05:01,555 INFO HTTP Request: GET http://localhost:3000/api/bot/orders?status=PAID "HTTP/1.1 200 OK"
2026-07-22 15:05:03,146 INFO HTTP Request: GET http://localhost:3000/api/bot/products "HTTP/1.1 200 OK"
2026-07-22 15:05:06,530 INFO HTTP Request: POST http://localhost:3000/api/bot/orders/expire "HTTP/1.1 200 OK"
2026-07-22 15:05:06,597 INFO HTTP Request: GET http://localhost:3000/api/bot/orders?status=PAID "HTTP/1.1 200 OK"
2026-07-22 15:05:08,189 INFO HTTP Request: GET http://localhost:3000/api/bot/products "HTTP/1.1 200 OK"
2026-07-22 15:05:11,554 INFO HTTP Request: POST http://localhost:3000/api/bot/orders/expire "HTTP/1.1 200 OK"
2026-07-22 15:05:11,630 INFO HTTP Request: GET http://localhost:3000/api/bot/orders?status=PAID "HTTP/1.1 200 OK"
2026-07-22 15:05:13,247 INFO HTTP Request: GET http://localhost:3000/api/bot/products "HTTP/1.1 200 OK"
2026-07-22 15:05:16,597 INFO HTTP Request: POST http://localhost:3000/api/bot/orders/expire "HTTP/1.1 200 OK"
2026-07-22 15:05:16,664 INFO HTTP Request: GET http://localhost:3000/api/bot/orders?status=PAID "HTTP/1.1 200 OK"
2026-07-22 15:05:18,306 INFO HTTP Request: GET http://localhost:3000/api/bot/products "HTTP/1.1 200 OK"
2026-07-22 15:05:21,639 INFO HTTP Request: POST http://localhost:3000/api/bot/orders/expire "HTTP/1.1 200 OK"
2026-07-22 15:05:21,714 INFO HTTP Request: GET http://localhost:3000/api/bot/orders?status=PAID "HTTP/1.1 200 OK"
2026-07-22 15:05:23,365 INFO HTTP Request: GET http://localhost:3000/api/bot/products "HTTP/1.1 200 OK"
2026-07-22 15:05:26,680 INFO HTTP Request: POST http://localhost:3000/api/bot/orders/expire "HTTP/1.1 200 OK"
2026-07-22 15:05:26,765 INFO HTTP Request: GET http://localhost:3000/api/bot/orders?status=PAID "HTTP/1.1 200 OK"
2026-07-22 15:05:28,448 INFO HTTP Request: GET http://localhost:3000/api/bot/products "HTTP/1.1 200 OK"
2026-07-22 15:05:31,722 INFO HTTP Request: POST http://localhost:3000/api/bot/orders/expire "HTTP/1.1 200 OK"
2026-07-22 15:05:31,823 INFO HTTP Request: GET http://localhost:3000/api/bot/orders?status=PAID "HTTP/1.1 200 OK"
2026-07-22 15:05:33,515 INFO HTTP Request: GET http://localhost:3000/api/bot/products "HTTP/1.1 200 OK"
2026-07-22 15:05:36,773 INFO HTTP Request: POST http://localhost:3000/api/bot/orders/expire "HTTP/1.1 200 OK"
2026-07-22 15:05:36,856 INFO HTTP Request: GET http://localhost:3000/api/bot/orders?status=PAID "HTTP/1.1 200 OK"
2026-07-22 15:05:38,690 INFO HTTP Request: GET http://localhost:3000/api/bot/products "HTTP/1.1 200 OK"
2026-07-22 15:05:41,836 INFO HTTP Request: POST http://localhost:3000/api/bot/orders/expire "HTTP/1.1 200 OK"
2026-07-22 15:05:41,923 INFO HTTP Request: GET http://localhost:3000/api/bot/orders?status=PAID "HTTP/1.1 200 OK"
2026-07-22 15:05:43,764 INFO HTTP Request: GET http://localhost:3000/api/bot/products "HTTP/1.1 200 OK"
2026-07-22 15:05:46,890 INFO HTTP Request: POST http://localhost:3000/api/bot/orders/expire "HTTP/1.1 200 OK"
2026-07-22 15:05:46,973 INFO HTTP Request: GET http://localhost:3000/api/bot/orders?status=PAID "HTTP/1.1 200 OK"
2026-07-22 15:05:48,823 INFO HTTP Request: GET http://localhost:3000/api/bot/products "HTTP/1.1 200 OK"
2026-07-22 15:05:51,940 INFO HTTP Request: POST http://localhost:3000/api/bot/orders/expire "HTTP/1.1 200 OK"
2026-07-22 15:05:52,023 INFO HTTP Request: GET http://localhost:3000/api/bot/orders?status=PAID "HTTP/1.1 200 OK"
2026-07-22 15:05:53,887 INFO HTTP Request: GET http://localhost:3000/api/bot/products "HTTP/1.1 200 OK"
2026-07-22 15:05:56,983 INFO HTTP Request: POST http://localhost:3000/api/bot/orders/expire "HTTP/1.1 200 OK"
2026-07-22 15:05:57,074 INFO HTTP Request: GET http://localhost:3000/api/bot/orders?status=PAID "HTTP/1.1 200 OK"
2026-07-22 15:05:58,940 INFO HTTP Request: GET http://localhost:3000/api/bot/products "HTTP/1.1 200 OK"
2026-07-22 15:06:02,031 INFO HTTP Request: POST http://localhost:3000/api/bot/orders/expire "HTTP/1.1 200 OK"
2026-07-22 15:06:02,133 INFO HTTP Request: GET http://localhost:3000/api/bot/orders?status=PAID "HTTP/1.1 200 OK"
2026-07-22 15:06:03,996 INFO HTTP Request: GET http://localhost:3000/api/bot/products "HTTP/1.1 200 OK"
2026-07-22 15:06:07,071 INFO HTTP Request: POST http://localhost:3000/api/bot/orders/expire "HTTP/1.1 200 OK"
2026-07-22 15:06:07,172 INFO HTTP Request: GET http://localhost:3000/api/bot/orders?status=PAID "HTTP/1.1 200 OK"
2026-07-22 15:06:09,157 INFO HTTP Request: GET http://localhost:3000/api/bot/products "HTTP/1.1 200 OK"
2026-07-22 15:06:12,124 INFO HTTP Request: POST http://localhost:3000/api/bot/orders/expire "HTTP/1.1 200 OK"
2026-07-22 15:06:12,204 INFO HTTP Request: GET http://localhost:3000/api/bot/orders?status=PAID "HTTP/1.1 200 OK"
2026-07-22 15:06:14,213 INFO HTTP Request: GET http://localhost:3000/api/bot/products "HTTP/1.1 200 OK"
2026-07-22 15:06:17,154 INFO HTTP Request: POST http://localhost:3000/api/bot/orders/expire "HTTP/1.1 200 OK"
2026-07-22 15:06:17,247 INFO HTTP Request: GET http://localhost:3000/api/bot/orders?status=PAID "HTTP/1.1 200 OK"
2026-07-22 15:06:19,279 INFO HTTP Request: GET http://localhost:3000/api/bot/products "HTTP/1.1 200 OK"
2026-07-22 15:06:22,189 INFO HTTP Request: POST http://localhost:3000/api/bot/orders/expire "HTTP/1.1 200 OK"
2026-07-22 15:06:22,280 INFO HTTP Request: GET http://localhost:3000/api/bot/orders?status=PAID "HTTP/1.1 200 OK"
2026-07-22 15:06:24,329 INFO HTTP Request: GET http://localhost:3000/api/bot/products "HTTP/1.1 200 OK"
2026-07-22 15:06:27,248 INFO HTTP Request: POST http://localhost:3000/api/bot/orders/expire "HTTP/1.1 200 OK"
2026-07-22 15:06:27,305 INFO HTTP Request: GET http://localhost:3000/api/bot/orders?status=PAID "HTTP/1.1 200 OK"
2026-07-22 15:06:29,388 INFO HTTP Request: GET http://localhost:3000/api/bot/products "HTTP/1.1 200 OK"
2026-07-22 15:06:32,290 INFO HTTP Request: POST http://localhost:3000/api/bot/orders/expire "HTTP/1.1 200 OK"
2026-07-22 15:06:32,356 INFO HTTP Request: GET http://localhost:3000/api/bot/orders?status=PAID "HTTP/1.1 200 OK"
2026-07-22 15:06:34,455 INFO HTTP Request: GET http://localhost:3000/api/bot/products "HTTP/1.1 200 OK"
2026-07-22 15:06:37,348 INFO HTTP Request: POST http://localhost:3000/api/bot/orders/expire "HTTP/1.1 200 OK"
2026-07-22 15:06:37,405 INFO HTTP Request: GET http://localhost:3000/api/bot/orders?status=PAID "HTTP/1.1 200 OK"
2026-07-22 15:06:39,516 INFO HTTP Request: GET http://localhost:3000/api/bot/products "HTTP/1.1 200 OK"
2026-07-22 15:06:42,400 INFO HTTP Request: POST http://localhost:3000/api/bot/orders/expire "HTTP/1.1 200 OK"
2026-07-22 15:06:42,457 INFO HTTP Request: GET http://localhost:3000/api/bot/orders?status=PAID "HTTP/1.1 200 OK"
2026-07-22 15:06:44,582 INFO HTTP Request: GET http://localhost:3000/api/bot/products "HTTP/1.1 200 OK"
2026-07-22 15:06:47,464 INFO HTTP Request: POST http://localhost:3000/api/bot/orders/expire "HTTP/1.1 200 OK"
2026-07-22 15:06:47,556 INFO HTTP Request: GET http://localhost:3000/api/bot/orders?status=PAID "HTTP/1.1 200 OK"
2026-07-22 15:06:49,632 INFO HTTP Request: GET http://localhost:3000/api/bot/products "HTTP/1.1 200 OK"
2026-07-22 15:06:52,506 INFO HTTP Request: POST http://localhost:3000/api/bot/orders/expire "HTTP/1.1 200 OK"
2026-07-22 15:06:52,631 INFO HTTP Request: GET http://localhost:3000/api/bot/orders?status=PAID "HTTP/1.1 200 OK"
2026-07-22 15:06:54,697 INFO HTTP Request: GET http://localhost:3000/api/bot/products "HTTP/1.1 200 OK"
2026-07-22 15:06:57,540 INFO HTTP Request: POST http://localhost:3000/api/bot/orders/expire "HTTP/1.1 200 OK"
2026-07-22 15:06:57,673 INFO HTTP Request: GET http://localhost:3000/api/bot/orders?status=PAID "HTTP/1.1 200 OK"
2026-07-22 15:06:59,773 INFO HTTP Request: GET http://localhost:3000/api/bot/products "HTTP/1.1 200 OK"
2026-07-22 15:07:02,596 INFO HTTP Request: POST http://localhost:3000/api/bot/orders/expire "HTTP/1.1 200 OK"
2026-07-22 15:07:02,746 INFO HTTP Request: GET http://localhost:3000/api/bot/orders?status=PAID "HTTP/1.1 200 OK"
2026-07-22 15:07:04,829 INFO HTTP Request: GET http://localhost:3000/api/bot/products "HTTP/1.1 200 OK"
2026-07-22 15:07:07,630 INFO HTTP Request: POST http://localhost:3000/api/bot/orders/expire "HTTP/1.1 200 OK"
2026-07-22 15:07:07,839 INFO HTTP Request: GET http://localhost:3000/api/bot/orders?status=PAID "HTTP/1.1 200 OK"
2026-07-22 15:07:09,890 INFO HTTP Request: GET http://localhost:3000/api/bot/products "HTTP/1.1 200 OK"
2026-07-22 15:07:12,665 INFO HTTP Request: POST http://localhost:3000/api/bot/orders/expire "HTTP/1.1 200 OK"
2026-07-22 15:07:12,890 INFO HTTP Request: GET http://localhost:3000/api/bot/orders?status=PAID "HTTP/1.1 200 OK"
2026-07-22 15:07:14,932 INFO HTTP Request: GET http://localhost:3000/api/bot/products "HTTP/1.1 200 OK"
2026-07-22 15:07:17,716 INFO HTTP Request: POST http://localhost:3000/api/bot/orders/expire "HTTP/1.1 200 OK"
2026-07-22 15:07:17,940 INFO HTTP Request: GET http://localhost:3000/api/bot/orders?status=PAID "HTTP/1.1 200 OK"
2026-07-22 15:07:20,007 INFO HTTP Request: GET http://localhost:3000/api/bot/products "HTTP/1.1 200 OK"
2026-07-22 15:07:22,740 INFO HTTP Request: POST http://localhost:3000/api/bot/orders/expire "HTTP/1.1 200 OK"
2026-07-22 15:07:23,004 INFO HTTP Request: GET http://localhost:3000/api/bot/orders?status=PAID "HTTP/1.1 200 OK"
2026-07-22 15:07:25,083 INFO HTTP Request: GET http://localhost:3000/api/bot/products "HTTP/1.1 200 OK"
2026-07-22 15:07:27,797 INFO HTTP Request: POST http://localhost:3000/api/bot/orders/expire "HTTP/1.1 200 OK"
2026-07-22 15:07:28,074 INFO HTTP Request: GET http://localhost:3000/api/bot/orders?status=PAID "HTTP/1.1 200 OK"
2026-07-22 15:07:30,163 INFO HTTP Request: GET http://localhost:3000/api/bot/products "HTTP/1.1 200 OK"
2026-07-22 15:07:32,849 INFO HTTP Request: POST http://localhost:3000/api/bot/orders/expire "HTTP/1.1 200 OK"
2026-07-22 15:07:33,155 INFO HTTP Request: GET http://localhost:3000/api/bot/orders?status=PAID "HTTP/1.1 200 OK"
2026-07-22 15:07:35,247 INFO HTTP Request: GET http://localhost:3000/api/bot/products "HTTP/1.1 200 OK"
2026-07-22 15:07:37,905 INFO HTTP Request: POST http://localhost:3000/api/bot/orders/expire "HTTP/1.1 200 OK"
2026-07-22 15:07:38,239 INFO HTTP Request: GET http://localhost:3000/api/bot/orders?status=PAID "HTTP/1.1 200 OK"
2026-07-22 15:07:40,330 INFO HTTP Request: GET http://localhost:3000/api/bot/products "HTTP/1.1 200 OK"
2026-07-22 15:07:42,990 INFO HTTP Request: POST http://localhost:3000/api/bot/orders/expire "HTTP/1.1 200 OK"
2026-07-22 15:07:43,306 INFO HTTP Request: GET http://localhost:3000/api/bot/orders?status=PAID "HTTP/1.1 200 OK"
2026-07-22 15:07:45,398 INFO HTTP Request: GET http://localhost:3000/api/bot/products "HTTP/1.1 200 OK"
2026-07-22 15:07:48,072 INFO HTTP Request: POST http://localhost:3000/api/bot/orders/expire "HTTP/1.1 200 OK"
2026-07-22 15:07:48,383 INFO HTTP Request: GET http://localhost:3000/api/bot/orders?status=PAID "HTTP/1.1 200 OK"
2026-07-22 15:07:50,464 INFO HTTP Request: GET http://localhost:3000/api/bot/products "HTTP/1.1 200 OK"
2026-07-22 15:07:53,151 INFO HTTP Request: POST http://localhost:3000/api/bot/orders/expire "HTTP/1.1 200 OK"
2026-07-22 15:07:53,433 INFO HTTP Request: GET http://localhost:3000/api/bot/orders?status=PAID "HTTP/1.1 200 OK"
2026-07-22 15:07:55,524 INFO HTTP Request: GET http://localhost:3000/api/bot/products "HTTP/1.1 200 OK"
2026-07-22 15:07:58,210 INFO HTTP Request: POST http://localhost:3000/api/bot/orders/expire "HTTP/1.1 200 OK"
2026-07-22 15:07:58,491 INFO HTTP Request: GET http://localhost:3000/api/bot/orders?status=PAID "HTTP/1.1 200 OK"
2026-07-22 15:08:00,578 INFO HTTP Request: GET http://localhost:3000/api/bot/products "HTTP/1.1 200 OK"
2026-07-22 15:08:03,257 INFO HTTP Request: POST http://localhost:3000/api/bot/orders/expire "HTTP/1.1 200 OK"
2026-07-22 15:08:03,535 INFO HTTP Request: GET http://localhost:3000/api/bot/orders?status=PAID "HTTP/1.1 200 OK"
2026-07-22 15:08:05,652 INFO HTTP Request: GET http://localhost:3000/api/bot/products "HTTP/1.1 200 OK"
2026-07-22 15:08:08,328 INFO HTTP Request: POST http://localhost:3000/api/bot/orders/expire "HTTP/1.1 200 OK"
2026-07-22 15:08:08,650 INFO HTTP Request: GET http://localhost:3000/api/bot/orders?status=PAID "HTTP/1.1 200 OK"
2026-07-22 15:08:10,719 INFO HTTP Request: GET http://localhost:3000/api/bot/products "HTTP/1.1 200 OK"
2026-07-22 15:08:13,402 INFO HTTP Request: POST http://localhost:3000/api/bot/orders/expire "HTTP/1.1 200 OK"
2026-07-22 15:08:13,708 INFO HTTP Request: GET http://localhost:3000/api/bot/orders?status=PAID "HTTP/1.1 200 OK"
2026-07-22 15:08:15,760 INFO HTTP Request: GET http://localhost:3000/api/bot/products "HTTP/1.1 200 OK"
2026-07-22 15:08:18,457 INFO HTTP Request: POST http://localhost:3000/api/bot/orders/expire "HTTP/1.1 200 OK"
2026-07-22 15:08:18,766 INFO HTTP Request: GET http://localhost:3000/api/bot/orders?status=PAID "HTTP/1.1 200 OK"
2026-07-22 15:08:20,843 INFO HTTP Request: GET http://localhost:3000/api/bot/products "HTTP/1.1 200 OK"
2026-07-22 15:08:23,517 INFO HTTP Request: POST http://localhost:3000/api/bot/orders/expire "HTTP/1.1 200 OK"
2026-07-22 15:08:23,817 INFO HTTP Request: GET http://localhost:3000/api/bot/orders?status=PAID "HTTP/1.1 200 OK"
2026-07-22 15:08:25,891 INFO HTTP Request: GET http://localhost:3000/api/bot/products "HTTP/1.1 200 OK"
2026-07-22 15:08:28,583 INFO HTTP Request: POST http://localhost:3000/api/bot/orders/expire "HTTP/1.1 200 OK"
2026-07-22 15:08:28,891 INFO HTTP Request: GET http://localhost:3000/api/bot/orders?status=PAID "HTTP/1.1 200 OK"
2026-07-22 15:08:30,951 INFO HTTP Request: GET http://localhost:3000/api/bot/products "HTTP/1.1 200 OK"
2026-07-22 15:08:33,641 INFO HTTP Request: POST http://localhost:3000/api/bot/orders/expire "HTTP/1.1 200 OK"
2026-07-22 15:08:33,941 INFO HTTP Request: GET http://localhost:3000/api/bot/orders?status=PAID "HTTP/1.1 200 OK"
2026-07-22 15:08:36,009 INFO HTTP Request: GET http://localhost:3000/api/bot/products "HTTP/1.1 200 OK"
2026-07-22 15:08:38,700 INFO HTTP Request: POST http://localhost:3000/api/bot/orders/expire "HTTP/1.1 200 OK"
2026-07-22 15:08:39,000 INFO HTTP Request: GET http://localhost:3000/api/bot/orders?status=PAID "HTTP/1.1 200 OK"
2026-07-22 15:08:41,084 INFO HTTP Request: GET http://localhost:3000/api/bot/products "HTTP/1.1 200 OK"
2026-07-22 15:08:43,784 INFO HTTP Request: POST http://localhost:3000/api/bot/orders/expire "HTTP/1.1 200 OK"
2026-07-22 15:08:44,058 INFO HTTP Request: GET http://localhost:3000/api/bot/orders?status=PAID "HTTP/1.1 200 OK"
2026-07-22 15:08:46,134 INFO HTTP Request: GET http://localhost:3000/api/bot/products "HTTP/1.1 200 OK"
