2026-07-22 15:11:46,555 INFO HTTP Request: GET http://localhost:3000/api/bot/configs "HTTP/1.1 200 OK"
2026-07-22 15:11:46,590 INFO \u0110ã kh\u1edfi \u0111\u1ed9ng runtime riêng cho shop 9
2026-07-22 15:11:49,255 INFO HTTP Request: GET http://localhost:3000/api/bot/config "HTTP/1.1 200 OK"
2026-07-22 15:11:49,702 INFO HTTP Request: GET http://localhost:3000/api/bot/configs "HTTP/1.1 200 OK"
2026-07-22 15:11:51,463 INFO Start polling
2026-07-22 15:11:51,547 INFO HTTP Request: GET http://localhost:3000/api/bot/orders?status=PAID "HTTP/1.1 200 OK"
2026-07-22 15:11:51,632 INFO HTTP Request: POST http://localhost:3000/api/bot/orders/expire "HTTP/1.1 200 OK"
2026-07-22 15:11:51,705 INFO HTTP Request: GET http://localhost:3000/api/bot/products "HTTP/1.1 200 OK"
2026-07-22 15:11:51,736 INFO Run polling for bot @dhasjdh_bot id=8220761669 - 'Qu\u1ea3n lý'
2026-07-22 15:11:52,246 INFO Run polling for bot @n8nphancongtribot id=8723246369 - 's\u1ea3n ph\u1ea9m'
2026-07-22 15:11:52,793 INFO HTTP Request: GET http://localhost:3000/api/bot/configs "HTTP/1.1 200 OK"
2026-07-22 15:11:55,851 INFO HTTP Request: GET http://localhost:3000/api/bot/configs "HTTP/1.1 200 OK"
2026-07-22 15:11:56,601 INFO HTTP Request: GET http://localhost:3000/api/bot/orders?status=PAID "HTTP/1.1 200 OK"
2026-07-22 15:11:56,705 INFO HTTP Request: POST http://localhost:3000/api/bot/orders/expire "HTTP/1.1 200 OK"
2026-07-22 15:11:56,764 INFO HTTP Request: GET http://localhost:3000/api/bot/products "HTTP/1.1 200 OK"
2026-07-22 15:11:58,906 INFO HTTP Request: GET http://localhost:3000/api/bot/configs "HTTP/1.1 200 OK"
2026-07-22 15:12:01,652 INFO HTTP Request: GET http://localhost:3000/api/bot/orders?status=PAID "HTTP/1.1 200 OK"
2026-07-22 15:12:01,755 INFO HTTP Request: POST http://localhost:3000/api/bot/orders/expire "HTTP/1.1 200 OK"
2026-07-22 15:12:01,822 INFO HTTP Request: GET http://localhost:3000/api/bot/products "HTTP/1.1 200 OK"
2026-07-22 15:12:01,969 INFO HTTP Request: GET http://localhost:3000/api/bot/configs "HTTP/1.1 200 OK"
2026-07-22 15:12:05,027 INFO HTTP Request: GET http://localhost:3000/api/bot/configs "HTTP/1.1 200 OK"
2026-07-22 15:12:06,715 INFO HTTP Request: GET http://localhost:3000/api/bot/orders?status=PAID "HTTP/1.1 200 OK"
2026-07-22 15:12:06,800 INFO HTTP Request: POST http://localhost:3000/api/bot/orders/expire "HTTP/1.1 200 OK"
2026-07-22 15:12:06,891 INFO HTTP Request: GET http://localhost:3000/api/bot/products "HTTP/1.1 200 OK"
2026-07-22 15:12:08,091 INFO HTTP Request: GET http://localhost:3000/api/bot/configs "HTTP/1.1 200 OK"
2026-07-22 15:12:11,161 INFO HTTP Request: GET http://localhost:3000/api/bot/configs "HTTP/1.1 200 OK"
2026-07-22 15:12:11,798 INFO HTTP Request: GET http://localhost:3000/api/bot/orders?status=PAID "HTTP/1.1 200 OK"
2026-07-22 15:12:11,874 INFO HTTP Request: POST http://localhost:3000/api/bot/orders/expire "HTTP/1.1 200 OK"
2026-07-22 15:12:11,950 INFO HTTP Request: GET http://localhost:3000/api/bot/products "HTTP/1.1 200 OK"
2026-07-22 15:12:14,244 INFO HTTP Request: GET http://localhost:3000/api/bot/configs "HTTP/1.1 200 OK"
2026-07-22 15:12:16,861 INFO HTTP Request: GET http://localhost:3000/api/bot/orders?status=PAID "HTTP/1.1 200 OK"
2026-07-22 15:12:16,936 INFO HTTP Request: POST http://localhost:3000/api/bot/orders/expire "HTTP/1.1 200 OK"
2026-07-22 15:12:17,011 INFO HTTP Request: GET http://localhost:3000/api/bot/products "HTTP/1.1 200 OK"
2026-07-22 15:12:17,309 INFO HTTP Request: GET http://localhost:3000/api/bot/configs "HTTP/1.1 200 OK"
2026-07-22 15:12:20,402 INFO HTTP Request: GET http://localhost:3000/api/bot/configs "HTTP/1.1 200 OK"
2026-07-22 15:12:21,919 INFO HTTP Request: GET http://localhost:3000/api/bot/orders?status=PAID "HTTP/1.1 200 OK"
2026-07-22 15:12:22,003 INFO HTTP Request: POST http://localhost:3000/api/bot/orders/expire "HTTP/1.1 200 OK"
2026-07-22 15:12:22,078 INFO HTTP Request: GET http://localhost:3000/api/bot/products "HTTP/1.1 200 OK"
2026-07-22 15:12:23,508 INFO HTTP Request: GET http://localhost:3000/api/bot/configs "HTTP/1.1 200 OK"
2026-07-22 15:12:26,586 INFO HTTP Request: GET http://localhost:3000/api/bot/configs "HTTP/1.1 200 OK"
2026-07-22 15:12:26,984 INFO HTTP Request: GET http://localhost:3000/api/bot/orders?status=PAID "HTTP/1.1 200 OK"
2026-07-22 15:12:27,060 INFO HTTP Request: POST http://localhost:3000/api/bot/orders/expire "HTTP/1.1 200 OK"
2026-07-22 15:12:27,152 INFO HTTP Request: GET http://localhost:3000/api/bot/products "HTTP/1.1 200 OK"
2026-07-22 15:12:29,670 INFO HTTP Request: GET http://localhost:3000/api/bot/configs "HTTP/1.1 200 OK"
2026-07-22 15:12:32,050 INFO HTTP Request: GET http://localhost:3000/api/bot/orders?status=PAID "HTTP/1.1 200 OK"
2026-07-22 15:12:32,128 INFO HTTP Request: POST http://localhost:3000/api/bot/orders/expire "HTTP/1.1 200 OK"
2026-07-22 15:12:32,224 INFO HTTP Request: GET http://localhost:3000/api/bot/products "HTTP/1.1 200 OK"
2026-07-22 15:12:32,766 INFO HTTP Request: GET http://localhost:3000/api/bot/configs "HTTP/1.1 200 OK"
2026-07-22 15:12:35,819 INFO HTTP Request: GET http://localhost:3000/api/bot/configs "HTTP/1.1 200 OK"
2026-07-22 15:12:37,107 INFO HTTP Request: GET http://localhost:3000/api/bot/orders?status=PAID "HTTP/1.1 200 OK"
2026-07-22 15:12:37,161 INFO HTTP Request: POST http://localhost:3000/api/bot/orders/expire "HTTP/1.1 200 OK"
2026-07-22 15:12:37,278 INFO HTTP Request: GET http://localhost:3000/api/bot/products "HTTP/1.1 200 OK"
2026-07-22 15:12:38,878 INFO HTTP Request: GET http://localhost:3000/api/bot/configs "HTTP/1.1 200 OK"
2026-07-22 15:12:41,924 INFO HTTP Request: GET http://localhost:3000/api/bot/configs "HTTP/1.1 200 OK"
2026-07-22 15:12:42,157 INFO HTTP Request: GET http://localhost:3000/api/bot/orders?status=PAID "HTTP/1.1 200 OK"
2026-07-22 15:12:42,228 INFO HTTP Request: POST http://localhost:3000/api/bot/orders/expire "HTTP/1.1 200 OK"
2026-07-22 15:12:42,333 INFO HTTP Request: GET http://localhost:3000/api/bot/products "HTTP/1.1 200 OK"
2026-07-22 15:12:44,974 INFO HTTP Request: GET http://localhost:3000/api/bot/configs "HTTP/1.1 200 OK"
2026-07-22 15:12:47,216 INFO HTTP Request: GET http://localhost:3000/api/bot/orders?status=PAID "HTTP/1.1 200 OK"
2026-07-22 15:12:47,291 INFO HTTP Request: POST http://localhost:3000/api/bot/orders/expire "HTTP/1.1 200 OK"
2026-07-22 15:12:47,383 INFO HTTP Request: GET http://localhost:3000/api/bot/products "HTTP/1.1 200 OK"
2026-07-22 15:12:48,033 INFO HTTP Request: GET http://localhost:3000/api/bot/configs "HTTP/1.1 200 OK"
2026-07-22 15:12:51,091 INFO HTTP Request: GET http://localhost:3000/api/bot/configs "HTTP/1.1 200 OK"
2026-07-22 15:12:52,266 INFO HTTP Request: GET http://localhost:3000/api/bot/orders?status=PAID "HTTP/1.1 200 OK"
2026-07-22 15:12:52,374 INFO HTTP Request: POST http://localhost:3000/api/bot/orders/expire "HTTP/1.1 200 OK"
2026-07-22 15:12:52,450 INFO HTTP Request: GET http://localhost:3000/api/bot/products "HTTP/1.1 200 OK"
