2026-07-22 14:23:23,435 INFO HTTP Request: GET http://localhost:3000/api/bot/config "HTTP/1.1 200 OK"
2026-07-22 14:23:25,628 INFO Start polling
2026-07-22 14:23:25,692 INFO HTTP Request: GET http://localhost:3000/api/bot/orders?status=PAID "HTTP/1.1 200 OK"
2026-07-22 14:23:25,774 INFO HTTP Request: GET http://localhost:3000/api/bot/products "HTTP/1.1 200 OK"
2026-07-22 14:23:25,882 INFO Run polling for bot @dhasjdh_bot id=8220761669 - 'Qu\u1ea3n lı'
2026-07-22 14:23:26,343 INFO Run polling for bot @n8nphancongtribot id=8723246369 - 's\u1ea3n ph\u1ea9m'
2026-07-22 14:23:30,757 INFO HTTP Request: GET http://localhost:3000/api/bot/orders?status=PAID "HTTP/1.1 200 OK"
2026-07-22 14:23:30,846 INFO HTTP Request: GET http://localhost:3000/api/bot/products "HTTP/1.1 200 OK"
2026-07-22 14:23:35,830 INFO HTTP Request: GET http://localhost:3000/api/bot/orders?status=PAID "HTTP/1.1 200 OK"
2026-07-22 14:23:35,896 INFO HTTP Request: GET http://localhost:3000/api/bot/products "HTTP/1.1 200 OK"
2026-07-22 14:23:40,874 INFO HTTP Request: GET http://localhost:3000/api/bot/orders?status=PAID "HTTP/1.1 200 OK"
2026-07-22 14:23:40,959 INFO HTTP Request: GET http://localhost:3000/api/bot/products "HTTP/1.1 200 OK"
2026-07-22 14:23:45,914 INFO HTTP Request: GET http://localhost:3000/api/bot/orders?status=PAID "HTTP/1.1 200 OK"
2026-07-22 14:23:46,007 INFO HTTP Request: GET http://localhost:3000/api/bot/products "HTTP/1.1 200 OK"
2026-07-22 14:23:50,964 INFO HTTP Request: GET http://localhost:3000/api/bot/orders?status=PAID "HTTP/1.1 200 OK"
2026-07-22 14:23:51,048 INFO HTTP Request: GET http://localhost:3000/api/bot/products "HTTP/1.1 200 OK"
2026-07-22 14:23:56,022 INFO HTTP Request: GET http://localhost:3000/api/bot/orders?status=PAID "HTTP/1.1 200 OK"
2026-07-22 14:23:56,106 INFO HTTP Request: GET http://localhost:3000/api/bot/products "HTTP/1.1 200 OK"
2026-07-22 14:24:01,064 INFO HTTP Request: GET http://localhost:3000/api/bot/orders?status=PAID "HTTP/1.1 200 OK"
2026-07-22 14:24:01,164 INFO HTTP Request: GET http://localhost:3000/api/bot/products "HTTP/1.1 200 OK"
2026-07-22 14:24:06,107 INFO HTTP Request: GET http://localhost:3000/api/bot/orders?status=PAID "HTTP/1.1 200 OK"
2026-07-22 14:24:06,224 INFO HTTP Request: GET http://localhost:3000/api/bot/products "HTTP/1.1 200 OK"
2026-07-22 14:24:11,147 INFO HTTP Request: GET http://localhost:3000/api/bot/orders?status=PAID "HTTP/1.1 200 OK"
2026-07-22 14:24:11,290 INFO HTTP Request: GET http://localhost:3000/api/bot/products "HTTP/1.1 200 OK"
2026-07-22 14:24:16,181 INFO HTTP Request: GET http://localhost:3000/api/bot/orders?status=PAID "HTTP/1.1 200 OK"
2026-07-22 14:24:16,357 INFO HTTP Request: GET http://localhost:3000/api/bot/products "HTTP/1.1 200 OK"
2026-07-22 14:24:21,223 INFO HTTP Request: GET http://localhost:3000/api/bot/orders?status=PAID "HTTP/1.1 200 OK"
2026-07-22 14:24:21,415 INFO HTTP Request: GET http://localhost:3000/api/bot/products "HTTP/1.1 200 OK"
2026-07-22 14:24:26,273 INFO HTTP Request: GET http://localhost:3000/api/bot/orders?status=PAID "HTTP/1.1 200 OK"
2026-07-22 14:24:26,466 INFO HTTP Request: GET http://localhost:3000/api/bot/products "HTTP/1.1 200 OK"
2026-07-22 14:24:31,314 INFO HTTP Request: GET http://localhost:3000/api/bot/orders?status=PAID "HTTP/1.1 200 OK"
2026-07-22 14:24:31,532 INFO HTTP Request: GET http://localhost:3000/api/bot/products "HTTP/1.1 200 OK"
2026-07-22 14:24:34,733 INFO HTTP Request: GET http://localhost:3000/api/bot/settings "HTTP/1.1 200 OK"
2026-07-22 14:24:35,626 INFO Update id=843104008 is handled. Duration 984 ms by bot id=8220761669
2026-07-22 14:24:36,361 INFO HTTP Request: GET http://localhost:3000/api/bot/orders?status=PAID "HTTP/1.1 200 OK"
2026-07-22 14:24:36,599 INFO HTTP Request: GET http://localhost:3000/api/bot/products "HTTP/1.1 200 OK"
2026-07-22 14:24:37,682 INFO HTTP Request: GET http://localhost:3000/api/bot/products "HTTP/1.1 200 OK"
2026-07-22 14:24:38,105 INFO Update id=843104009 is handled. Duration 891 ms by bot id=8220761669
2026-07-22 14:24:41,390 INFO HTTP Request: GET http://localhost:3000/api/bot/orders?status=PAID "HTTP/1.1 200 OK"
2026-07-22 14:24:41,658 INFO HTTP Request: GET http://localhost:3000/api/bot/products "HTTP/1.1 200 OK"
2026-07-22 14:24:46,440 INFO HTTP Request: GET http://localhost:3000/api/bot/orders?status=PAID "HTTP/1.1 200 OK"
2026-07-22 14:24:46,708 INFO HTTP Request: GET http://localhost:3000/api/bot/products "HTTP/1.1 200 OK"
2026-07-22 14:24:51,515 INFO HTTP Request: GET http://localhost:3000/api/bot/orders?status=PAID "HTTP/1.1 200 OK"
2026-07-22 14:24:51,792 INFO HTTP Request: GET http://localhost:3000/api/bot/products "HTTP/1.1 200 OK"
2026-07-22 14:24:56,546 INFO HTTP Request: GET http://localhost:3000/api/bot/orders?status=PAID "HTTP/1.1 200 OK"
2026-07-22 14:24:56,865 INFO HTTP Request: GET http://localhost:3000/api/bot/products "HTTP/1.1 200 OK"
2026-07-22 14:25:01,573 INFO HTTP Request: GET http://localhost:3000/api/bot/orders?status=PAID "HTTP/1.1 200 OK"
2026-07-22 14:25:02,347 INFO HTTP Request: GET http://localhost:3000/api/bot/products "HTTP/1.1 200 OK"
2026-07-22 14:25:03,940 INFO HTTP Request: GET http://localhost:3000/api/bot/products "HTTP/1.1 200 OK"
2026-07-22 14:25:04,396 INFO Update id=843104010 is handled. Duration 905 ms by bot id=8220761669
2026-07-22 14:25:05,539 INFO HTTP Request: GET http://localhost:3000/api/bot/products "HTTP/1.1 200 OK"
2026-07-22 14:25:05,962 INFO Update id=843104011 is handled. Duration 875 ms by bot id=8220761669
2026-07-22 14:25:06,627 INFO HTTP Request: GET http://localhost:3000/api/bot/orders?status=PAID "HTTP/1.1 200 OK"
2026-07-22 14:25:07,423 INFO HTTP Request: GET http://localhost:3000/api/bot/products "HTTP/1.1 200 OK"
2026-07-22 14:25:11,665 INFO HTTP Request: GET http://localhost:3000/api/bot/orders?status=PAID "HTTP/1.1 200 OK"
2026-07-22 14:25:12,465 INFO HTTP Request: GET http://localhost:3000/api/bot/products "HTTP/1.1 200 OK"
2026-07-22 14:25:16,581 INFO HTTP Request: POST http://localhost:3000/api/bot/orders "HTTP/1.1 201 Created"
2026-07-22 14:25:16,656 INFO HTTP Request: GET http://localhost:3000/api/bot/settings "HTTP/1.1 200 OK"
2026-07-22 14:25:16,725 INFO HTTP Request: GET http://localhost:3000/api/bot/orders?status=PAID "HTTP/1.1 200 OK"
2026-07-22 14:25:16,727 INFO HTTP Request: GET http://localhost:3000/api/bot/payment-qr "HTTP/1.1 200 OK"
2026-07-22 14:25:16,824 INFO HTTP Request: POST http://localhost:3000/api/bot/orders/NFMRVRCHACC9B1 "HTTP/1.1 200 OK"
2026-07-22 14:25:16,899 INFO HTTP Request: GET http://localhost:3000/api/bot/settings "HTTP/1.1 200 OK"
2026-07-22 14:25:17,532 INFO HTTP Request: GET http://localhost:3000/api/bot/products "HTTP/1.1 200 OK"
2026-07-22 14:25:18,090 INFO HTTP Request: POST http://localhost:3000/api/bot/orders/NFMRVRCHACC9B1 "HTTP/1.1 200 OK"
2026-07-22 14:25:18,191 INFO HTTP Request: GET http://localhost:3000/api/bot/settings "HTTP/1.1 200 OK"
2026-07-22 14:25:18,620 INFO Update id=843104012 is handled. Duration 2531 ms by bot id=8220761669
2026-07-22 14:25:22,609 INFO HTTP Request: GET http://localhost:3000/api/bot/products "HTTP/1.1 200 OK"
2026-07-22 14:25:23,107 INFO HTTP Request: GET http://localhost:3000/api/bot/orders?status=PAID "HTTP/1.1 200 OK"
2026-07-22 14:25:27,680 INFO HTTP Request: GET http://localhost:3000/api/bot/products "HTTP/1.1 200 OK"
2026-07-22 14:25:28,149 INFO HTTP Request: GET http://localhost:3000/api/bot/orders?status=PAID "HTTP/1.1 200 OK"
2026-07-22 14:25:32,769 INFO HTTP Request: GET http://localhost:3000/api/bot/products "HTTP/1.1 200 OK"
2026-07-22 14:25:33,205 INFO HTTP Request: GET http://localhost:3000/api/bot/orders?status=PAID "HTTP/1.1 200 OK"
2026-07-22 14:25:37,815 INFO HTTP Request: GET http://localhost:3000/api/bot/products "HTTP/1.1 200 OK"
2026-07-22 14:25:38,249 INFO HTTP Request: GET http://localhost:3000/api/bot/orders?status=PAID "HTTP/1.1 200 OK"
2026-07-22 14:25:42,874 INFO HTTP Request: GET http://localhost:3000/api/bot/products "HTTP/1.1 200 OK"
2026-07-22 14:25:43,300 INFO HTTP Request: GET http://localhost:3000/api/bot/orders?status=PAID "HTTP/1.1 200 OK"
2026-07-22 14:25:47,923 INFO HTTP Request: GET http://localhost:3000/api/bot/products "HTTP/1.1 200 OK"
2026-07-22 14:25:48,332 INFO HTTP Request: GET http://localhost:3000/api/bot/orders?status=PAID "HTTP/1.1 200 OK"
2026-07-22 14:25:52,965 INFO HTTP Request: GET http://localhost:3000/api/bot/products "HTTP/1.1 200 OK"
2026-07-22 14:25:53,366 INFO HTTP Request: GET http://localhost:3000/api/bot/orders?status=PAID "HTTP/1.1 200 OK"
2026-07-22 14:25:58,033 INFO HTTP Request: GET http://localhost:3000/api/bot/products "HTTP/1.1 200 OK"
2026-07-22 14:25:58,391 INFO HTTP Request: GET http://localhost:3000/api/bot/orders?status=PAID "HTTP/1.1 200 OK"
2026-07-22 14:26:03,092 INFO HTTP Request: GET http://localhost:3000/api/bot/products "HTTP/1.1 200 OK"
2026-07-22 14:26:03,439 INFO HTTP Request: GET http://localhost:3000/api/bot/orders?status=PAID "HTTP/1.1 200 OK"
2026-07-22 14:26:08,164 INFO HTTP Request: GET http://localhost:3000/api/bot/products "HTTP/1.1 200 OK"
2026-07-22 14:26:08,472 INFO HTTP Request: GET http://localhost:3000/api/bot/orders?status=PAID "HTTP/1.1 200 OK"
2026-07-22 14:26:13,247 INFO HTTP Request: GET http://localhost:3000/api/bot/products "HTTP/1.1 200 OK"
2026-07-22 14:26:13,506 INFO HTTP Request: GET http://localhost:3000/api/bot/orders?status=PAID "HTTP/1.1 200 OK"
2026-07-22 14:26:18,308 INFO HTTP Request: GET http://localhost:3000/api/bot/products "HTTP/1.1 200 OK"
2026-07-22 14:26:18,546 INFO HTTP Request: GET http://localhost:3000/api/bot/orders?status=PAID "HTTP/1.1 200 OK"
2026-07-22 14:26:23,379 INFO HTTP Request: GET http://localhost:3000/api/bot/products "HTTP/1.1 200 OK"
2026-07-22 14:26:23,581 INFO HTTP Request: GET http://localhost:3000/api/bot/orders?status=PAID "HTTP/1.1 200 OK"
2026-07-22 14:26:28,457 INFO HTTP Request: GET http://localhost:3000/api/bot/products "HTTP/1.1 200 OK"
2026-07-22 14:26:28,633 INFO HTTP Request: GET http://localhost:3000/api/bot/orders?status=PAID "HTTP/1.1 200 OK"
2026-07-22 14:26:33,540 INFO HTTP Request: GET http://localhost:3000/api/bot/products "HTTP/1.1 200 OK"
2026-07-22 14:26:33,699 INFO HTTP Request: GET http://localhost:3000/api/bot/orders?status=PAID "HTTP/1.1 200 OK"
2026-07-22 14:26:38,623 INFO HTTP Request: GET http://localhost:3000/api/bot/products "HTTP/1.1 200 OK"
2026-07-22 14:26:38,758 INFO HTTP Request: GET http://localhost:3000/api/bot/orders?status=PAID "HTTP/1.1 200 OK"
2026-07-22 14:26:43,707 INFO HTTP Request: GET http://localhost:3000/api/bot/products "HTTP/1.1 200 OK"
2026-07-22 14:26:43,815 INFO HTTP Request: GET http://localhost:3000/api/bot/orders?status=PAID "HTTP/1.1 200 OK"
2026-07-22 14:26:48,790 INFO HTTP Request: GET http://localhost:3000/api/bot/products "HTTP/1.1 200 OK"
2026-07-22 14:26:48,858 INFO HTTP Request: GET http://localhost:3000/api/bot/orders?status=PAID "HTTP/1.1 200 OK"
2026-07-22 14:26:53,856 INFO HTTP Request: GET http://localhost:3000/api/bot/products "HTTP/1.1 200 OK"
2026-07-22 14:26:53,924 INFO HTTP Request: GET http://localhost:3000/api/bot/orders?status=PAID "HTTP/1.1 200 OK"
2026-07-22 14:26:58,925 INFO HTTP Request: GET http://localhost:3000/api/bot/products "HTTP/1.1 200 OK"
2026-07-22 14:26:58,974 INFO HTTP Request: GET http://localhost:3000/api/bot/orders?status=PAID "HTTP/1.1 200 OK"
2026-07-22 14:27:03,986 INFO HTTP Request: GET http://localhost:3000/api/bot/products "HTTP/1.1 200 OK"
2026-07-22 14:27:04,031 INFO HTTP Request: GET http://localhost:3000/api/bot/orders?status=PAID "HTTP/1.1 200 OK"
2026-07-22 14:27:09,042 INFO HTTP Request: GET http://localhost:3000/api/bot/products "HTTP/1.1 200 OK"
2026-07-22 14:27:09,091 INFO HTTP Request: GET http://localhost:3000/api/bot/orders?status=PAID "HTTP/1.1 200 OK"
2026-07-22 14:27:14,103 INFO HTTP Request: GET http://localhost:3000/api/bot/products "HTTP/1.1 200 OK"
2026-07-22 14:27:14,156 INFO HTTP Request: GET http://localhost:3000/api/bot/orders?status=PAID "HTTP/1.1 200 OK"
2026-07-22 14:27:19,158 INFO HTTP Request: GET http://localhost:3000/api/bot/products "HTTP/1.1 200 OK"
2026-07-22 14:27:19,208 INFO HTTP Request: GET http://localhost:3000/api/bot/orders?status=PAID "HTTP/1.1 200 OK"
2026-07-22 14:27:24,225 INFO HTTP Request: GET http://localhost:3000/api/bot/products "HTTP/1.1 200 OK"
2026-07-22 14:27:24,281 INFO HTTP Request: GET http://localhost:3000/api/bot/orders?status=PAID "HTTP/1.1 200 OK"
2026-07-22 14:27:29,278 INFO HTTP Request: GET http://localhost:3000/api/bot/products "HTTP/1.1 200 OK"
2026-07-22 14:27:29,331 INFO HTTP Request: GET http://localhost:3000/api/bot/orders?status=PAID "HTTP/1.1 200 OK"
2026-07-22 14:27:34,353 INFO HTTP Request: GET http://localhost:3000/api/bot/products "HTTP/1.1 200 OK"
2026-07-22 14:27:34,406 INFO HTTP Request: GET http://localhost:3000/api/bot/orders?status=PAID "HTTP/1.1 200 OK"
2026-07-22 14:27:39,429 INFO HTTP Request: GET http://localhost:3000/api/bot/products "HTTP/1.1 200 OK"
2026-07-22 14:27:39,475 INFO HTTP Request: GET http://localhost:3000/api/bot/orders?status=PAID "HTTP/1.1 200 OK"
2026-07-22 14:27:44,487 INFO HTTP Request: GET http://localhost:3000/api/bot/products "HTTP/1.1 200 OK"
2026-07-22 14:27:44,531 INFO HTTP Request: GET http://localhost:3000/api/bot/orders?status=PAID "HTTP/1.1 200 OK"
2026-07-22 14:27:49,534 INFO HTTP Request: GET http://localhost:3000/api/bot/products "HTTP/1.1 200 OK"
2026-07-22 14:27:49,581 INFO HTTP Request: GET http://localhost:3000/api/bot/orders?status=PAID "HTTP/1.1 200 OK"
2026-07-22 14:27:54,583 INFO HTTP Request: GET http://localhost:3000/api/bot/products "HTTP/1.1 200 OK"
2026-07-22 14:27:54,640 INFO HTTP Request: GET http://localhost:3000/api/bot/orders?status=PAID "HTTP/1.1 200 OK"
2026-07-22 14:27:59,634 INFO HTTP Request: GET http://localhost:3000/api/bot/products "HTTP/1.1 200 OK"
2026-07-22 14:27:59,682 INFO HTTP Request: GET http://localhost:3000/api/bot/orders?status=PAID "HTTP/1.1 200 OK"
2026-07-22 14:28:04,700 INFO HTTP Request: GET http://localhost:3000/api/bot/products "HTTP/1.1 200 OK"
2026-07-22 14:28:04,748 INFO HTTP Request: GET http://localhost:3000/api/bot/orders?status=PAID "HTTP/1.1 200 OK"
2026-07-22 14:28:09,767 INFO HTTP Request: GET http://localhost:3000/api/bot/products "HTTP/1.1 200 OK"
2026-07-22 14:28:09,815 INFO HTTP Request: GET http://localhost:3000/api/bot/orders?status=PAID "HTTP/1.1 200 OK"
2026-07-22 14:28:14,960 INFO HTTP Request: GET http://localhost:3000/api/bot/products "HTTP/1.1 200 OK"
2026-07-22 14:28:14,961 INFO HTTP Request: GET http://localhost:3000/api/bot/orders?status=PAID "HTTP/1.1 200 OK"
2026-07-22 14:28:20,018 INFO HTTP Request: GET http://localhost:3000/api/bot/orders?status=PAID "HTTP/1.1 200 OK"
2026-07-22 14:28:20,085 INFO HTTP Request: GET http://localhost:3000/api/bot/products "HTTP/1.1 200 OK"
2026-07-22 14:28:25,185 INFO HTTP Request: GET http://localhost:3000/api/bot/products "HTTP/1.1 200 OK"
2026-07-22 14:28:25,187 INFO HTTP Request: GET http://localhost:3000/api/bot/orders?status=PAID "HTTP/1.1 200 OK"
2026-07-22 14:28:30,268 INFO HTTP Request: GET http://localhost:3000/api/bot/products "HTTP/1.1 200 OK"
2026-07-22 14:28:30,270 INFO HTTP Request: GET http://localhost:3000/api/bot/orders?status=PAID "HTTP/1.1 200 OK"
2026-07-22 14:28:35,359 INFO HTTP Request: GET http://localhost:3000/api/bot/products "HTTP/1.1 200 OK"
2026-07-22 14:28:35,361 INFO HTTP Request: GET http://localhost:3000/api/bot/orders?status=PAID "HTTP/1.1 200 OK"
2026-07-22 14:28:40,452 INFO HTTP Request: GET http://localhost:3000/api/bot/products "HTTP/1.1 200 OK"
2026-07-22 14:28:40,454 INFO HTTP Request: GET http://localhost:3000/api/bot/orders?status=PAID "HTTP/1.1 200 OK"
2026-07-22 14:28:45,534 INFO HTTP Request: GET http://localhost:3000/api/bot/products "HTTP/1.1 200 OK"
2026-07-22 14:28:45,536 INFO HTTP Request: GET http://localhost:3000/api/bot/orders?status=PAID "HTTP/1.1 200 OK"
2026-07-22 14:28:50,619 INFO HTTP Request: GET http://localhost:3000/api/bot/products "HTTP/1.1 200 OK"
2026-07-22 14:28:50,622 INFO HTTP Request: GET http://localhost:3000/api/bot/orders?status=PAID "HTTP/1.1 200 OK"
2026-07-22 14:28:55,710 INFO HTTP Request: GET http://localhost:3000/api/bot/products "HTTP/1.1 200 OK"
2026-07-22 14:28:55,712 INFO HTTP Request: GET http://localhost:3000/api/bot/orders?status=PAID "HTTP/1.1 200 OK"
2026-07-22 14:29:00,752 INFO HTTP Request: GET http://localhost:3000/api/bot/orders?status=PAID "HTTP/1.1 200 OK"
2026-07-22 14:29:00,810 INFO HTTP Request: GET http://localhost:3000/api/bot/products "HTTP/1.1 200 OK"
2026-07-22 14:29:05,794 INFO HTTP Request: GET http://localhost:3000/api/bot/orders?status=PAID "HTTP/1.1 200 OK"
2026-07-22 14:29:05,876 INFO HTTP Request: GET http://localhost:3000/api/bot/products "HTTP/1.1 200 OK"
2026-07-22 14:29:10,846 INFO HTTP Request: GET http://localhost:3000/api/bot/orders?status=PAID "HTTP/1.1 200 OK"
2026-07-22 14:29:10,977 INFO HTTP Request: GET http://localhost:3000/api/bot/products "HTTP/1.1 200 OK"
2026-07-22 14:29:15,885 INFO HTTP Request: GET http://localhost:3000/api/bot/orders?status=PAID "HTTP/1.1 200 OK"
2026-07-22 14:29:16,045 INFO HTTP Request: GET http://localhost:3000/api/bot/products "HTTP/1.1 200 OK"
2026-07-22 14:29:20,935 INFO HTTP Request: GET http://localhost:3000/api/bot/orders?status=PAID "HTTP/1.1 200 OK"
2026-07-22 14:29:21,112 INFO HTTP Request: GET http://localhost:3000/api/bot/products "HTTP/1.1 200 OK"
2026-07-22 14:29:25,968 INFO HTTP Request: GET http://localhost:3000/api/bot/orders?status=PAID "HTTP/1.1 200 OK"
2026-07-22 14:29:26,172 INFO HTTP Request: GET http://localhost:3000/api/bot/products "HTTP/1.1 200 OK"
2026-07-22 14:29:31,010 INFO HTTP Request: GET http://localhost:3000/api/bot/orders?status=PAID "HTTP/1.1 200 OK"
2026-07-22 14:29:31,238 INFO HTTP Request: GET http://localhost:3000/api/bot/products "HTTP/1.1 200 OK"
2026-07-22 14:29:36,069 INFO HTTP Request: GET http://localhost:3000/api/bot/orders?status=PAID "HTTP/1.1 200 OK"
2026-07-22 14:29:36,306 INFO HTTP Request: GET http://localhost:3000/api/bot/products "HTTP/1.1 200 OK"
2026-07-22 14:29:41,119 INFO HTTP Request: GET http://localhost:3000/api/bot/orders?status=PAID "HTTP/1.1 200 OK"
2026-07-22 14:29:41,369 INFO HTTP Request: GET http://localhost:3000/api/bot/products "HTTP/1.1 200 OK"
2026-07-22 14:29:46,181 INFO HTTP Request: GET http://localhost:3000/api/bot/orders?status=PAID "HTTP/1.1 200 OK"
2026-07-22 14:29:46,624 INFO HTTP Request: GET http://localhost:3000/api/bot/products "HTTP/1.1 200 OK"
2026-07-22 14:29:51,219 INFO HTTP Request: GET http://localhost:3000/api/bot/orders?status=PAID "HTTP/1.1 200 OK"
2026-07-22 14:29:51,694 INFO HTTP Request: GET http://localhost:3000/api/bot/products "HTTP/1.1 200 OK"
2026-07-22 14:29:56,256 INFO HTTP Request: GET http://localhost:3000/api/bot/orders?status=PAID "HTTP/1.1 200 OK"
2026-07-22 14:29:56,746 INFO HTTP Request: GET http://localhost:3000/api/bot/products "HTTP/1.1 200 OK"
2026-07-22 14:30:01,288 INFO HTTP Request: GET http://localhost:3000/api/bot/orders?status=PAID "HTTP/1.1 200 OK"
2026-07-22 14:30:01,823 INFO HTTP Request: GET http://localhost:3000/api/bot/products "HTTP/1.1 200 OK"
2026-07-22 14:30:06,311 INFO HTTP Request: GET http://localhost:3000/api/bot/orders?status=PAID "HTTP/1.1 200 OK"
2026-07-22 14:30:06,897 INFO HTTP Request: GET http://localhost:3000/api/bot/products "HTTP/1.1 200 OK"
2026-07-22 14:30:11,344 INFO HTTP Request: GET http://localhost:3000/api/bot/orders?status=PAID "HTTP/1.1 200 OK"
2026-07-22 14:30:11,980 INFO HTTP Request: GET http://localhost:3000/api/bot/products "HTTP/1.1 200 OK"
2026-07-22 14:30:16,394 INFO HTTP Request: GET http://localhost:3000/api/bot/orders?status=PAID "HTTP/1.1 200 OK"
2026-07-22 14:30:17,047 INFO HTTP Request: GET http://localhost:3000/api/bot/products "HTTP/1.1 200 OK"
2026-07-22 14:30:21,419 INFO HTTP Request: GET http://localhost:3000/api/bot/orders?status=PAID "HTTP/1.1 200 OK"
2026-07-22 14:30:22,107 INFO HTTP Request: GET http://localhost:3000/api/bot/products "HTTP/1.1 200 OK"
2026-07-22 14:30:26,461 INFO HTTP Request: GET http://localhost:3000/api/bot/orders?status=PAID "HTTP/1.1 200 OK"
2026-07-22 14:30:27,156 INFO HTTP Request: GET http://localhost:3000/api/bot/products "HTTP/1.1 200 OK"
2026-07-22 14:30:31,510 INFO HTTP Request: GET http://localhost:3000/api/bot/orders?status=PAID "HTTP/1.1 200 OK"
2026-07-22 14:30:32,214 INFO HTTP Request: GET http://localhost:3000/api/bot/products "HTTP/1.1 200 OK"
2026-07-22 14:30:36,553 INFO HTTP Request: GET http://localhost:3000/api/bot/orders?status=PAID "HTTP/1.1 200 OK"
2026-07-22 14:30:37,306 INFO HTTP Request: GET http://localhost:3000/api/bot/products "HTTP/1.1 200 OK"
2026-07-22 14:30:41,586 INFO HTTP Request: GET http://localhost:3000/api/bot/orders?status=PAID "HTTP/1.1 200 OK"
2026-07-22 14:30:42,414 INFO HTTP Request: GET http://localhost:3000/api/bot/products "HTTP/1.1 200 OK"
2026-07-22 14:30:46,678 INFO HTTP Request: GET http://localhost:3000/api/bot/orders?status=PAID "HTTP/1.1 200 OK"
2026-07-22 14:30:47,522 INFO HTTP Request: GET http://localhost:3000/api/bot/products "HTTP/1.1 200 OK"
2026-07-22 14:30:51,737 INFO HTTP Request: GET http://localhost:3000/api/bot/orders?status=PAID "HTTP/1.1 200 OK"
2026-07-22 14:30:52,605 INFO HTTP Request: GET http://localhost:3000/api/bot/products "HTTP/1.1 200 OK"
2026-07-22 14:30:56,787 INFO HTTP Request: GET http://localhost:3000/api/bot/orders?status=PAID "HTTP/1.1 200 OK"
2026-07-22 14:30:57,680 INFO HTTP Request: GET http://localhost:3000/api/bot/products "HTTP/1.1 200 OK"
2026-07-22 14:31:01,828 INFO HTTP Request: GET http://localhost:3000/api/bot/orders?status=PAID "HTTP/1.1 200 OK"
2026-07-22 14:31:02,756 INFO HTTP Request: GET http://localhost:3000/api/bot/products "HTTP/1.1 200 OK"
2026-07-22 14:31:06,871 INFO HTTP Request: GET http://localhost:3000/api/bot/orders?status=PAID "HTTP/1.1 200 OK"
2026-07-22 14:31:07,824 INFO HTTP Request: GET http://localhost:3000/api/bot/products "HTTP/1.1 200 OK"
2026-07-22 14:31:11,939 INFO HTTP Request: GET http://localhost:3000/api/bot/orders?status=PAID "HTTP/1.1 200 OK"
2026-07-22 14:31:12,897 INFO HTTP Request: GET http://localhost:3000/api/bot/products "HTTP/1.1 200 OK"
2026-07-22 14:31:16,995 INFO HTTP Request: GET http://localhost:3000/api/bot/orders?status=PAID "HTTP/1.1 200 OK"
2026-07-22 14:31:17,983 INFO HTTP Request: GET http://localhost:3000/api/bot/products "HTTP/1.1 200 OK"
2026-07-22 14:31:22,189 INFO HTTP Request: GET http://localhost:3000/api/bot/orders?status=PAID "HTTP/1.1 200 OK"
2026-07-22 14:31:23,058 INFO HTTP Request: GET http://localhost:3000/api/bot/products "HTTP/1.1 200 OK"
2026-07-22 14:31:27,245 INFO HTTP Request: GET http://localhost:3000/api/bot/orders?status=PAID "HTTP/1.1 200 OK"
2026-07-22 14:31:28,141 INFO HTTP Request: GET http://localhost:3000/api/bot/products "HTTP/1.1 200 OK"
2026-07-22 14:31:32,312 INFO HTTP Request: GET http://localhost:3000/api/bot/orders?status=PAID "HTTP/1.1 200 OK"
2026-07-22 14:31:33,191 INFO HTTP Request: GET http://localhost:3000/api/bot/products "HTTP/1.1 200 OK"
2026-07-22 14:31:37,363 INFO HTTP Request: GET http://localhost:3000/api/bot/orders?status=PAID "HTTP/1.1 200 OK"
2026-07-22 14:31:38,248 INFO HTTP Request: GET http://localhost:3000/api/bot/products "HTTP/1.1 200 OK"
2026-07-22 14:31:42,421 INFO HTTP Request: GET http://localhost:3000/api/bot/orders?status=PAID "HTTP/1.1 200 OK"
2026-07-22 14:31:43,322 INFO HTTP Request: GET http://localhost:3000/api/bot/products "HTTP/1.1 200 OK"
2026-07-22 14:31:47,479 INFO HTTP Request: GET http://localhost:3000/api/bot/orders?status=PAID "HTTP/1.1 200 OK"
2026-07-22 14:31:48,409 INFO HTTP Request: GET http://localhost:3000/api/bot/products "HTTP/1.1 200 OK"
2026-07-22 14:31:52,539 INFO HTTP Request: GET http://localhost:3000/api/bot/orders?status=PAID "HTTP/1.1 200 OK"
2026-07-22 14:31:53,468 INFO HTTP Request: GET http://localhost:3000/api/bot/products "HTTP/1.1 200 OK"
2026-07-22 14:31:57,589 INFO HTTP Request: GET http://localhost:3000/api/bot/orders?status=PAID "HTTP/1.1 200 OK"
2026-07-22 14:31:58,529 INFO HTTP Request: GET http://localhost:3000/api/bot/products "HTTP/1.1 200 OK"
2026-07-22 14:32:02,672 INFO HTTP Request: GET http://localhost:3000/api/bot/orders?status=PAID "HTTP/1.1 200 OK"
2026-07-22 14:32:03,588 INFO HTTP Request: GET http://localhost:3000/api/bot/products "HTTP/1.1 200 OK"
2026-07-22 14:32:07,789 INFO HTTP Request: GET http://localhost:3000/api/bot/orders?status=PAID "HTTP/1.1 200 OK"
2026-07-22 14:32:08,663 INFO HTTP Request: GET http://localhost:3000/api/bot/products "HTTP/1.1 200 OK"
2026-07-22 14:32:12,839 INFO HTTP Request: GET http://localhost:3000/api/bot/orders?status=PAID "HTTP/1.1 200 OK"
2026-07-22 14:32:13,723 INFO HTTP Request: GET http://localhost:3000/api/bot/products "HTTP/1.1 200 OK"
2026-07-22 14:32:17,889 INFO HTTP Request: GET http://localhost:3000/api/bot/orders?status=PAID "HTTP/1.1 200 OK"
2026-07-22 14:32:18,778 INFO HTTP Request: GET http://localhost:3000/api/bot/products "HTTP/1.1 200 OK"
2026-07-22 14:32:22,940 INFO HTTP Request: GET http://localhost:3000/api/bot/orders?status=PAID "HTTP/1.1 200 OK"
2026-07-22 14:32:23,840 INFO HTTP Request: GET http://localhost:3000/api/bot/products "HTTP/1.1 200 OK"
