2026-07-22 15:32:36,507 INFO HTTP Request: GET http://localhost:3000/api/bot/configs "HTTP/1.1 200 OK"
2026-07-22 15:32:36,541 INFO \u0110ã kh\u1edfi \u0111\u1ed9ng runtime riêng cho shop 9
2026-07-22 15:32:39,163 INFO HTTP Request: GET http://localhost:3000/api/bot/config "HTTP/1.1 200 OK"
2026-07-22 15:32:39,635 INFO HTTP Request: GET http://localhost:3000/api/bot/configs "HTTP/1.1 200 OK"
2026-07-22 15:32:42,326 INFO Start polling
2026-07-22 15:32:42,400 INFO HTTP Request: GET http://localhost:3000/api/bot/orders?status=PAID "HTTP/1.1 200 OK"
2026-07-22 15:32:42,529 INFO HTTP Request: POST http://localhost:3000/api/bot/orders/expire "HTTP/1.1 200 OK"
2026-07-22 15:32:42,561 INFO HTTP Request: GET http://localhost:3000/api/bot/products "HTTP/1.1 200 OK"
2026-07-22 15:32:42,580 INFO Run polling for bot @n8nphancongtribot id=8723246369 - 's\u1ea3n ph\u1ea9m'
2026-07-22 15:32:42,598 INFO Run polling for bot @dhasjdh_bot id=8220761669 - 'Qu\u1ea3n lý'
2026-07-22 15:32:42,720 INFO HTTP Request: GET http://localhost:3000/api/bot/configs "HTTP/1.1 200 OK"
2026-07-22 15:32:45,786 INFO HTTP Request: GET http://localhost:3000/api/bot/configs "HTTP/1.1 200 OK"
2026-07-22 15:32:47,503 INFO HTTP Request: GET http://localhost:3000/api/bot/orders?status=PAID "HTTP/1.1 200 OK"
2026-07-22 15:32:47,661 INFO HTTP Request: POST http://localhost:3000/api/bot/orders/expire "HTTP/1.1 200 OK"
2026-07-22 15:32:47,663 INFO HTTP Request: GET http://localhost:3000/api/bot/products "HTTP/1.1 200 OK"
2026-07-22 15:32:48,846 INFO HTTP Request: GET http://localhost:3000/api/bot/configs "HTTP/1.1 200 OK"
2026-07-22 15:32:51,903 INFO HTTP Request: GET http://localhost:3000/api/bot/configs "HTTP/1.1 200 OK"
2026-07-22 15:32:52,544 INFO HTTP Request: GET http://localhost:3000/api/bot/orders?status=PAID "HTTP/1.1 200 OK"
2026-07-22 15:32:52,779 INFO HTTP Request: POST http://localhost:3000/api/bot/orders/expire "HTTP/1.1 200 OK"
2026-07-22 15:32:52,781 INFO HTTP Request: GET http://localhost:3000/api/bot/products "HTTP/1.1 200 OK"
2026-07-22 15:32:54,962 INFO HTTP Request: GET http://localhost:3000/api/bot/configs "HTTP/1.1 200 OK"
2026-07-22 15:32:57,621 INFO HTTP Request: GET http://localhost:3000/api/bot/orders?status=PAID "HTTP/1.1 200 OK"
2026-07-22 15:32:57,828 INFO HTTP Request: POST http://localhost:3000/api/bot/orders/expire "HTTP/1.1 200 OK"
2026-07-22 15:32:57,884 INFO HTTP Request: GET http://localhost:3000/api/bot/products "HTTP/1.1 200 OK"
2026-07-22 15:32:58,019 INFO HTTP Request: GET http://localhost:3000/api/bot/configs "HTTP/1.1 200 OK"
2026-07-22 15:33:01,077 INFO HTTP Request: GET http://localhost:3000/api/bot/configs "HTTP/1.1 200 OK"
2026-07-22 15:33:02,669 INFO HTTP Request: GET http://localhost:3000/api/bot/orders?status=PAID "HTTP/1.1 200 OK"
2026-07-22 15:33:02,885 INFO HTTP Request: POST http://localhost:3000/api/bot/orders/expire "HTTP/1.1 200 OK"
2026-07-22 15:33:02,953 INFO HTTP Request: GET http://localhost:3000/api/bot/products "HTTP/1.1 200 OK"
2026-07-22 15:33:04,151 INFO HTTP Request: GET http://localhost:3000/api/bot/configs "HTTP/1.1 200 OK"
2026-07-22 15:33:07,210 INFO HTTP Request: GET http://localhost:3000/api/bot/configs "HTTP/1.1 200 OK"
2026-07-22 15:33:07,728 INFO HTTP Request: GET http://localhost:3000/api/bot/orders?status=PAID "HTTP/1.1 200 OK"
2026-07-22 15:33:07,935 INFO HTTP Request: POST http://localhost:3000/api/bot/orders/expire "HTTP/1.1 200 OK"
2026-07-22 15:33:08,018 INFO HTTP Request: GET http://localhost:3000/api/bot/products "HTTP/1.1 200 OK"
2026-07-22 15:33:10,276 INFO HTTP Request: GET http://localhost:3000/api/bot/configs "HTTP/1.1 200 OK"
2026-07-22 15:33:12,810 INFO HTTP Request: GET http://localhost:3000/api/bot/orders?status=PAID "HTTP/1.1 200 OK"
2026-07-22 15:33:12,985 INFO HTTP Request: POST http://localhost:3000/api/bot/orders/expire "HTTP/1.1 200 OK"
2026-07-22 15:33:13,068 INFO HTTP Request: GET http://localhost:3000/api/bot/products "HTTP/1.1 200 OK"
2026-07-22 15:33:13,336 INFO HTTP Request: GET http://localhost:3000/api/bot/configs "HTTP/1.1 200 OK"
2026-07-22 15:33:16,384 INFO HTTP Request: GET http://localhost:3000/api/bot/configs "HTTP/1.1 200 OK"
2026-07-22 15:33:17,877 INFO HTTP Request: GET http://localhost:3000/api/bot/orders?status=PAID "HTTP/1.1 200 OK"
2026-07-22 15:33:18,052 INFO HTTP Request: POST http://localhost:3000/api/bot/orders/expire "HTTP/1.1 200 OK"
2026-07-22 15:33:18,131 INFO HTTP Request: GET http://localhost:3000/api/bot/products "HTTP/1.1 200 OK"
2026-07-22 15:33:19,444 INFO HTTP Request: GET http://localhost:3000/api/bot/configs "HTTP/1.1 200 OK"
2026-07-22 15:33:22,503 INFO HTTP Request: GET http://localhost:3000/api/bot/configs "HTTP/1.1 200 OK"
2026-07-22 15:33:22,929 INFO HTTP Request: GET http://localhost:3000/api/bot/orders?status=PAID "HTTP/1.1 200 OK"
2026-07-22 15:33:23,103 INFO HTTP Request: POST http://localhost:3000/api/bot/orders/expire "HTTP/1.1 200 OK"
2026-07-22 15:33:23,186 INFO HTTP Request: GET http://localhost:3000/api/bot/products "HTTP/1.1 200 OK"
2026-07-22 15:33:25,562 INFO HTTP Request: GET http://localhost:3000/api/bot/configs "HTTP/1.1 200 OK"
2026-07-22 15:33:27,986 INFO HTTP Request: GET http://localhost:3000/api/bot/orders?status=PAID "HTTP/1.1 200 OK"
2026-07-22 15:33:28,161 INFO HTTP Request: POST http://localhost:3000/api/bot/orders/expire "HTTP/1.1 200 OK"
2026-07-22 15:33:28,269 INFO HTTP Request: GET http://localhost:3000/api/bot/products "HTTP/1.1 200 OK"
2026-07-22 15:33:28,626 INFO HTTP Request: GET http://localhost:3000/api/bot/configs "HTTP/1.1 200 OK"
2026-07-22 15:33:31,701 INFO HTTP Request: GET http://localhost:3000/api/bot/configs "HTTP/1.1 200 OK"
2026-07-22 15:33:33,052 INFO HTTP Request: GET http://localhost:3000/api/bot/orders?status=PAID "HTTP/1.1 200 OK"
2026-07-22 15:33:33,243 INFO HTTP Request: POST http://localhost:3000/api/bot/orders/expire "HTTP/1.1 200 OK"
2026-07-22 15:33:33,336 INFO HTTP Request: GET http://localhost:3000/api/bot/products "HTTP/1.1 200 OK"
2026-07-22 15:33:34,784 INFO HTTP Request: GET http://localhost:3000/api/bot/configs "HTTP/1.1 200 OK"
2026-07-22 15:33:37,853 INFO HTTP Request: GET http://localhost:3000/api/bot/configs "HTTP/1.1 200 OK"
2026-07-22 15:33:38,118 INFO HTTP Request: GET http://localhost:3000/api/bot/orders?status=PAID "HTTP/1.1 200 OK"
2026-07-22 15:33:38,326 INFO HTTP Request: POST http://localhost:3000/api/bot/orders/expire "HTTP/1.1 200 OK"
2026-07-22 15:33:38,403 INFO HTTP Request: GET http://localhost:3000/api/bot/products "HTTP/1.1 200 OK"
2026-07-22 15:33:40,927 INFO HTTP Request: GET http://localhost:3000/api/bot/configs "HTTP/1.1 200 OK"
2026-07-22 15:33:43,201 INFO HTTP Request: GET http://localhost:3000/api/bot/orders?status=PAID "HTTP/1.1 200 OK"
2026-07-22 15:33:43,403 INFO HTTP Request: POST http://localhost:3000/api/bot/orders/expire "HTTP/1.1 200 OK"
2026-07-22 15:33:43,470 INFO HTTP Request: GET http://localhost:3000/api/bot/products "HTTP/1.1 200 OK"
2026-07-22 15:33:44,001 INFO HTTP Request: GET http://localhost:3000/api/bot/configs "HTTP/1.1 200 OK"
2026-07-22 15:33:47,081 INFO HTTP Request: GET http://localhost:3000/api/bot/configs "HTTP/1.1 200 OK"
2026-07-22 15:33:48,261 INFO HTTP Request: GET http://localhost:3000/api/bot/orders?status=PAID "HTTP/1.1 200 OK"
2026-07-22 15:33:48,463 INFO HTTP Request: POST http://localhost:3000/api/bot/orders/expire "HTTP/1.1 200 OK"
2026-07-22 15:33:48,536 INFO HTTP Request: GET http://localhost:3000/api/bot/products "HTTP/1.1 200 OK"
2026-07-22 15:33:50,136 INFO HTTP Request: GET http://localhost:3000/api/bot/configs "HTTP/1.1 200 OK"
2026-07-22 15:33:53,205 INFO HTTP Request: GET http://localhost:3000/api/bot/configs "HTTP/1.1 200 OK"
2026-07-22 15:33:53,328 INFO HTTP Request: GET http://localhost:3000/api/bot/orders?status=PAID "HTTP/1.1 200 OK"
2026-07-22 15:33:53,530 INFO HTTP Request: POST http://localhost:3000/api/bot/orders/expire "HTTP/1.1 200 OK"
2026-07-22 15:33:53,605 INFO HTTP Request: GET http://localhost:3000/api/bot/products "HTTP/1.1 200 OK"
2026-07-22 15:33:56,262 INFO HTTP Request: GET http://localhost:3000/api/bot/configs "HTTP/1.1 200 OK"
2026-07-22 15:33:58,381 INFO HTTP Request: GET http://localhost:3000/api/bot/orders?status=PAID "HTTP/1.1 200 OK"
2026-07-22 15:33:58,604 INFO HTTP Request: POST http://localhost:3000/api/bot/orders/expire "HTTP/1.1 200 OK"
2026-07-22 15:33:58,695 INFO HTTP Request: GET http://localhost:3000/api/bot/products "HTTP/1.1 200 OK"
2026-07-22 15:33:59,313 INFO HTTP Request: GET http://localhost:3000/api/bot/configs "HTTP/1.1 200 OK"
2026-07-22 15:34:02,370 INFO HTTP Request: GET http://localhost:3000/api/bot/configs "HTTP/1.1 200 OK"
2026-07-22 15:34:03,439 INFO HTTP Request: GET http://localhost:3000/api/bot/orders?status=PAID "HTTP/1.1 200 OK"
2026-07-22 15:34:03,662 INFO HTTP Request: POST http://localhost:3000/api/bot/orders/expire "HTTP/1.1 200 OK"
2026-07-22 15:34:03,781 INFO HTTP Request: GET http://localhost:3000/api/bot/products "HTTP/1.1 200 OK"
2026-07-22 15:34:05,429 INFO HTTP Request: GET http://localhost:3000/api/bot/configs "HTTP/1.1 200 OK"
2026-07-22 15:34:08,537 INFO HTTP Request: GET http://localhost:3000/api/bot/orders?status=PAID "HTTP/1.1 200 OK"
2026-07-22 15:34:08,538 INFO HTTP Request: GET http://localhost:3000/api/bot/configs "HTTP/1.1 200 OK"
2026-07-22 15:34:08,720 INFO HTTP Request: POST http://localhost:3000/api/bot/orders/expire "HTTP/1.1 200 OK"
2026-07-22 15:34:08,845 INFO HTTP Request: GET http://localhost:3000/api/bot/products "HTTP/1.1 200 OK"
2026-07-22 15:34:11,603 INFO HTTP Request: GET http://localhost:3000/api/bot/configs "HTTP/1.1 200 OK"
2026-07-22 15:34:13,603 INFO HTTP Request: GET http://localhost:3000/api/bot/orders?status=PAID "HTTP/1.1 200 OK"
2026-07-22 15:34:13,762 INFO HTTP Request: POST http://localhost:3000/api/bot/orders/expire "HTTP/1.1 200 OK"
2026-07-22 15:34:13,913 INFO HTTP Request: GET http://localhost:3000/api/bot/products "HTTP/1.1 200 OK"
2026-07-22 15:34:14,662 INFO HTTP Request: GET http://localhost:3000/api/bot/configs "HTTP/1.1 200 OK"
2026-07-22 15:34:17,720 INFO HTTP Request: GET http://localhost:3000/api/bot/configs "HTTP/1.1 200 OK"
2026-07-22 15:34:18,670 INFO HTTP Request: GET http://localhost:3000/api/bot/orders?status=PAID "HTTP/1.1 200 OK"
2026-07-22 15:34:18,812 INFO HTTP Request: POST http://localhost:3000/api/bot/orders/expire "HTTP/1.1 200 OK"
2026-07-22 15:34:18,962 INFO HTTP Request: GET http://localhost:3000/api/bot/products "HTTP/1.1 200 OK"
2026-07-22 15:34:20,771 INFO HTTP Request: GET http://localhost:3000/api/bot/configs "HTTP/1.1 200 OK"
2026-07-22 15:34:23,720 INFO HTTP Request: GET http://localhost:3000/api/bot/orders?status=PAID "HTTP/1.1 200 OK"
2026-07-22 15:34:23,820 INFO HTTP Request: GET http://localhost:3000/api/bot/configs "HTTP/1.1 200 OK"
2026-07-22 15:34:23,895 INFO HTTP Request: POST http://localhost:3000/api/bot/orders/expire "HTTP/1.1 200 OK"
2026-07-22 15:34:24,030 INFO HTTP Request: GET http://localhost:3000/api/bot/products "HTTP/1.1 200 OK"
2026-07-22 15:34:26,880 INFO HTTP Request: GET http://localhost:3000/api/bot/configs "HTTP/1.1 200 OK"
2026-07-22 15:34:28,771 INFO HTTP Request: GET http://localhost:3000/api/bot/orders?status=PAID "HTTP/1.1 200 OK"
2026-07-22 15:34:28,954 INFO HTTP Request: POST http://localhost:3000/api/bot/orders/expire "HTTP/1.1 200 OK"
2026-07-22 15:34:29,086 INFO HTTP Request: GET http://localhost:3000/api/bot/products "HTTP/1.1 200 OK"
2026-07-22 15:34:29,938 INFO HTTP Request: GET http://localhost:3000/api/bot/configs "HTTP/1.1 200 OK"
2026-07-22 15:34:32,986 INFO HTTP Request: GET http://localhost:3000/api/bot/configs "HTTP/1.1 200 OK"
2026-07-22 15:34:33,830 INFO HTTP Request: GET http://localhost:3000/api/bot/orders?status=PAID "HTTP/1.1 200 OK"
2026-07-22 15:34:34,003 INFO HTTP Request: POST http://localhost:3000/api/bot/orders/expire "HTTP/1.1 200 OK"
2026-07-22 15:34:34,147 INFO HTTP Request: GET http://localhost:3000/api/bot/products "HTTP/1.1 200 OK"
2026-07-22 15:34:36,047 INFO HTTP Request: GET http://localhost:3000/api/bot/configs "HTTP/1.1 200 OK"
2026-07-22 15:34:38,897 INFO HTTP Request: GET http://localhost:3000/api/bot/orders?status=PAID "HTTP/1.1 200 OK"
2026-07-22 15:34:39,064 INFO HTTP Request: POST http://localhost:3000/api/bot/orders/expire "HTTP/1.1 200 OK"
2026-07-22 15:34:39,137 INFO HTTP Request: GET http://localhost:3000/api/bot/configs "HTTP/1.1 200 OK"
2026-07-22 15:34:39,220 INFO HTTP Request: GET http://localhost:3000/api/bot/products "HTTP/1.1 200 OK"
2026-07-22 15:34:42,189 INFO HTTP Request: GET http://localhost:3000/api/bot/configs "HTTP/1.1 200 OK"
2026-07-22 15:34:43,956 INFO HTTP Request: GET http://localhost:3000/api/bot/orders?status=PAID "HTTP/1.1 200 OK"
2026-07-22 15:34:44,112 INFO HTTP Request: POST http://localhost:3000/api/bot/orders/expire "HTTP/1.1 200 OK"
2026-07-22 15:34:44,281 INFO HTTP Request: GET http://localhost:3000/api/bot/products "HTTP/1.1 200 OK"
2026-07-22 15:34:45,237 INFO HTTP Request: GET http://localhost:3000/api/bot/configs "HTTP/1.1 200 OK"
2026-07-22 15:34:48,290 INFO HTTP Request: GET http://localhost:3000/api/bot/configs "HTTP/1.1 200 OK"
2026-07-22 15:34:49,004 INFO HTTP Request: GET http://localhost:3000/api/bot/orders?status=PAID "HTTP/1.1 200 OK"
2026-07-22 15:34:49,184 INFO HTTP Request: POST http://localhost:3000/api/bot/orders/expire "HTTP/1.1 200 OK"
2026-07-22 15:34:49,337 INFO HTTP Request: GET http://localhost:3000/api/bot/products "HTTP/1.1 200 OK"
2026-07-22 15:34:51,356 INFO HTTP Request: GET http://localhost:3000/api/bot/configs "HTTP/1.1 200 OK"
2026-07-22 15:34:54,206 INFO HTTP Request: GET http://localhost:3000/api/bot/orders?status=PAID "HTTP/1.1 200 OK"
2026-07-22 15:34:54,415 INFO HTTP Request: POST http://localhost:3000/api/bot/orders/expire "HTTP/1.1 200 OK"
2026-07-22 15:34:54,819 INFO HTTP Request: GET http://localhost:3000/api/bot/products "HTTP/1.1 200 OK"
2026-07-22 15:34:54,830 INFO HTTP Request: GET http://localhost:3000/api/bot/configs "HTTP/1.1 200 OK"
2026-07-22 15:34:58,005 INFO HTTP Request: GET http://localhost:3000/api/bot/configs "HTTP/1.1 200 OK"
2026-07-22 15:34:59,392 INFO HTTP Request: GET http://localhost:3000/api/bot/orders?status=PAID "HTTP/1.1 200 OK"
2026-07-22 15:34:59,617 INFO HTTP Request: POST http://localhost:3000/api/bot/orders/expire "HTTP/1.1 200 OK"
2026-07-22 15:35:00,007 INFO HTTP Request: GET http://localhost:3000/api/bot/products "HTTP/1.1 200 OK"
2026-07-22 15:35:01,447 INFO HTTP Request: GET http://localhost:3000/api/bot/configs "HTTP/1.1 200 OK"
2026-07-22 15:35:04,457 INFO HTTP Request: GET http://localhost:3000/api/bot/orders?status=PAID "HTTP/1.1 200 OK"
2026-07-22 15:35:04,530 INFO HTTP Request: GET http://localhost:3000/api/bot/configs "HTTP/1.1 200 OK"
2026-07-22 15:35:04,688 INFO HTTP Request: POST http://localhost:3000/api/bot/orders/expire "HTTP/1.1 200 OK"
2026-07-22 15:35:05,073 INFO HTTP Request: GET http://localhost:3000/api/bot/products "HTTP/1.1 200 OK"
2026-07-22 15:35:07,614 INFO HTTP Request: GET http://localhost:3000/api/bot/configs "HTTP/1.1 200 OK"
2026-07-22 15:35:09,531 INFO HTTP Request: GET http://localhost:3000/api/bot/orders?status=PAID "HTTP/1.1 200 OK"
2026-07-22 15:35:09,762 INFO HTTP Request: POST http://localhost:3000/api/bot/orders/expire "HTTP/1.1 200 OK"
2026-07-22 15:35:10,155 INFO HTTP Request: GET http://localhost:3000/api/bot/products "HTTP/1.1 200 OK"
2026-07-22 15:35:10,679 INFO HTTP Request: GET http://localhost:3000/api/bot/configs "HTTP/1.1 200 OK"
2026-07-22 15:35:13,747 INFO HTTP Request: GET http://localhost:3000/api/bot/configs "HTTP/1.1 200 OK"
2026-07-22 15:35:14,596 INFO HTTP Request: GET http://localhost:3000/api/bot/orders?status=PAID "HTTP/1.1 200 OK"
2026-07-22 15:35:14,839 INFO HTTP Request: POST http://localhost:3000/api/bot/orders/expire "HTTP/1.1 200 OK"
2026-07-22 15:35:15,213 INFO HTTP Request: GET http://localhost:3000/api/bot/products "HTTP/1.1 200 OK"
2026-07-22 15:35:16,824 INFO HTTP Request: GET http://localhost:3000/api/bot/configs "HTTP/1.1 200 OK"
2026-07-22 15:35:19,671 INFO HTTP Request: GET http://localhost:3000/api/bot/orders?status=PAID "HTTP/1.1 200 OK"
2026-07-22 15:35:19,906 INFO HTTP Request: GET http://localhost:3000/api/bot/configs "HTTP/1.1 200 OK"
2026-07-22 15:35:19,964 INFO HTTP Request: POST http://localhost:3000/api/bot/orders/expire "HTTP/1.1 200 OK"
2026-07-22 15:35:20,288 INFO HTTP Request: GET http://localhost:3000/api/bot/products "HTTP/1.1 200 OK"
2026-07-22 15:35:22,962 INFO HTTP Request: GET http://localhost:3000/api/bot/configs "HTTP/1.1 200 OK"
2026-07-22 15:35:24,746 INFO HTTP Request: GET http://localhost:3000/api/bot/orders?status=PAID "HTTP/1.1 200 OK"
2026-07-22 15:35:25,048 INFO HTTP Request: POST http://localhost:3000/api/bot/orders/expire "HTTP/1.1 200 OK"
2026-07-22 15:35:25,351 INFO HTTP Request: GET http://localhost:3000/api/bot/products "HTTP/1.1 200 OK"
2026-07-22 15:35:26,033 INFO HTTP Request: GET http://localhost:3000/api/bot/configs "HTTP/1.1 200 OK"
2026-07-22 15:35:29,098 INFO HTTP Request: GET http://localhost:3000/api/bot/configs "HTTP/1.1 200 OK"
2026-07-22 15:35:29,798 INFO HTTP Request: GET http://localhost:3000/api/bot/orders?status=PAID "HTTP/1.1 200 OK"
2026-07-22 15:35:30,113 INFO HTTP Request: POST http://localhost:3000/api/bot/orders/expire "HTTP/1.1 200 OK"
2026-07-22 15:35:30,404 INFO HTTP Request: GET http://localhost:3000/api/bot/products "HTTP/1.1 200 OK"
2026-07-22 15:35:32,176 INFO HTTP Request: GET http://localhost:3000/api/bot/configs "HTTP/1.1 200 OK"
2026-07-22 15:35:34,863 INFO HTTP Request: GET http://localhost:3000/api/bot/orders?status=PAID "HTTP/1.1 200 OK"
2026-07-22 15:35:35,176 INFO HTTP Request: POST http://localhost:3000/api/bot/orders/expire "HTTP/1.1 200 OK"
2026-07-22 15:35:35,243 INFO HTTP Request: GET http://localhost:3000/api/bot/configs "HTTP/1.1 200 OK"
2026-07-22 15:35:35,469 INFO HTTP Request: GET http://localhost:3000/api/bot/products "HTTP/1.1 200 OK"
2026-07-22 15:35:38,310 INFO HTTP Request: GET http://localhost:3000/api/bot/configs "HTTP/1.1 200 OK"
2026-07-22 15:35:39,930 INFO HTTP Request: GET http://localhost:3000/api/bot/orders?status=PAID "HTTP/1.1 200 OK"
2026-07-22 15:35:40,229 INFO HTTP Request: POST http://localhost:3000/api/bot/orders/expire "HTTP/1.1 200 OK"
2026-07-22 15:35:40,530 INFO HTTP Request: GET http://localhost:3000/api/bot/products "HTTP/1.1 200 OK"
2026-07-22 15:35:41,371 INFO HTTP Request: GET http://localhost:3000/api/bot/configs "HTTP/1.1 200 OK"
2026-07-22 15:35:44,430 INFO HTTP Request: GET http://localhost:3000/api/bot/configs "HTTP/1.1 200 OK"
2026-07-22 15:35:44,988 INFO HTTP Request: GET http://localhost:3000/api/bot/orders?status=PAID "HTTP/1.1 200 OK"
2026-07-22 15:35:45,300 INFO HTTP Request: POST http://localhost:3000/api/bot/orders/expire "HTTP/1.1 200 OK"
2026-07-22 15:35:45,588 INFO HTTP Request: GET http://localhost:3000/api/bot/products "HTTP/1.1 200 OK"
2026-07-22 15:35:47,504 INFO HTTP Request: GET http://localhost:3000/api/bot/configs "HTTP/1.1 200 OK"
2026-07-22 15:35:50,038 INFO HTTP Request: GET http://localhost:3000/api/bot/orders?status=PAID "HTTP/1.1 200 OK"
2026-07-22 15:35:50,371 INFO HTTP Request: POST http://localhost:3000/api/bot/orders/expire "HTTP/1.1 200 OK"
2026-07-22 15:35:50,565 INFO HTTP Request: GET http://localhost:3000/api/bot/configs "HTTP/1.1 200 OK"
2026-07-22 15:35:50,648 INFO HTTP Request: GET http://localhost:3000/api/bot/products "HTTP/1.1 200 OK"
2026-07-22 15:35:53,632 INFO HTTP Request: GET http://localhost:3000/api/bot/configs "HTTP/1.1 200 OK"
2026-07-22 15:35:55,080 INFO HTTP Request: GET http://localhost:3000/api/bot/orders?status=PAID "HTTP/1.1 200 OK"
2026-07-22 15:35:55,437 INFO HTTP Request: POST http://localhost:3000/api/bot/orders/expire "HTTP/1.1 200 OK"
2026-07-22 15:35:55,729 INFO HTTP Request: GET http://localhost:3000/api/bot/products "HTTP/1.1 200 OK"
2026-07-22 15:35:56,720 INFO HTTP Request: GET http://localhost:3000/api/bot/configs "HTTP/1.1 200 OK"
2026-07-22 15:35:59,812 INFO HTTP Request: GET http://localhost:3000/api/bot/configs "HTTP/1.1 200 OK"
2026-07-22 15:36:00,163 INFO HTTP Request: GET http://localhost:3000/api/bot/orders?status=PAID "HTTP/1.1 200 OK"
2026-07-22 15:36:00,496 INFO HTTP Request: POST http://localhost:3000/api/bot/orders/expire "HTTP/1.1 200 OK"
2026-07-22 15:36:00,804 INFO HTTP Request: GET http://localhost:3000/api/bot/products "HTTP/1.1 200 OK"
2026-07-22 15:36:02,871 INFO HTTP Request: GET http://localhost:3000/api/bot/configs "HTTP/1.1 200 OK"
2026-07-22 15:36:05,233 INFO HTTP Request: GET http://localhost:3000/api/bot/orders?status=PAID "HTTP/1.1 200 OK"
2026-07-22 15:36:05,581 INFO HTTP Request: POST http://localhost:3000/api/bot/orders/expire "HTTP/1.1 200 OK"
2026-07-22 15:36:05,881 INFO HTTP Request: GET http://localhost:3000/api/bot/products "HTTP/1.1 200 OK"
2026-07-22 15:36:05,955 INFO HTTP Request: GET http://localhost:3000/api/bot/configs "HTTP/1.1 200 OK"
2026-07-22 15:36:09,014 INFO HTTP Request: GET http://localhost:3000/api/bot/configs "HTTP/1.1 200 OK"
2026-07-22 15:36:10,306 INFO HTTP Request: GET http://localhost:3000/api/bot/orders?status=PAID "HTTP/1.1 200 OK"
2026-07-22 15:36:10,629 INFO HTTP Request: POST http://localhost:3000/api/bot/orders/expire "HTTP/1.1 200 OK"
2026-07-22 15:36:10,947 INFO HTTP Request: GET http://localhost:3000/api/bot/products "HTTP/1.1 200 OK"
2026-07-22 15:36:12,081 INFO HTTP Request: GET http://localhost:3000/api/bot/configs "HTTP/1.1 200 OK"
2026-07-22 15:36:15,140 INFO HTTP Request: GET http://localhost:3000/api/bot/configs "HTTP/1.1 200 OK"
2026-07-22 15:36:15,355 INFO HTTP Request: GET http://localhost:3000/api/bot/orders?status=PAID "HTTP/1.1 200 OK"
2026-07-22 15:36:15,680 INFO HTTP Request: POST http://localhost:3000/api/bot/orders/expire "HTTP/1.1 200 OK"
2026-07-22 15:36:16,005 INFO HTTP Request: GET http://localhost:3000/api/bot/products "HTTP/1.1 200 OK"
2026-07-22 15:36:18,207 INFO HTTP Request: GET http://localhost:3000/api/bot/configs "HTTP/1.1 200 OK"
2026-07-22 15:36:20,424 INFO HTTP Request: GET http://localhost:3000/api/bot/orders?status=PAID "HTTP/1.1 200 OK"
2026-07-22 15:36:20,771 INFO HTTP Request: POST http://localhost:3000/api/bot/orders/expire "HTTP/1.1 200 OK"
2026-07-22 15:36:21,055 INFO HTTP Request: GET http://localhost:3000/api/bot/products "HTTP/1.1 200 OK"
2026-07-22 15:36:21,266 INFO HTTP Request: GET http://localhost:3000/api/bot/configs "HTTP/1.1 200 OK"
2026-07-22 15:36:24,316 INFO HTTP Request: GET http://localhost:3000/api/bot/configs "HTTP/1.1 200 OK"
2026-07-22 15:36:25,505 INFO HTTP Request: GET http://localhost:3000/api/bot/orders?status=PAID "HTTP/1.1 200 OK"
2026-07-22 15:36:25,864 INFO HTTP Request: POST http://localhost:3000/api/bot/orders/expire "HTTP/1.1 200 OK"
2026-07-22 15:36:26,139 INFO HTTP Request: GET http://localhost:3000/api/bot/products "HTTP/1.1 200 OK"
2026-07-22 15:36:27,398 INFO HTTP Request: GET http://localhost:3000/api/bot/configs "HTTP/1.1 200 OK"
2026-07-22 15:36:30,639 INFO HTTP Request: GET http://localhost:3000/api/bot/orders?status=PAID "HTTP/1.1 200 OK"
2026-07-22 15:36:30,639 INFO HTTP Request: GET http://localhost:3000/api/bot/configs "HTTP/1.1 200 OK"
2026-07-22 15:36:30,925 INFO HTTP Request: POST http://localhost:3000/api/bot/orders/expire "HTTP/1.1 200 OK"
2026-07-22 15:36:31,214 INFO HTTP Request: GET http://localhost:3000/api/bot/products "HTTP/1.1 200 OK"
2026-07-22 15:36:33,726 INFO HTTP Request: GET http://localhost:3000/api/bot/configs "HTTP/1.1 200 OK"
2026-07-22 15:36:35,705 INFO HTTP Request: GET http://localhost:3000/api/bot/orders?status=PAID "HTTP/1.1 200 OK"
2026-07-22 15:36:36,006 INFO HTTP Request: POST http://localhost:3000/api/bot/orders/expire "HTTP/1.1 200 OK"
2026-07-22 15:36:36,298 INFO HTTP Request: GET http://localhost:3000/api/bot/products "HTTP/1.1 200 OK"
2026-07-22 15:36:36,810 INFO HTTP Request: GET http://localhost:3000/api/bot/configs "HTTP/1.1 200 OK"
2026-07-22 15:36:39,889 INFO HTTP Request: GET http://localhost:3000/api/bot/configs "HTTP/1.1 200 OK"
2026-07-22 15:36:40,802 INFO HTTP Request: GET http://localhost:3000/api/bot/orders?status=PAID "HTTP/1.1 200 OK"
2026-07-22 15:36:41,050 INFO HTTP Request: POST http://localhost:3000/api/bot/orders/expire "HTTP/1.1 200 OK"
2026-07-22 15:36:41,365 INFO HTTP Request: GET http://localhost:3000/api/bot/products "HTTP/1.1 200 OK"
2026-07-22 15:36:42,948 INFO HTTP Request: GET http://localhost:3000/api/bot/configs "HTTP/1.1 200 OK"
2026-07-22 15:36:45,864 INFO HTTP Request: GET http://localhost:3000/api/bot/orders?status=PAID "HTTP/1.1 200 OK"
2026-07-22 15:36:46,017 INFO HTTP Request: GET http://localhost:3000/api/bot/configs "HTTP/1.1 200 OK"
2026-07-22 15:36:46,114 INFO HTTP Request: POST http://localhost:3000/api/bot/orders/expire "HTTP/1.1 200 OK"
2026-07-22 15:36:46,430 INFO HTTP Request: GET http://localhost:3000/api/bot/products "HTTP/1.1 200 OK"
2026-07-22 15:36:49,073 INFO HTTP Request: GET http://localhost:3000/api/bot/configs "HTTP/1.1 200 OK"
2026-07-22 15:36:50,933 INFO HTTP Request: GET http://localhost:3000/api/bot/orders?status=PAID "HTTP/1.1 200 OK"
2026-07-22 15:36:51,156 INFO HTTP Request: POST http://localhost:3000/api/bot/orders/expire "HTTP/1.1 200 OK"
2026-07-22 15:36:51,505 INFO HTTP Request: GET http://localhost:3000/api/bot/products "HTTP/1.1 200 OK"
2026-07-22 15:36:52,124 INFO HTTP Request: GET http://localhost:3000/api/bot/configs "HTTP/1.1 200 OK"
2026-07-22 15:36:55,183 INFO HTTP Request: GET http://localhost:3000/api/bot/configs "HTTP/1.1 200 OK"
