2026-07-22 14:21:39,613 INFO HTTP Request: GET http://localhost:3000/api/bot/config "HTTP/1.1 200 OK"
2026-07-22 14:21:41,774 INFO Start polling
2026-07-22 14:21:41,829 INFO HTTP Request: GET http://localhost:3000/api/bot/orders?status=PAID "HTTP/1.1 200 OK"
2026-07-22 14:21:42,010 INFO Run polling for bot @dhasjdh_bot id=8220761669 - 'Qu\u1ea3n lý'
2026-07-22 14:21:42,504 INFO Run polling for bot @n8nphancongtribot id=8723246369 - 's\u1ea3n ph\u1ea9m'
2026-07-22 14:21:46,904 INFO HTTP Request: GET http://localhost:3000/api/bot/orders?status=PAID "HTTP/1.1 200 OK"
2026-07-22 14:21:51,979 INFO HTTP Request: GET http://localhost:3000/api/bot/orders?status=PAID "HTTP/1.1 200 OK"
2026-07-22 14:21:57,054 INFO HTTP Request: GET http://localhost:3000/api/bot/orders?status=PAID "HTTP/1.1 200 OK"
2026-07-22 14:22:02,137 INFO HTTP Request: GET http://localhost:3000/api/bot/orders?status=PAID "HTTP/1.1 200 OK"
2026-07-22 14:22:07,172 INFO HTTP Request: GET http://localhost:3000/api/bot/orders?status=PAID "HTTP/1.1 200 OK"
2026-07-22 14:22:12,206 INFO HTTP Request: GET http://localhost:3000/api/bot/orders?status=PAID "HTTP/1.1 200 OK"
2026-07-22 14:22:17,240 INFO HTTP Request: GET http://localhost:3000/api/bot/orders?status=PAID "HTTP/1.1 200 OK"
2026-07-22 14:22:22,296 INFO HTTP Request: GET http://localhost:3000/api/bot/orders?status=PAID "HTTP/1.1 200 OK"
2026-07-22 14:22:27,419 INFO HTTP Request: GET http://localhost:3000/api/bot/orders?status=PAID "HTTP/1.1 200 OK"
2026-07-22 14:22:32,479 INFO HTTP Request: GET http://localhost:3000/api/bot/orders?status=PAID "HTTP/1.1 200 OK"
2026-07-22 14:22:37,547 INFO HTTP Request: GET http://localhost:3000/api/bot/orders?status=PAID "HTTP/1.1 200 OK"
2026-07-22 14:22:42,577 INFO HTTP Request: GET http://localhost:3000/api/bot/orders?status=PAID "HTTP/1.1 200 OK"
2026-07-22 14:22:47,629 INFO HTTP Request: GET http://localhost:3000/api/bot/orders?status=PAID "HTTP/1.1 200 OK"
2026-07-22 14:22:52,680 INFO HTTP Request: GET http://localhost:3000/api/bot/orders?status=PAID "HTTP/1.1 200 OK"
2026-07-22 14:22:57,746 INFO HTTP Request: GET http://localhost:3000/api/bot/orders?status=PAID "HTTP/1.1 200 OK"
2026-07-22 14:23:02,794 INFO HTTP Request: GET http://localhost:3000/api/bot/orders?status=PAID "HTTP/1.1 200 OK"
2026-07-22 14:23:07,848 INFO HTTP Request: GET http://localhost:3000/api/bot/orders?status=PAID "HTTP/1.1 200 OK"
2026-07-22 14:23:12,907 INFO HTTP Request: GET http://localhost:3000/api/bot/orders?status=PAID "HTTP/1.1 200 OK"
2026-07-22 14:23:17,956 INFO HTTP Request: GET http://localhost:3000/api/bot/orders?status=PAID "HTTP/1.1 200 OK"
